<?xml version="1.0" encoding="UTF-8"?>
<!-- Generated by org.testng.reporters.JUnitXMLReporter -->
<testsuite ignored="0" hostname="DESKTOP-L48DKLF" failures="2" tests="13" name="Test" time="700.337" errors="0" timestamp="2024-06-27T23:18:29 IST">
  <testcase classname="test.SignUpTest" name="signUp_ValidCredential" time="35.983"/>
  <testcase classname="test.SignUpTest" name="signUp_InValidCredential" time="32.974"/>
  <testcase classname="test.LogInTest" name="login_ValidCred" time="19.028"/>
  <testcase classname="test.SearchFlightTest" name="oneWayBooking" time="6.049"/>
  <testcase classname="test.SearchFlightTest" name="roundTripBooking" time="13.552"/>
  <testcase classname="test.SearchFlightTest" name="performWebCheckIn" time="2.178"/>
  <testcase classname="test.SearchFlightTest" name="checkFlightStatus" time="3.59"/>
  <testcase classname="test.SearchFlightTest" name="manageBooking" time="3.426">
    <failure type="org.openqa.selenium.ElementClickInterceptedException" message="element click intercepted: Element &amp;lt;circle cx=&amp;quot;9&amp;quot; cy=&amp;quot;9&amp;quot; r=&amp;quot;8&amp;quot; fill=&amp;quot;#FFF&amp;quot; fill-rule=&amp;quot;evenodd&amp;quot; stroke=&amp;quot;#DDDDDD&amp;quot; stroke-width=&amp;quot;2&amp;quot;&amp;gt;&amp;lt;/circle&amp;gt; is not clickable at point (1312, 266). Other element would receive the click: &amp;lt;div class=&amp;quot;css-1dbjc4n r-1d09ksm r-18u37iz&amp;quot;&amp;gt;...&amp;lt;/div&amp;gt;
  (Session info: chrome=126.0.6478.126)
Build info: version: &amp;apos;4.20.0&amp;apos;, revision: &amp;apos;866c76ca80&amp;apos;
System info: os.name: &amp;apos;Windows 10&amp;apos;, os.arch: &amp;apos;amd64&amp;apos;, os.version: &amp;apos;10.0&amp;apos;, java.version: &amp;apos;17.0.10&amp;apos;
Driver info: org.openqa.selenium.chrome.ChromeDriver
Command: [cba374fa5a8c843904e7ea82442fe977, clickElement {id=f.F341D1F08E34739BC514F22F9AE816CF.d.343843424C743A4FF913BDCCBEBA1D23.e.3084}]
Capabilities {acceptInsecureCerts: false, browserName: chrome, browserVersion: 126.0.6478.126, chrome: {chromedriverVersion: 126.0.6478.126 (d36ace6122e..., userDataDir: C:\Users\Admin\AppData\Loca...}, fedcm:accounts: true, goog:chromeOptions: {debuggerAddress: localhost:56346}, networkConnectionEnabled: false, pageLoadStrategy: normal, platformName: windows, proxy: Proxy(), se:cdp: ws://localhost:56346/devtoo..., se:cdpVersion: 126.0.6478.126, setWindowRect: true, strictFileInteractability: false, timeouts: {implicit: 0, pageLoad: 300000, script: 30000}, unhandledPromptBehavior: dismiss and notify, webauthn:extension:credBlob: true, webauthn:extension:largeBlob: true, webauthn:extension:minPinLength: true, webauthn:extension:prf: true, webauthn:virtualAuthenticators: true}
Element: [[ChromeDriver: chrome on windows (cba374fa5a8c843904e7ea82442fe977)] -&amp;gt; xpath: //div[text()=&amp;apos;Email&amp;apos;]/parent::div/preceding-sibling::div//*[local-name()=&amp;apos;svg&amp;apos;]/*[local-name()=&amp;apos;circle&amp;apos;]]
Session ID: cba374fa5a8c843904e7ea82442fe977">
      <![CDATA[org.openqa.selenium.ElementClickInterceptedException: element click intercepted: Element <circle cx="9" cy="9" r="8" fill="#FFF" fill-rule="evenodd" stroke="#DDDDDD" stroke-width="2"></circle> is not clickable at point (1312, 266). Other element would receive the click: <div class="css-1dbjc4n r-1d09ksm r-18u37iz">...</div>
  (Session info: chrome=126.0.6478.126)
Build info: version: '4.20.0', revision: '866c76ca80'
System info: os.name: 'Windows 10', os.arch: 'amd64', os.version: '10.0', java.version: '17.0.10'
Driver info: org.openqa.selenium.chrome.ChromeDriver
Command: [cba374fa5a8c843904e7ea82442fe977, clickElement {id=f.F341D1F08E34739BC514F22F9AE816CF.d.343843424C743A4FF913BDCCBEBA1D23.e.3084}]
Capabilities {acceptInsecureCerts: false, browserName: chrome, browserVersion: 126.0.6478.126, chrome: {chromedriverVersion: 126.0.6478.126 (d36ace6122e..., userDataDir: C:\Users\Admin\AppData\Loca...}, fedcm:accounts: true, goog:chromeOptions: {debuggerAddress: localhost:56346}, networkConnectionEnabled: false, pageLoadStrategy: normal, platformName: windows, proxy: Proxy(), se:cdp: ws://localhost:56346/devtoo..., se:cdpVersion: 126.0.6478.126, setWindowRect: true, strictFileInteractability: false, timeouts: {implicit: 0, pageLoad: 300000, script: 30000}, unhandledPromptBehavior: dismiss and notify, webauthn:extension:credBlob: true, webauthn:extension:largeBlob: true, webauthn:extension:minPinLength: true, webauthn:extension:prf: true, webauthn:virtualAuthenticators: true}
Element: [[ChromeDriver: chrome on windows (cba374fa5a8c843904e7ea82442fe977)] -> xpath: //div[text()='Email']/parent::div/preceding-sibling::div//*[local-name()='svg']/*[local-name()='circle']]
Session ID: cba374fa5a8c843904e7ea82442fe977
at org.openqa.selenium.remote.ErrorCodec.decode(ErrorCodec.java:167)
at org.openqa.selenium.remote.codec.w3c.W3CHttpResponseCodec.decode(W3CHttpResponseCodec.java:138)
at org.openqa.selenium.remote.codec.w3c.W3CHttpResponseCodec.decode(W3CHttpResponseCodec.java:50)
at org.openqa.selenium.remote.HttpCommandExecutor.execute(HttpCommandExecutor.java:190)
at org.openqa.selenium.remote.service.DriverCommandExecutor.invokeExecute(DriverCommandExecutor.java:216)
at org.openqa.selenium.remote.service.DriverCommandExecutor.execute(DriverCommandExecutor.java:174)
at org.openqa.selenium.remote.RemoteWebDriver.execute(RemoteWebDriver.java:518)
at org.openqa.selenium.remote.RemoteWebElement.execute(RemoteWebElement.java:223)
at org.openqa.selenium.remote.RemoteWebElement.click(RemoteWebElement.java:76)
at org.openqa.selenium.support.pagefactory.internal.LocatingElementHandler.invoke(LocatingElementHandler.java:51)
at jdk.proxy2/jdk.proxy2.$Proxy19.click(Unknown Source)
at pages.LogInPage.logInUser(LogInPage.java:40)
at pages.SearchFlightPage.view_or_manageBooking(SearchFlightPage.java:147)
at test.SearchFlightTest.manageBooking(SearchFlightTest.java:48)
at java.base/java.util.ArrayList.forEach(ArrayList.java:1511)
... Removed 35 stack frames]]>
    </failure>
  </testcase> <!-- manageBooking -->
  <testcase classname="test.FlightSelectionTest" name="flightSelection_OneWayBooking" time="39.596"/>
  <testcase classname="test.FlightSelectionTest" name="flightSelection_RoundTripBooking" time="48.947"/>
  <testcase classname="test.BookingTest" name="bookingDetails" time="56.116"/>
  <testcase classname="test.AddOnsTest" name="bookingDetails" time="105.442"/>
  <testcase classname="test.PrePaymentTest" name="selectPaymentMethods" time="147.389">
    <failure type="java.lang.AssertionError" message="url should not remain same expected [false] but found [true]">
      <![CDATA[java.lang.AssertionError: url should not remain same expected [false] but found [true]
at pages.PrePaymentPage.enterCredit_DebitCardDetails(PrePaymentPage.java:70)
at test.PrePaymentTest.selectPaymentMethods(PrePaymentTest.java:32)
at java.base/java.util.ArrayList.forEach(ArrayList.java:1511)
... Removed 30 stack frames]]>
    </failure>
  </testcase> <!-- selectPaymentMethods -->
</testsuite> <!-- Test -->
