<html>
<head>
<title>TestNG:  Test</title>
<link href="../testng.css" rel="stylesheet" type="text/css" />
<link href="../my-testng.css" rel="stylesheet" type="text/css" />

<style type="text/css">
.log { display: none;} 
.stack-trace { display: none;} 
</style>
<script type="text/javascript">
<!--
function flip(e) {
  current = e.style.display;
  if (current == 'block') {
    e.style.display = 'none';
    return 0;
  }
  else {
    e.style.display = 'block';
    return 1;
  }
}

function toggleBox(szDivId, elem, msg1, msg2)
{
  var res = -1;  if (document.getElementById) {
    res = flip(document.getElementById(szDivId));
  }
  else if (document.all) {
    // this is the way old msie versions work
    res = flip(document.all[szDivId]);
  }
  if(elem) {
    if(res == 0) elem.innerHTML = msg1; else elem.innerHTML = msg2;
  }

}

function toggleAllBoxes() {
  if (document.getElementsByTagName) {
    d = document.getElementsByTagName('div');
    for (i = 0; i < d.length; i++) {
      if (d[i].className == 'log') {
        flip(d[i]);
      }
    }
  }
}

// -->
</script>

</head>
<body>
<h2 align='center'>Test</h2><table border='1' align="center">
<tr>
<td>Tests passed/Failed/Skipped:</td><td>11/2/0</td>
</tr><tr>
<td>Started on:</td><td>Thu Jun 27 23:06:48 IST 2024</td>
</tr>
<tr><td>Total time:</td><td>700 seconds (700337 ms)</td>
</tr><tr>
<td>Included groups:</td><td></td>
</tr><tr>
<td>Excluded groups:</td><td></td>
</tr>
</table><p/>
<small><i>(Hover the method name to see the test class name)</i></small><p/>
<table width='100%' border='1' class='invocation-failed'>
<tr><td colspan='4' align='center'><b>FAILED TESTS</b></td></tr>
<tr><td><b>Test method</b></td>
<td><b>Attribute(s)</b></td>
<td width="30%"><b>Exception</b></td>
<td width="10%"><b>Time (seconds)</b></td>
<td><b>Instance</b></td>
</tr>
<tr>
<td title='test.PrePaymentTest.selectPaymentMethods()'><b>selectPaymentMethods</b><br>Test class: test.PrePaymentTest<br>Parameters: qaautomationtest111@gmail.com, Automation@123, Bengaluru, Kolkata, 25, July, 2024, SG 8531, SpiceMax, Miss, Manya, Krish, 9876543210, qaautomationtest111@gmail.com, India, Delhi, 3B, Raseele chole, 12345, Manya, 12, 28, 321</td>
<td><div><pre>java.lang.AssertionError: url should not remain same expected [false] but found [true]
	at pages.PrePaymentPage.enterCredit_DebitCardDetails(PrePaymentPage.java:70)
	at test.PrePaymentTest.selectPaymentMethods(PrePaymentTest.java:32)
	at java.base/java.util.ArrayList.forEach(ArrayList.java:1511)
... Removed 30 stack frames</pre></div><a href='#' onClick='toggleBox("stack-trace1515772738", this, "Click to show all stack frames", "Click to hide stack frames")'>Click to show all stack frames</a>
<div class='stack-trace' id='stack-trace1515772738'><pre>java.lang.AssertionError: url should not remain same expected [false] but found [true]
	at org.testng.Assert.fail(Assert.java:111)
	at org.testng.Assert.failNotEquals(Assert.java:1578)
	at org.testng.Assert.assertFalse(Assert.java:79)
	at pages.PrePaymentPage.enterCredit_DebitCardDetails(PrePaymentPage.java:70)
	at test.PrePaymentTest.selectPaymentMethods(PrePaymentTest.java:32)
	at java.base/jdk.internal.reflect.NativeMethodAccessorImpl.invoke0(Native Method)
	at java.base/jdk.internal.reflect.NativeMethodAccessorImpl.invoke(NativeMethodAccessorImpl.java:77)
	at java.base/jdk.internal.reflect.DelegatingMethodAccessorImpl.invoke(DelegatingMethodAccessorImpl.java:43)
	at java.base/java.lang.reflect.Method.invoke(Method.java:568)
	at org.testng.internal.invokers.MethodInvocationHelper.invokeMethod(MethodInvocationHelper.java:141)
	at org.testng.internal.invokers.TestInvoker.invokeMethod(TestInvoker.java:686)
	at org.testng.internal.invokers.TestInvoker.invokeTestMethod(TestInvoker.java:230)
	at org.testng.internal.invokers.MethodRunner.runInSequence(MethodRunner.java:63)
	at org.testng.internal.invokers.TestInvoker$MethodInvocationAgent.invoke(TestInvoker.java:992)
	at org.testng.internal.invokers.TestInvoker.invokeTestMethods(TestInvoker.java:203)
	at org.testng.internal.invokers.TestMethodWorker.invokeTestMethods(TestMethodWorker.java:154)
	at org.testng.internal.invokers.TestMethodWorker.run(TestMethodWorker.java:134)
	at java.base/java.util.ArrayList.forEach(ArrayList.java:1511)
	at org.testng.TestRunner.privateRun(TestRunner.java:739)
	at org.testng.TestRunner.run(TestRunner.java:614)
	at org.testng.SuiteRunner.runTest(SuiteRunner.java:421)
	at org.testng.SuiteRunner.runSequentially(SuiteRunner.java:413)
	at org.testng.SuiteRunner.privateRun(SuiteRunner.java:373)
	at org.testng.SuiteRunner.run(SuiteRunner.java:312)
	at org.testng.SuiteRunnerWorker.runSuite(SuiteRunnerWorker.java:52)
	at org.testng.SuiteRunnerWorker.run(SuiteRunnerWorker.java:95)
	at org.testng.TestNG.runSuitesSequentially(TestNG.java:1274)
	at org.testng.TestNG.runSuitesLocally(TestNG.java:1208)
	at org.testng.TestNG.runSuites(TestNG.java:1112)
	at org.testng.TestNG.run(TestNG.java:1079)
	at org.testng.remote.AbstractRemoteTestNG.run(AbstractRemoteTestNG.java:115)
	at org.testng.remote.RemoteTestNG.initAndRun(RemoteTestNG.java:293)
	at org.testng.remote.RemoteTestNG.main(RemoteTestNG.java:91)
</pre></div></td>
<td>147</td>
<td>test.PrePaymentTest@24105dc5</td></tr>
<tr>
<td title='test.SearchFlightTest.manageBooking()'><b>manageBooking</b><br>Test class: test.SearchFlightTest<br>Parameters: 2345, qaautomationtest111@gmail.com, Automation@123</td>
<td><div><pre>org.openqa.selenium.ElementClickInterceptedException: element click intercepted: Element &lt;circle cx=&quot;9&quot; cy=&quot;9&quot; r=&quot;8&quot; fill=&quot;#FFF&quot; fill-rule=&quot;evenodd&quot; stroke=&quot;#DDDDDD&quot; stroke-width=&quot;2&quot;&gt;&lt;/circle&gt; is not clickable at point (1312, 266). Other element would receive the click: &lt;div class=&quot;css-1dbjc4n r-1d09ksm r-18u37iz&quot;&gt;...&lt;/div&gt;
  (Session info: chrome=126.0.6478.126)
Build info: version: &apos;4.20.0&apos;, revision: &apos;866c76ca80&apos;
System info: os.name: &apos;Windows 10&apos;, os.arch: &apos;amd64&apos;, os.version: &apos;10.0&apos;, java.version: &apos;17.0.10&apos;
Driver info: org.openqa.selenium.chrome.ChromeDriver
Command: [cba374fa5a8c843904e7ea82442fe977, clickElement {id=f.F341D1F08E34739BC514F22F9AE816CF.d.343843424C743A4FF913BDCCBEBA1D23.e.3084}]
Capabilities {acceptInsecureCerts: false, browserName: chrome, browserVersion: 126.0.6478.126, chrome: {chromedriverVersion: 126.0.6478.126 (d36ace6122e..., userDataDir: C:\Users\Admin\AppData\Loca...}, fedcm:accounts: true, goog:chromeOptions: {debuggerAddress: localhost:56346}, networkConnectionEnabled: false, pageLoadStrategy: normal, platformName: windows, proxy: Proxy(), se:cdp: ws://localhost:56346/devtoo..., se:cdpVersion: 126.0.6478.126, setWindowRect: true, strictFileInteractability: false, timeouts: {implicit: 0, pageLoad: 300000, script: 30000}, unhandledPromptBehavior: dismiss and notify, webauthn:extension:credBlob: true, webauthn:extension:largeBlob: true, webauthn:extension:minPinLength: true, webauthn:extension:prf: true, webauthn:virtualAuthenticators: true}
Element: [[ChromeDriver: chrome on windows (cba374fa5a8c843904e7ea82442fe977)] -&gt; xpath: //div[text()=&apos;Email&apos;]/parent::div/preceding-sibling::div//*[local-name()=&apos;svg&apos;]/*[local-name()=&apos;circle&apos;]]
Session ID: cba374fa5a8c843904e7ea82442fe977
	at org.openqa.selenium.remote.ErrorCodec.decode(ErrorCodec.java:167)
	at org.openqa.selenium.remote.codec.w3c.W3CHttpResponseCodec.decode(W3CHttpResponseCodec.java:138)
	at org.openqa.selenium.remote.codec.w3c.W3CHttpResponseCodec.decode(W3CHttpResponseCodec.java:50)
	at org.openqa.selenium.remote.HttpCommandExecutor.execute(HttpCommandExecutor.java:190)
	at org.openqa.selenium.remote.service.DriverCommandExecutor.invokeExecute(DriverCommandExecutor.java:216)
	at org.openqa.selenium.remote.service.DriverCommandExecutor.execute(DriverCommandExecutor.java:174)
	at org.openqa.selenium.remote.RemoteWebDriver.execute(RemoteWebDriver.java:518)
	at org.openqa.selenium.remote.RemoteWebElement.execute(RemoteWebElement.java:223)
	at org.openqa.selenium.remote.RemoteWebElement.click(RemoteWebElement.java:76)
	at org.openqa.selenium.support.pagefactory.internal.LocatingElementHandler.invoke(LocatingElementHandler.java:51)
	at jdk.proxy2/jdk.proxy2.$Proxy19.click(Unknown Source)
	at pages.LogInPage.logInUser(LogInPage.java:40)
	at pages.SearchFlightPage.view_or_manageBooking(SearchFlightPage.java:147)
	at test.SearchFlightTest.manageBooking(SearchFlightTest.java:48)
	at java.base/java.util.ArrayList.forEach(ArrayList.java:1511)
... Removed 35 stack frames</pre></div><a href='#' onClick='toggleBox("stack-trace1891930552", this, "Click to show all stack frames", "Click to hide stack frames")'>Click to show all stack frames</a>
<div class='stack-trace' id='stack-trace1891930552'><pre>org.openqa.selenium.ElementClickInterceptedException: element click intercepted: Element &lt;circle cx=&quot;9&quot; cy=&quot;9&quot; r=&quot;8&quot; fill=&quot;#FFF&quot; fill-rule=&quot;evenodd&quot; stroke=&quot;#DDDDDD&quot; stroke-width=&quot;2&quot;&gt;&lt;/circle&gt; is not clickable at point (1312, 266). Other element would receive the click: &lt;div class=&quot;css-1dbjc4n r-1d09ksm r-18u37iz&quot;&gt;...&lt;/div&gt;
  (Session info: chrome=126.0.6478.126)
Build info: version: &apos;4.20.0&apos;, revision: &apos;866c76ca80&apos;
System info: os.name: &apos;Windows 10&apos;, os.arch: &apos;amd64&apos;, os.version: &apos;10.0&apos;, java.version: &apos;17.0.10&apos;
Driver info: org.openqa.selenium.chrome.ChromeDriver
Command: [cba374fa5a8c843904e7ea82442fe977, clickElement {id=f.F341D1F08E34739BC514F22F9AE816CF.d.343843424C743A4FF913BDCCBEBA1D23.e.3084}]
Capabilities {acceptInsecureCerts: false, browserName: chrome, browserVersion: 126.0.6478.126, chrome: {chromedriverVersion: 126.0.6478.126 (d36ace6122e..., userDataDir: C:\Users\Admin\AppData\Loca...}, fedcm:accounts: true, goog:chromeOptions: {debuggerAddress: localhost:56346}, networkConnectionEnabled: false, pageLoadStrategy: normal, platformName: windows, proxy: Proxy(), se:cdp: ws://localhost:56346/devtoo..., se:cdpVersion: 126.0.6478.126, setWindowRect: true, strictFileInteractability: false, timeouts: {implicit: 0, pageLoad: 300000, script: 30000}, unhandledPromptBehavior: dismiss and notify, webauthn:extension:credBlob: true, webauthn:extension:largeBlob: true, webauthn:extension:minPinLength: true, webauthn:extension:prf: true, webauthn:virtualAuthenticators: true}
Element: [[ChromeDriver: chrome on windows (cba374fa5a8c843904e7ea82442fe977)] -&gt; xpath: //div[text()=&apos;Email&apos;]/parent::div/preceding-sibling::div//*[local-name()=&apos;svg&apos;]/*[local-name()=&apos;circle&apos;]]
Session ID: cba374fa5a8c843904e7ea82442fe977
	at java.base/jdk.internal.reflect.NativeConstructorAccessorImpl.newInstance0(Native Method)
	at java.base/jdk.internal.reflect.NativeConstructorAccessorImpl.newInstance(NativeConstructorAccessorImpl.java:77)
	at java.base/jdk.internal.reflect.DelegatingConstructorAccessorImpl.newInstance(DelegatingConstructorAccessorImpl.java:45)
	at java.base/java.lang.reflect.Constructor.newInstanceWithCaller(Constructor.java:499)
	at java.base/java.lang.reflect.Constructor.newInstance(Constructor.java:480)
	at org.openqa.selenium.remote.ErrorCodec.decode(ErrorCodec.java:167)
	at org.openqa.selenium.remote.codec.w3c.W3CHttpResponseCodec.decode(W3CHttpResponseCodec.java:138)
	at org.openqa.selenium.remote.codec.w3c.W3CHttpResponseCodec.decode(W3CHttpResponseCodec.java:50)
	at org.openqa.selenium.remote.HttpCommandExecutor.execute(HttpCommandExecutor.java:190)
	at org.openqa.selenium.remote.service.DriverCommandExecutor.invokeExecute(DriverCommandExecutor.java:216)
	at org.openqa.selenium.remote.service.DriverCommandExecutor.execute(DriverCommandExecutor.java:174)
	at org.openqa.selenium.remote.RemoteWebDriver.execute(RemoteWebDriver.java:518)
	at org.openqa.selenium.remote.RemoteWebElement.execute(RemoteWebElement.java:223)
	at org.openqa.selenium.remote.RemoteWebElement.click(RemoteWebElement.java:76)
	at jdk.internal.reflect.GeneratedMethodAccessor1.invoke(Unknown Source)
	at java.base/jdk.internal.reflect.DelegatingMethodAccessorImpl.invoke(DelegatingMethodAccessorImpl.java:43)
	at java.base/java.lang.reflect.Method.invoke(Method.java:568)
	at org.openqa.selenium.support.pagefactory.internal.LocatingElementHandler.invoke(LocatingElementHandler.java:51)
	at jdk.proxy2/jdk.proxy2.$Proxy19.click(Unknown Source)
	at pages.LogInPage.logInUser(LogInPage.java:40)
	at pages.SearchFlightPage.view_or_manageBooking(SearchFlightPage.java:147)
	at test.SearchFlightTest.manageBooking(SearchFlightTest.java:48)
	at java.base/jdk.internal.reflect.NativeMethodAccessorImpl.invoke0(Native Method)
	at java.base/jdk.internal.reflect.NativeMethodAccessorImpl.invoke(NativeMethodAccessorImpl.java:77)
	at java.base/jdk.internal.reflect.DelegatingMethodAccessorImpl.invoke(DelegatingMethodAccessorImpl.java:43)
	at java.base/java.lang.reflect.Method.invoke(Method.java:568)
	at org.testng.internal.invokers.MethodInvocationHelper.invokeMethod(MethodInvocationHelper.java:141)
	at org.testng.internal.invokers.TestInvoker.invokeMethod(TestInvoker.java:686)
	at org.testng.internal.invokers.TestInvoker.invokeTestMethod(TestInvoker.java:230)
	at org.testng.internal.invokers.MethodRunner.runInSequence(MethodRunner.java:63)
	at org.testng.internal.invokers.TestInvoker$MethodInvocationAgent.invoke(TestInvoker.java:992)
	at org.testng.internal.invokers.TestInvoker.invokeTestMethods(TestInvoker.java:203)
	at org.testng.internal.invokers.TestMethodWorker.invokeTestMethods(TestMethodWorker.java:154)
	at org.testng.internal.invokers.TestMethodWorker.run(TestMethodWorker.java:134)
	at java.base/java.util.ArrayList.forEach(ArrayList.java:1511)
	at org.testng.TestRunner.privateRun(TestRunner.java:739)
	at org.testng.TestRunner.run(TestRunner.java:614)
	at org.testng.SuiteRunner.runTest(SuiteRunner.java:421)
	at org.testng.SuiteRunner.runSequentially(SuiteRunner.java:413)
	at org.testng.SuiteRunner.privateRun(SuiteRunner.java:373)
	at org.testng.SuiteRunner.run(SuiteRunner.java:312)
	at org.testng.SuiteRunnerWorker.runSuite(SuiteRunnerWorker.java:52)
	at org.testng.SuiteRunnerWorker.run(SuiteRunnerWorker.java:95)
	at org.testng.TestNG.runSuitesSequentially(TestNG.java:1274)
	at org.testng.TestNG.runSuitesLocally(TestNG.java:1208)
	at org.testng.TestNG.runSuites(TestNG.java:1112)
	at org.testng.TestNG.run(TestNG.java:1079)
	at org.testng.remote.AbstractRemoteTestNG.run(AbstractRemoteTestNG.java:115)
	at org.testng.remote.RemoteTestNG.initAndRun(RemoteTestNG.java:293)
	at org.testng.remote.RemoteTestNG.main(RemoteTestNG.java:91)
</pre></div></td>
<td>3</td>
<td>test.SearchFlightTest@3e78b6a5</td></tr>
</table><p>
<table width='100%' border='1' class='invocation-passed'>
<tr><td colspan='4' align='center'><b>PASSED TESTS</b></td></tr>
<tr><td><b>Test method</b></td>
<td><b>Attribute(s)</b></td>
<td width="30%"><b>Exception</b></td>
<td width="10%"><b>Time (seconds)</b></td>
<td><b>Instance</b></td>
</tr>
<tr>
<td title='test.SearchFlightTest.checkFlightStatus()'><b>checkFlightStatus</b><br>Test class: test.SearchFlightTest<br>Parameters: Today, Bengaluru, Kolkata, SG 8531</td>
<td></td>
<td>3</td>
<td>test.SearchFlightTest@3e78b6a5</td></tr>
<tr>
<td title='test.SearchFlightTest.roundTripBooking()'><b>roundTripBooking</b><br>Test class: test.SearchFlightTest<br>Parameters: qaautomationtest111@gmail.com, Automation@123, Bengaluru, Kolkata, 25, July, 2024, 30, July, 2024</td>
<td></td>
<td>13</td>
<td>test.SearchFlightTest@3e78b6a5</td></tr>
<tr>
<td title='test.SignUpTest.signUp_ValidCredential()'><b>signUp_ValidCredential</b><br>Test class: test.SignUpTest<br>Parameters: Miss, Manya, Krish, India, February, 1997, 27, 2147483647, qaautomationtest113@gmail.com, Automation@123, Automation@123</td>
<td></td>
<td>35</td>
<td>test.SignUpTest@37313c65</td></tr>
<tr>
<td title='test.SearchFlightTest.oneWayBooking()'><b>oneWayBooking</b><br>Test class: test.SearchFlightTest<br>Parameters: qaautomationtest111@gmail.com, Automation@123, Bengaluru, Kolkata, 25, July, 2024</td>
<td></td>
<td>6</td>
<td>test.SearchFlightTest@3e78b6a5</td></tr>
<tr>
<td title='test.SearchFlightTest.performWebCheckIn()'><b>performWebCheckIn</b><br>Test class: test.SearchFlightTest<br>Parameters: 1234, qaautomationtest111@gmail.com</td>
<td></td>
<td>2</td>
<td>test.SearchFlightTest@3e78b6a5</td></tr>
<tr>
<td title='test.FlightSelectionTest.flightSelection_OneWayBooking()'><b>flightSelection_OneWayBooking</b><br>Test class: test.FlightSelectionTest<br>Parameters: qaautomationtest111@gmail.com, Automation@123, Bengaluru, Kolkata, 25, July, 2024, SG 8531, SpiceMax</td>
<td></td>
<td>39</td>
<td>test.FlightSelectionTest@769a1df5</td></tr>
<tr>
<td title='test.LogInTest.login_ValidCred()'><b>login_ValidCred</b><br>Test class: test.LogInTest<br>Parameters: qaautomationtest111@gmail.com, Automation@123</td>
<td></td>
<td>19</td>
<td>test.LogInTest@60db1c0e</td></tr>
<tr>
<td title='test.FlightSelectionTest.flightSelection_RoundTripBooking()'><b>flightSelection_RoundTripBooking</b><br>Test class: test.FlightSelectionTest<br>Parameters: qaautomationtest111@gmail.com, Automation@123, Bengaluru, Kolkata, 25, July, 2024, 30, July, 2024, SG 8531, SpiceMax, SG 8532, SpiceFlex</td>
<td></td>
<td>48</td>
<td>test.FlightSelectionTest@769a1df5</td></tr>
<tr>
<td title='test.AddOnsTest.bookingDetails()'><b>bookingDetails</b><br>Test class: test.AddOnsTest<br>Parameters: qaautomationtest111@gmail.com, Automation@123, Bengaluru, Kolkata, 25, July, 2024, SG 8531, SpiceMax, Miss, Manya, Krish, 9876543210, qaautomationtest111@gmail.com, India, Delhi, 1C, Raseele chole</td>
<td></td>
<td>105</td>
<td>test.AddOnsTest@2438dcd</td></tr>
<tr>
<td title='test.SignUpTest.signUp_InValidCredential()'><b>signUp_InValidCredential</b><br>Test class: test.SignUpTest<br>Parameters: Miss, Manasi, Ken, India, January, 1996, 28, , , , </td>
<td></td>
<td>32</td>
<td>test.SignUpTest@37313c65</td></tr>
<tr>
<td title='test.BookingTest.bookingDetails()'><b>bookingDetails</b><br>Test class: test.BookingTest<br>Parameters: qaautomationtest111@gmail.com, Automation@123, Bengaluru, Kolkata, 25, July, 2024, SG 8531, SpiceMax, Miss, Manya, Krish, 9876543210, qaautomationtest111@gmail.com, India, Delhi</td>
<td></td>
<td>56</td>
<td>test.BookingTest@7975d1d8</td></tr>
</table><p>
</body>
</html>