<!DOCTYPE html PUBLIC "-//W3C//DTD XHTML 1.1//EN" "https://www.w3.org/TR/xhtml11/DTD/xhtml11.dtd">
<html xmlns="https://www.w3.org/1999/xhtml">
<head>
<meta http-equiv="content-type" content="text/html; charset=UTF-8"/>
<title>TestNG Report</title>
<style type="text/css">table {margin-bottom:10px;border-collapse:collapse;empty-cells:show}th,td {border:1px solid #009;padding:.25em .5em}th {vertical-align:bottom}td {vertical-align:top}table a {font-weight:bold}.stripe td {background-color: #E6EBF9}.num {text-align:right}.passedodd td {background-color: #3F3}.passedeven td {background-color: #0A0}.skippedodd td {background-color: #DDD}.skippedeven td {background-color: #CCC}.failedodd td,.attn {background-color: #F33}.failedeven td,.stripe .attn {background-color: #D00}.stacktrace {white-space:pre;font-family:monospace}.totop {font-size:85%;text-align:center;border-bottom:2px solid #000}.invisible {display:none}</style>
</head>
<body>
<table>
<tr><th>Test</th><th># Passed</th><th># Skipped</th><th># Retried</th><th># Failed</th><th>Time (ms)</th><th>Included Groups</th><th>Excluded Groups</th></tr>
<tr><th colspan="8">Suite</th></tr>
<tr><td><a href="#t0">ChromeTest</a></td><td class="num">10</td><td class="num">0</td><td class="num">0</td><td class="num attn">3</td><td class="num">553,862</td><td></td><td></td></tr>
<tr class="stripe"><td><a href="#t1">FirefoxTest</a></td><td class="num">9</td><td class="num">0</td><td class="num">0</td><td class="num attn">4</td><td class="num">515,031</td><td></td><td></td></tr>
<tr><th>Total</th><th class="num">19</th><th class="num">0</th><th class="num">0</th><th class="num attn">7</th><th class="num">1,068,893</th><th colspan="2"></th></tr>
</table>
<table id='summary'><thead><tr><th>Class</th><th>Method</th><th>Start</th><th>Time (ms)</th></tr></thead><tbody><tr><th colspan="4">Suite</th></tr></tbody><tbody id="t0"><tr><th colspan="4">ChromeTest &#8212; failed</th></tr><tr class="failedeven"><td rowspan="1">test.AddOnsTest</td><td><a href="#m0">bookingDetails</a></td><td rowspan="1">1719511273271</td><td rowspan="1">85101</td></tr><tr class="failedodd"><td rowspan="1">test.PrePaymentTest</td><td><a href="#m1">selectPaymentMethods</a></td><td rowspan="1">1719511372823</td><td rowspan="1">65415</td></tr><tr class="failedeven"><td rowspan="1">test.SearchFlightTest</td><td><a href="#m2">manageBooking</a></td><td rowspan="1">1719511076466</td><td rowspan="1">3929</td></tr><tr><th colspan="4">ChromeTest &#8212; passed</th></tr><tr class="passedeven"><td rowspan="1">test.BookingTest</td><td><a href="#m3">bookingDetails</a></td><td rowspan="1">1719511207936</td><td rowspan="1">54631</td></tr><tr class="passedodd"><td rowspan="2">test.FlightSelectionTest</td><td><a href="#m4">flightSelection_OneWayBooking</a></td><td rowspan="1">1719511093090</td><td rowspan="1">39965</td></tr><tr class="passedodd"><td><a href="#m5">flightSelection_RoundTripBooking</a></td><td rowspan="1">1719511144351</td><td rowspan="1">51818</td></tr><tr class="passedeven"><td rowspan="1">test.LogInTest</td><td><a href="#m6">login_ValidCred</a></td><td rowspan="1">1719510983990</td><td rowspan="1">16613</td></tr><tr class="passedodd"><td rowspan="4">test.SearchFlightTest</td><td><a href="#m7">checkFlightStatus</a></td><td rowspan="1">1719511062147</td><td rowspan="1">3121</td></tr><tr class="passedodd"><td><a href="#m8">oneWayBooking</a></td><td rowspan="1">1719511013792</td><td rowspan="1">3925</td></tr><tr class="passedodd"><td><a href="#m9">performWebCheckIn</a></td><td rowspan="1">1719511049018</td><td rowspan="1">1463</td></tr><tr class="passedodd"><td><a href="#m10">roundTripBooking</a></td><td rowspan="1">1719511029132</td><td rowspan="1">7506</td></tr><tr class="passedeven"><td rowspan="2">test.SignUpTest</td><td><a href="#m11">signUp_InValidCredential</a></td><td rowspan="1">1719510945930</td><td rowspan="1">26001</td></tr><tr class="passedeven"><td><a href="#m12">signUp_ValidCredential</a></td><td rowspan="1">1719510901917</td><td rowspan="1">31612</td></tr></tbody>
<tbody id="t1"><tr><th colspan="4">FirefoxTest &#8212; failed</th></tr><tr class="failedeven"><td rowspan="1">test.AddOnsTest</td><td><a href="#m13">bookingDetails</a></td><td rowspan="1">1719511849824</td><td rowspan="1">35016</td></tr><tr class="failedodd"><td rowspan="1">test.PrePaymentTest</td><td><a href="#m14">selectPaymentMethods</a></td><td rowspan="1">1719511903728</td><td rowspan="1">49934</td></tr><tr class="failedeven"><td rowspan="2">test.SignUpTest</td><td><a href="#m15">signUp_InValidCredential</a></td><td rowspan="1">1719511478810</td><td rowspan="1">6546</td></tr><tr class="failedeven"><td><a href="#m16">signUp_ValidCredential</a></td><td rowspan="1">1719511456070</td><td rowspan="1">6790</td></tr><tr><th colspan="4">FirefoxTest &#8212; passed</th></tr><tr class="passedeven"><td rowspan="1">test.BookingTest</td><td><a href="#m17">bookingDetails</a></td><td rowspan="1">1719511765699</td><td rowspan="1">55917</td></tr><tr class="passedodd"><td rowspan="2">test.FlightSelectionTest</td><td><a href="#m18">flightSelection_OneWayBooking</a></td><td rowspan="1">1719511649583</td><td rowspan="1">40801</td></tr><tr class="passedodd"><td><a href="#m19">flightSelection_RoundTripBooking</a></td><td rowspan="1">1719511703217</td><td rowspan="1">49489</td></tr><tr class="passedeven"><td rowspan="1">test.LogInTest</td><td><a href="#m20">login_ValidCred</a></td><td rowspan="1">1719511500105</td><td rowspan="1">6648</td></tr><tr class="passedodd"><td rowspan="5">test.SearchFlightTest</td><td><a href="#m21">checkFlightStatus</a></td><td rowspan="1">1719511575372</td><td rowspan="1">4814</td></tr><tr class="passedodd"><td><a href="#m22">manageBooking</a></td><td rowspan="1">1719511593443</td><td rowspan="1">40991</td></tr><tr class="passedodd"><td><a href="#m23">oneWayBooking</a></td><td rowspan="1">1719511519443</td><td rowspan="1">4640</td></tr><tr class="passedodd"><td><a href="#m24">performWebCheckIn</a></td><td rowspan="1">1719511560276</td><td rowspan="1">1887</td></tr><tr class="passedodd"><td><a href="#m25">roundTripBooking</a></td><td rowspan="1">1719511539513</td><td rowspan="1">7109</td></tr></tbody>
</table>
<h2>ChromeTest</h2><h3 id="m0">test.AddOnsTest#bookingDetails</h3><table class="result"><tr class="param"><th>Parameter #1</th><th>Parameter #2</th><th>Parameter #3</th><th>Parameter #4</th><th>Parameter #5</th><th>Parameter #6</th><th>Parameter #7</th><th>Parameter #8</th><th>Parameter #9</th><th>Parameter #10</th><th>Parameter #11</th><th>Parameter #12</th><th>Parameter #13</th><th>Parameter #14</th><th>Parameter #15</th><th>Parameter #16</th><th>Parameter #17</th><th>Parameter #18</th></tr><tr class="param stripe"><td>qaautomationtest111@gmail.com</td><td>Automation@123</td><td>Bengaluru</td><td>Kolkata</td><td>25</td><td>July</td><td>2024</td><td>SG 8531</td><td>SpiceMax</td><td>Miss</td><td>Manya</td><td>Krish</td><td>9876543210</td><td>qaautomationtest111@gmail.com</td><td>India</td><td>Delhi</td><td>1C</td><td>Raseele chole</td></tr><tr><th colspan="18">Exception</th></tr><tr><td colspan="18"><div class="stacktrace">org.openqa.selenium.NoSuchElementException: no such element: Unable to locate element: {&quot;method&quot;:&quot;xpath&quot;,&quot;selector&quot;:&quot;//div[text()=&apos;Select Meals&apos;]/parent::div&quot;}
  (Session info: chrome=126.0.6478.126)
For documentation on this error, please visit: https://www.selenium.dev/documentation/webdriver/troubleshooting/errors#no-such-element-exception
Build info: version: &apos;4.20.0&apos;, revision: &apos;866c76ca80&apos;
System info: os.name: &apos;Windows 10&apos;, os.arch: &apos;amd64&apos;, os.version: &apos;10.0&apos;, java.version: &apos;17.0.10&apos;
Driver info: org.openqa.selenium.chrome.ChromeDriver
Command: [c357003978dd6412ab0049210890376d, findElement {value=//div[text()=&apos;Select Meals&apos;]/parent::div, using=xpath}]
Capabilities {acceptInsecureCerts: false, browserName: chrome, browserVersion: 126.0.6478.126, chrome: {chromedriverVersion: 126.0.6478.126 (d36ace6122e..., userDataDir: C:\Users\Admin\AppData\Loca...}, fedcm:accounts: true, goog:chromeOptions: {debuggerAddress: localhost:58297}, networkConnectionEnabled: false, pageLoadStrategy: normal, platformName: windows, proxy: Proxy(), se:cdp: ws://localhost:58297/devtoo..., se:cdpVersion: 126.0.6478.126, setWindowRect: true, strictFileInteractability: false, timeouts: {implicit: 0, pageLoad: 300000, script: 30000}, unhandledPromptBehavior: dismiss and notify, webauthn:extension:credBlob: true, webauthn:extension:largeBlob: true, webauthn:extension:minPinLength: true, webauthn:extension:prf: true, webauthn:virtualAuthenticators: true}
Session ID: c357003978dd6412ab0049210890376d
	at org.openqa.selenium.remote.ErrorCodec.decode(ErrorCodec.java:167)
	at org.openqa.selenium.remote.codec.w3c.W3CHttpResponseCodec.decode(W3CHttpResponseCodec.java:138)
	at org.openqa.selenium.remote.codec.w3c.W3CHttpResponseCodec.decode(W3CHttpResponseCodec.java:50)
	at org.openqa.selenium.remote.HttpCommandExecutor.execute(HttpCommandExecutor.java:190)
	at org.openqa.selenium.remote.service.DriverCommandExecutor.invokeExecute(DriverCommandExecutor.java:216)
	at org.openqa.selenium.remote.service.DriverCommandExecutor.execute(DriverCommandExecutor.java:174)
	at org.openqa.selenium.remote.RemoteWebDriver.execute(RemoteWebDriver.java:518)
	at org.openqa.selenium.remote.ElementLocation$ElementFinder$2.findElement(ElementLocation.java:165)
	at org.openqa.selenium.remote.ElementLocation.findElement(ElementLocation.java:59)
	at org.openqa.selenium.remote.RemoteWebDriver.findElement(RemoteWebDriver.java:355)
	at org.openqa.selenium.remote.RemoteWebDriver.findElement(RemoteWebDriver.java:349)
	at org.openqa.selenium.support.pagefactory.DefaultElementLocator.findElement(DefaultElementLocator.java:68)
	at org.openqa.selenium.support.pagefactory.internal.LocatingElementHandler.invoke(LocatingElementHandler.java:38)
	at jdk.proxy2/jdk.proxy2.$Proxy19.click(Unknown Source)
	at pages.AddOnsPage.mealSelection(AddOnsPage.java:51)
	at test.AddOnsTest.bookingDetails(AddOnsTest.java:27)
	at java.base/java.util.ArrayList.forEach(ArrayList.java:1511)
... Removed 32 stack frames</div></td></tr></table><p class="totop"><a href="#summary">back to summary</a></p>
<h3 id="m1">test.PrePaymentTest#selectPaymentMethods</h3><table class="result"><tr class="param"><th>Parameter #1</th><th>Parameter #2</th><th>Parameter #3</th><th>Parameter #4</th><th>Parameter #5</th><th>Parameter #6</th><th>Parameter #7</th><th>Parameter #8</th><th>Parameter #9</th><th>Parameter #10</th><th>Parameter #11</th><th>Parameter #12</th><th>Parameter #13</th><th>Parameter #14</th><th>Parameter #15</th><th>Parameter #16</th><th>Parameter #17</th><th>Parameter #18</th><th>Parameter #19</th><th>Parameter #20</th><th>Parameter #21</th><th>Parameter #22</th><th>Parameter #23</th></tr><tr class="param stripe"><td>qaautomationtest111@gmail.com</td><td>Automation@123</td><td>Bengaluru</td><td>Kolkata</td><td>25</td><td>July</td><td>2024</td><td>SG 8531</td><td>SpiceMax</td><td>Miss</td><td>Manya</td><td>Krish</td><td>9876543210</td><td>qaautomationtest111@gmail.com</td><td>India</td><td>Delhi</td><td>3B</td><td>Raseele chole</td><td>12345</td><td>Manya</td><td>12</td><td>28</td><td>321</td></tr><tr><th colspan="23">Exception</th></tr><tr><td colspan="23"><div class="stacktrace">org.openqa.selenium.NoSuchElementException: no such element: Unable to locate element: {&quot;method&quot;:&quot;xpath&quot;,&quot;selector&quot;:&quot;//div[text()=&apos;Contact Details&apos;]&quot;}
  (Session info: chrome=126.0.6478.126)
For documentation on this error, please visit: https://www.selenium.dev/documentation/webdriver/troubleshooting/errors#no-such-element-exception
Build info: version: &apos;4.20.0&apos;, revision: &apos;866c76ca80&apos;
System info: os.name: &apos;Windows 10&apos;, os.arch: &apos;amd64&apos;, os.version: &apos;10.0&apos;, java.version: &apos;17.0.10&apos;
Driver info: org.openqa.selenium.chrome.ChromeDriver
Command: [583b3c73cce29a563327fb5cd7a027f0, findElement {value=//div[text()=&apos;Contact Details&apos;], using=xpath}]
Capabilities {acceptInsecureCerts: false, browserName: chrome, browserVersion: 126.0.6478.126, chrome: {chromedriverVersion: 126.0.6478.126 (d36ace6122e..., userDataDir: C:\Users\Admin\AppData\Loca...}, fedcm:accounts: true, goog:chromeOptions: {debuggerAddress: localhost:58431}, networkConnectionEnabled: false, pageLoadStrategy: normal, platformName: windows, proxy: Proxy(), se:cdp: ws://localhost:58431/devtoo..., se:cdpVersion: 126.0.6478.126, setWindowRect: true, strictFileInteractability: false, timeouts: {implicit: 0, pageLoad: 300000, script: 30000}, unhandledPromptBehavior: dismiss and notify, webauthn:extension:credBlob: true, webauthn:extension:largeBlob: true, webauthn:extension:minPinLength: true, webauthn:extension:prf: true, webauthn:virtualAuthenticators: true}
Session ID: 583b3c73cce29a563327fb5cd7a027f0
	at org.openqa.selenium.remote.ErrorCodec.decode(ErrorCodec.java:167)
	at org.openqa.selenium.remote.codec.w3c.W3CHttpResponseCodec.decode(W3CHttpResponseCodec.java:138)
	at org.openqa.selenium.remote.codec.w3c.W3CHttpResponseCodec.decode(W3CHttpResponseCodec.java:50)
	at org.openqa.selenium.remote.HttpCommandExecutor.execute(HttpCommandExecutor.java:190)
	at org.openqa.selenium.remote.service.DriverCommandExecutor.invokeExecute(DriverCommandExecutor.java:216)
	at org.openqa.selenium.remote.service.DriverCommandExecutor.execute(DriverCommandExecutor.java:174)
	at org.openqa.selenium.remote.RemoteWebDriver.execute(RemoteWebDriver.java:518)
	at org.openqa.selenium.remote.ElementLocation$ElementFinder$2.findElement(ElementLocation.java:165)
	at org.openqa.selenium.remote.ElementLocation.findElement(ElementLocation.java:59)
	at org.openqa.selenium.remote.RemoteWebDriver.findElement(RemoteWebDriver.java:355)
	at org.openqa.selenium.remote.RemoteWebDriver.findElement(RemoteWebDriver.java:349)
	at pages.SelectFlightPage.selectDepartureFlight(SelectFlightPage.java:37)
	at test.PrePaymentTest.selectPaymentMethods(PrePaymentTest.java:30)
	at java.base/java.util.ArrayList.forEach(ArrayList.java:1511)
... Removed 32 stack frames</div></td></tr></table><p class="totop"><a href="#summary">back to summary</a></p>
<h3 id="m2">test.SearchFlightTest#manageBooking</h3><table class="result"><tr class="param"><th>Parameter #1</th><th>Parameter #2</th><th>Parameter #3</th></tr><tr class="param stripe"><td>2345</td><td>qaautomationtest111@gmail.com</td><td>Automation@123</td></tr><tr><th colspan="3">Exception</th></tr><tr><td colspan="3"><div class="stacktrace">org.openqa.selenium.ElementClickInterceptedException: element click intercepted: Element &lt;circle cx=&quot;9&quot; cy=&quot;9&quot; r=&quot;8&quot; fill=&quot;#FFF&quot; fill-rule=&quot;evenodd&quot; stroke=&quot;#DDDDDD&quot; stroke-width=&quot;2&quot;&gt;&lt;/circle&gt; is not clickable at point (1266, 266). Other element would receive the click: &lt;div class=&quot;css-1dbjc4n r-1d09ksm r-18u37iz&quot;&gt;...&lt;/div&gt;
  (Session info: chrome=126.0.6478.126)
Build info: version: &apos;4.20.0&apos;, revision: &apos;866c76ca80&apos;
System info: os.name: &apos;Windows 10&apos;, os.arch: &apos;amd64&apos;, os.version: &apos;10.0&apos;, java.version: &apos;17.0.10&apos;
Driver info: org.openqa.selenium.chrome.ChromeDriver
Command: [dc99658bfaba04a0ecb15e23d07620f8, clickElement {id=f.4CE837F12022406F0F417220DE7F64A8.d.D9C29FCC737175C48772B2F7AE60D4D9.e.3090}]
Capabilities {acceptInsecureCerts: false, browserName: chrome, browserVersion: 126.0.6478.126, chrome: {chromedriverVersion: 126.0.6478.126 (d36ace6122e..., userDataDir: C:\Users\Admin\AppData\Loca...}, fedcm:accounts: true, goog:chromeOptions: {debuggerAddress: localhost:57870}, networkConnectionEnabled: false, pageLoadStrategy: normal, platformName: windows, proxy: Proxy(), se:cdp: ws://localhost:57870/devtoo..., se:cdpVersion: 126.0.6478.126, setWindowRect: true, strictFileInteractability: false, timeouts: {implicit: 0, pageLoad: 300000, script: 30000}, unhandledPromptBehavior: dismiss and notify, webauthn:extension:credBlob: true, webauthn:extension:largeBlob: true, webauthn:extension:minPinLength: true, webauthn:extension:prf: true, webauthn:virtualAuthenticators: true}
Element: [[ChromeDriver: chrome on windows (dc99658bfaba04a0ecb15e23d07620f8)] -&gt; xpath: //div[text()=&apos;Email&apos;]/parent::div/preceding-sibling::div//*[local-name()=&apos;svg&apos;]/*[local-name()=&apos;circle&apos;]]
Session ID: dc99658bfaba04a0ecb15e23d07620f8
	at org.openqa.selenium.remote.ErrorCodec.decode(ErrorCodec.java:167)
	at org.openqa.selenium.remote.codec.w3c.W3CHttpResponseCodec.decode(W3CHttpResponseCodec.java:138)
	at org.openqa.selenium.remote.codec.w3c.W3CHttpResponseCodec.decode(W3CHttpResponseCodec.java:50)
	at org.openqa.selenium.remote.HttpCommandExecutor.execute(HttpCommandExecutor.java:190)
	at org.openqa.selenium.remote.service.DriverCommandExecutor.invokeExecute(DriverCommandExecutor.java:216)
	at org.openqa.selenium.remote.service.DriverCommandExecutor.execute(DriverCommandExecutor.java:174)
	at org.openqa.selenium.remote.RemoteWebDriver.execute(RemoteWebDriver.java:518)
	at org.openqa.selenium.remote.RemoteWebElement.execute(RemoteWebElement.java:223)
	at org.openqa.selenium.remote.RemoteWebElement.click(RemoteWebElement.java:76)
	at org.openqa.selenium.support.pagefactory.internal.LocatingElementHandler.invoke(LocatingElementHandler.java:51)
	at jdk.proxy2/jdk.proxy2.$Proxy19.click(Unknown Source)
	at pages.LogInPage.logInUser(LogInPage.java:40)
	at pages.SearchFlightPage.view_or_manageBooking(SearchFlightPage.java:147)
	at test.SearchFlightTest.manageBooking(SearchFlightTest.java:48)
	at java.base/java.util.ArrayList.forEach(ArrayList.java:1511)
... Removed 35 stack frames</div></td></tr></table><p class="totop"><a href="#summary">back to summary</a></p>
<h3 id="m3">test.BookingTest#bookingDetails</h3><table class="result"><tr class="param"><th>Parameter #1</th><th>Parameter #2</th><th>Parameter #3</th><th>Parameter #4</th><th>Parameter #5</th><th>Parameter #6</th><th>Parameter #7</th><th>Parameter #8</th><th>Parameter #9</th><th>Parameter #10</th><th>Parameter #11</th><th>Parameter #12</th><th>Parameter #13</th><th>Parameter #14</th><th>Parameter #15</th><th>Parameter #16</th></tr><tr class="param stripe"><td>qaautomationtest111@gmail.com</td><td>Automation@123</td><td>Bengaluru</td><td>Kolkata</td><td>25</td><td>July</td><td>2024</td><td>SG 8531</td><td>SpiceMax</td><td>Miss</td><td>Manya</td><td>Krish</td><td>9876543210</td><td>qaautomationtest111@gmail.com</td><td>India</td><td>Delhi</td></tr></table><p class="totop"><a href="#summary">back to summary</a></p>
<h3 id="m4">test.FlightSelectionTest#flightSelection_OneWayBooking</h3><table class="result"><tr class="param"><th>Parameter #1</th><th>Parameter #2</th><th>Parameter #3</th><th>Parameter #4</th><th>Parameter #5</th><th>Parameter #6</th><th>Parameter #7</th><th>Parameter #8</th><th>Parameter #9</th></tr><tr class="param stripe"><td>qaautomationtest111@gmail.com</td><td>Automation@123</td><td>Bengaluru</td><td>Kolkata</td><td>25</td><td>July</td><td>2024</td><td>SG 8531</td><td>SpiceMax</td></tr></table><p class="totop"><a href="#summary">back to summary</a></p>
<h3 id="m5">test.FlightSelectionTest#flightSelection_RoundTripBooking</h3><table class="result"><tr class="param"><th>Parameter #1</th><th>Parameter #2</th><th>Parameter #3</th><th>Parameter #4</th><th>Parameter #5</th><th>Parameter #6</th><th>Parameter #7</th><th>Parameter #8</th><th>Parameter #9</th><th>Parameter #10</th><th>Parameter #11</th><th>Parameter #12</th><th>Parameter #13</th><th>Parameter #14</th></tr><tr class="param stripe"><td>qaautomationtest111@gmail.com</td><td>Automation@123</td><td>Bengaluru</td><td>Kolkata</td><td>25</td><td>July</td><td>2024</td><td>30</td><td>July</td><td>2024</td><td>SG 8531</td><td>SpiceMax</td><td>SG 8532</td><td>SpiceFlex</td></tr></table><p class="totop"><a href="#summary">back to summary</a></p>
<h3 id="m6">test.LogInTest#login_ValidCred</h3><table class="result"><tr class="param"><th>Parameter #1</th><th>Parameter #2</th></tr><tr class="param stripe"><td>qaautomationtest111@gmail.com</td><td>Automation@123</td></tr></table><p class="totop"><a href="#summary">back to summary</a></p>
<h3 id="m7">test.SearchFlightTest#checkFlightStatus</h3><table class="result"><tr class="param"><th>Parameter #1</th><th>Parameter #2</th><th>Parameter #3</th><th>Parameter #4</th></tr><tr class="param stripe"><td>Today</td><td>Bengaluru</td><td>Kolkata</td><td>SG 8531</td></tr></table><p class="totop"><a href="#summary">back to summary</a></p>
<h3 id="m8">test.SearchFlightTest#oneWayBooking</h3><table class="result"><tr class="param"><th>Parameter #1</th><th>Parameter #2</th><th>Parameter #3</th><th>Parameter #4</th><th>Parameter #5</th><th>Parameter #6</th><th>Parameter #7</th></tr><tr class="param stripe"><td>qaautomationtest111@gmail.com</td><td>Automation@123</td><td>Bengaluru</td><td>Kolkata</td><td>25</td><td>July</td><td>2024</td></tr></table><p class="totop"><a href="#summary">back to summary</a></p>
<h3 id="m9">test.SearchFlightTest#performWebCheckIn</h3><table class="result"><tr class="param"><th>Parameter #1</th><th>Parameter #2</th></tr><tr class="param stripe"><td>1234</td><td>qaautomationtest111@gmail.com</td></tr></table><p class="totop"><a href="#summary">back to summary</a></p>
<h3 id="m10">test.SearchFlightTest#roundTripBooking</h3><table class="result"><tr class="param"><th>Parameter #1</th><th>Parameter #2</th><th>Parameter #3</th><th>Parameter #4</th><th>Parameter #5</th><th>Parameter #6</th><th>Parameter #7</th><th>Parameter #8</th><th>Parameter #9</th><th>Parameter #10</th></tr><tr class="param stripe"><td>qaautomationtest111@gmail.com</td><td>Automation@123</td><td>Bengaluru</td><td>Kolkata</td><td>25</td><td>July</td><td>2024</td><td>30</td><td>July</td><td>2024</td></tr></table><p class="totop"><a href="#summary">back to summary</a></p>
<h3 id="m11">test.SignUpTest#signUp_InValidCredential</h3><table class="result"><tr class="param"><th>Parameter #1</th><th>Parameter #2</th><th>Parameter #3</th><th>Parameter #4</th><th>Parameter #5</th><th>Parameter #6</th><th>Parameter #7</th><th>Parameter #8</th><th>Parameter #9</th><th>Parameter #10</th><th>Parameter #11</th></tr><tr class="param stripe"><td>Miss</td><td>Manasi</td><td>Ken</td><td>India</td><td>January</td><td>1996</td><td>28</td><td></td><td></td><td></td><td></td></tr></table><p class="totop"><a href="#summary">back to summary</a></p>
<h3 id="m12">test.SignUpTest#signUp_ValidCredential</h3><table class="result"><tr class="param"><th>Parameter #1</th><th>Parameter #2</th><th>Parameter #3</th><th>Parameter #4</th><th>Parameter #5</th><th>Parameter #6</th><th>Parameter #7</th><th>Parameter #8</th><th>Parameter #9</th><th>Parameter #10</th><th>Parameter #11</th></tr><tr class="param stripe"><td>Miss</td><td>Manya</td><td>Krish</td><td>India</td><td>February</td><td>1997</td><td>27</td><td>2147483647</td><td>qaautomationtest113@gmail.com</td><td>Automation@123</td><td>Automation@123</td></tr></table><p class="totop"><a href="#summary">back to summary</a></p>
<h2>FirefoxTest</h2><h3 id="m13">test.AddOnsTest#bookingDetails</h3><table class="result"><tr class="param"><th>Parameter #1</th><th>Parameter #2</th><th>Parameter #3</th><th>Parameter #4</th><th>Parameter #5</th><th>Parameter #6</th><th>Parameter #7</th><th>Parameter #8</th><th>Parameter #9</th><th>Parameter #10</th><th>Parameter #11</th><th>Parameter #12</th><th>Parameter #13</th><th>Parameter #14</th><th>Parameter #15</th><th>Parameter #16</th><th>Parameter #17</th><th>Parameter #18</th></tr><tr class="param stripe"><td>qaautomationtest111@gmail.com</td><td>Automation@123</td><td>Bengaluru</td><td>Kolkata</td><td>25</td><td>July</td><td>2024</td><td>SG 8531</td><td>SpiceMax</td><td>Miss</td><td>Manya</td><td>Krish</td><td>9876543210</td><td>qaautomationtest111@gmail.com</td><td>India</td><td>Delhi</td><td>1C</td><td>Raseele chole</td></tr><tr><th colspan="18">Exception</th></tr><tr><td colspan="18"><div class="stacktrace">org.openqa.selenium.NoSuchElementException: Unable to locate element: //div[text()=&apos;SG 8531&apos;]
For documentation on this error, please visit: https://www.selenium.dev/documentation/webdriver/troubleshooting/errors#no-such-element-exception
Build info: version: &apos;4.20.0&apos;, revision: &apos;866c76ca80&apos;
System info: os.name: &apos;Windows 10&apos;, os.arch: &apos;amd64&apos;, os.version: &apos;10.0&apos;, java.version: &apos;17.0.10&apos;
Driver info: org.openqa.selenium.firefox.FirefoxDriver
Command: [b159db86-20f1-4a9e-ad73-e0beb711c94b, findElement {value=//div[text()=&apos;SG 8531&apos;], using=xpath}]
Capabilities {acceptInsecureCerts: true, browserName: firefox, browserVersion: 127.0.2, moz:accessibilityChecks: false, moz:buildID: 20240624183754, moz:debuggerAddress: 127.0.0.1:39622, moz:geckodriverVersion: 0.34.0, moz:headless: false, moz:platformVersion: 10.0, moz:processID: 18572, moz:profile: C:\Users\Admin\AppData\Loca..., moz:shutdownTimeout: 60000, moz:webdriverClick: true, moz:windowless: false, pageLoadStrategy: normal, platformName: windows, proxy: Proxy(), se:cdp: ws://127.0.0.1:39622/devtoo..., se:cdpVersion: 85.0, setWindowRect: true, strictFileInteractability: false, timeouts: {implicit: 0, pageLoad: 300000, script: 30000}, unhandledPromptBehavior: dismiss and notify, userAgent: Mozilla/5.0 (Windows NT 10....}
Session ID: b159db86-20f1-4a9e-ad73-e0beb711c94b
	at org.openqa.selenium.remote.ErrorCodec.decode(ErrorCodec.java:167)
	at org.openqa.selenium.remote.codec.w3c.W3CHttpResponseCodec.decode(W3CHttpResponseCodec.java:138)
	at org.openqa.selenium.remote.codec.w3c.W3CHttpResponseCodec.decode(W3CHttpResponseCodec.java:50)
	at org.openqa.selenium.remote.HttpCommandExecutor.execute(HttpCommandExecutor.java:190)
	at org.openqa.selenium.remote.service.DriverCommandExecutor.invokeExecute(DriverCommandExecutor.java:216)
	at org.openqa.selenium.remote.service.DriverCommandExecutor.execute(DriverCommandExecutor.java:174)
	at org.openqa.selenium.remote.RemoteWebDriver.execute(RemoteWebDriver.java:518)
	at org.openqa.selenium.remote.ElementLocation$ElementFinder$2.findElement(ElementLocation.java:165)
	at org.openqa.selenium.remote.ElementLocation.findElement(ElementLocation.java:59)
	at org.openqa.selenium.remote.RemoteWebDriver.findElement(RemoteWebDriver.java:355)
	at org.openqa.selenium.remote.RemoteWebDriver.findElement(RemoteWebDriver.java:349)
	at pages.SelectFlightPage.selectDepartureFlight(SelectFlightPage.java:32)
	at test.AddOnsTest.bookingDetails(AddOnsTest.java:23)
	at java.base/java.util.ArrayList.forEach(ArrayList.java:1511)
... Removed 32 stack frames</div></td></tr></table><p class="totop"><a href="#summary">back to summary</a></p>
<h3 id="m14">test.PrePaymentTest#selectPaymentMethods</h3><table class="result"><tr class="param"><th>Parameter #1</th><th>Parameter #2</th><th>Parameter #3</th><th>Parameter #4</th><th>Parameter #5</th><th>Parameter #6</th><th>Parameter #7</th><th>Parameter #8</th><th>Parameter #9</th><th>Parameter #10</th><th>Parameter #11</th><th>Parameter #12</th><th>Parameter #13</th><th>Parameter #14</th><th>Parameter #15</th><th>Parameter #16</th><th>Parameter #17</th><th>Parameter #18</th><th>Parameter #19</th><th>Parameter #20</th><th>Parameter #21</th><th>Parameter #22</th><th>Parameter #23</th></tr><tr class="param stripe"><td>qaautomationtest111@gmail.com</td><td>Automation@123</td><td>Bengaluru</td><td>Kolkata</td><td>25</td><td>July</td><td>2024</td><td>SG 8531</td><td>SpiceMax</td><td>Miss</td><td>Manya</td><td>Krish</td><td>9876543210</td><td>qaautomationtest111@gmail.com</td><td>India</td><td>Delhi</td><td>3B</td><td>Raseele chole</td><td>12345</td><td>Manya</td><td>12</td><td>28</td><td>321</td></tr><tr><th colspan="23">Exception</th></tr><tr><td colspan="23"><div class="stacktrace">org.openqa.selenium.ElementClickInterceptedException: Element &lt;div class=&quot;css-1dbjc4n r-1awozwy r-1xfd6ze r-1loqt21 r-18u37iz r-1777fci r-1w50u8q r-ah5dr5 r-1otgn73&quot;&gt; is not clickable at point (1144,592) because another element &lt;div class=&quot;css-1dbjc4n r-1awozwy r-1fdnko3 r-13awgt0 r-1777fci&quot;&gt; obscures it
Build info: version: &apos;4.20.0&apos;, revision: &apos;866c76ca80&apos;
System info: os.name: &apos;Windows 10&apos;, os.arch: &apos;amd64&apos;, os.version: &apos;10.0&apos;, java.version: &apos;17.0.10&apos;
Driver info: org.openqa.selenium.firefox.FirefoxDriver
Command: [18658104-96bc-4de6-a9df-f67a46c244b2, clickElement {id=6b66ffe5-5ffb-4cac-9c1c-add153959256}]
Capabilities {acceptInsecureCerts: true, browserName: firefox, browserVersion: 127.0.2, moz:accessibilityChecks: false, moz:buildID: 20240624183754, moz:debuggerAddress: 127.0.0.1:31313, moz:geckodriverVersion: 0.34.0, moz:headless: false, moz:platformVersion: 10.0, moz:processID: 16464, moz:profile: C:\Users\Admin\AppData\Loca..., moz:shutdownTimeout: 60000, moz:webdriverClick: true, moz:windowless: false, pageLoadStrategy: normal, platformName: windows, proxy: Proxy(), se:cdp: ws://127.0.0.1:31313/devtoo..., se:cdpVersion: 85.0, setWindowRect: true, strictFileInteractability: false, timeouts: {implicit: 0, pageLoad: 300000, script: 30000}, unhandledPromptBehavior: dismiss and notify, userAgent: Mozilla/5.0 (Windows NT 10....}
Element: [[FirefoxDriver: firefox on windows (18658104-96bc-4de6-a9df-f67a46c244b2)] -&gt; xpath: //div[@data-testid=&apos;continue-search-page-cta&apos;]]
Session ID: 18658104-96bc-4de6-a9df-f67a46c244b2
	at org.openqa.selenium.remote.ErrorCodec.decode(ErrorCodec.java:167)
	at org.openqa.selenium.remote.codec.w3c.W3CHttpResponseCodec.decode(W3CHttpResponseCodec.java:138)
	at org.openqa.selenium.remote.codec.w3c.W3CHttpResponseCodec.decode(W3CHttpResponseCodec.java:50)
	at org.openqa.selenium.remote.HttpCommandExecutor.execute(HttpCommandExecutor.java:190)
	at org.openqa.selenium.remote.service.DriverCommandExecutor.invokeExecute(DriverCommandExecutor.java:216)
	at org.openqa.selenium.remote.service.DriverCommandExecutor.execute(DriverCommandExecutor.java:174)
	at org.openqa.selenium.remote.RemoteWebDriver.execute(RemoteWebDriver.java:518)
	at org.openqa.selenium.remote.RemoteWebElement.execute(RemoteWebElement.java:223)
	at org.openqa.selenium.remote.RemoteWebElement.click(RemoteWebElement.java:76)
	at org.openqa.selenium.support.pagefactory.internal.LocatingElementHandler.invoke(LocatingElementHandler.java:51)
	at jdk.proxy2/jdk.proxy2.$Proxy19.click(Unknown Source)
	at pages.SelectFlightPage.selectDepartureFlight(SelectFlightPage.java:35)
	at test.PrePaymentTest.selectPaymentMethods(PrePaymentTest.java:30)
	at java.base/java.util.ArrayList.forEach(ArrayList.java:1511)
... Removed 35 stack frames</div></td></tr></table><p class="totop"><a href="#summary">back to summary</a></p>
<h3 id="m15">test.SignUpTest#signUp_InValidCredential</h3><table class="result"><tr class="param"><th>Parameter #1</th><th>Parameter #2</th><th>Parameter #3</th><th>Parameter #4</th><th>Parameter #5</th><th>Parameter #6</th><th>Parameter #7</th><th>Parameter #8</th><th>Parameter #9</th><th>Parameter #10</th><th>Parameter #11</th></tr><tr class="param stripe"><td>Miss</td><td>Manasi</td><td>Ken</td><td>India</td><td>January</td><td>1996</td><td>28</td><td></td><td></td><td></td><td></td></tr><tr><th colspan="11">Exception</th></tr><tr><td colspan="11"><div class="stacktrace">org.openqa.selenium.ElementClickInterceptedException: Element &lt;select class=&quot;react-datepicker__month-select&quot;&gt; is not clickable at point (527,337) because another element &lt;div class=&quot;modal-body&quot;&gt; obscures it
Build info: version: &apos;4.20.0&apos;, revision: &apos;866c76ca80&apos;
System info: os.name: &apos;Windows 10&apos;, os.arch: &apos;amd64&apos;, os.version: &apos;10.0&apos;, java.version: &apos;17.0.10&apos;
Driver info: org.openqa.selenium.firefox.FirefoxDriver
Command: [6d02e223-a4a9-4207-8462-8e1751f18988, clickElement {id=2e1c66c9-8d90-4c90-9117-456297ba6101}]
Capabilities {acceptInsecureCerts: true, browserName: firefox, browserVersion: 127.0.2, moz:accessibilityChecks: false, moz:buildID: 20240624183754, moz:debuggerAddress: 127.0.0.1:11859, moz:geckodriverVersion: 0.34.0, moz:headless: false, moz:platformVersion: 10.0, moz:processID: 10132, moz:profile: C:\Users\Admin\AppData\Loca..., moz:shutdownTimeout: 60000, moz:webdriverClick: true, moz:windowless: false, pageLoadStrategy: normal, platformName: windows, proxy: Proxy(), se:cdp: ws://127.0.0.1:11859/devtoo..., se:cdpVersion: 85.0, setWindowRect: true, strictFileInteractability: false, timeouts: {implicit: 0, pageLoad: 300000, script: 30000}, unhandledPromptBehavior: dismiss and notify, userAgent: Mozilla/5.0 (Windows NT 10....}
Element: [[[[FirefoxDriver: firefox on windows (6d02e223-a4a9-4207-8462-8e1751f18988)] -&gt; css selector: .react-datepicker__month-select]] -&gt; xpath: .//option[normalize-space(.) = &quot;January&quot;]]
Session ID: 6d02e223-a4a9-4207-8462-8e1751f18988
	at org.openqa.selenium.remote.ErrorCodec.decode(ErrorCodec.java:167)
	at org.openqa.selenium.remote.codec.w3c.W3CHttpResponseCodec.decode(W3CHttpResponseCodec.java:138)
	at org.openqa.selenium.remote.codec.w3c.W3CHttpResponseCodec.decode(W3CHttpResponseCodec.java:50)
	at org.openqa.selenium.remote.HttpCommandExecutor.execute(HttpCommandExecutor.java:190)
	at org.openqa.selenium.remote.service.DriverCommandExecutor.invokeExecute(DriverCommandExecutor.java:216)
	at org.openqa.selenium.remote.service.DriverCommandExecutor.execute(DriverCommandExecutor.java:174)
	at org.openqa.selenium.remote.RemoteWebDriver.execute(RemoteWebDriver.java:518)
	at org.openqa.selenium.remote.RemoteWebElement.execute(RemoteWebElement.java:223)
	at org.openqa.selenium.remote.RemoteWebElement.click(RemoteWebElement.java:76)
	at org.openqa.selenium.support.ui.Select.setSelected(Select.java:315)
	at org.openqa.selenium.support.ui.Select.selectByVisibleText(Select.java:119)
	at pages.SignUpPage.signUp_InValidCred(SignUpPage.java:148)
	at test.SignUpTest.signUp_InValidCredential(SignUpTest.java:19)
	at java.base/java.util.ArrayList.forEach(ArrayList.java:1511)
... Removed 32 stack frames</div></td></tr></table><p class="totop"><a href="#summary">back to summary</a></p>
<h3 id="m16">test.SignUpTest#signUp_ValidCredential</h3><table class="result"><tr class="param"><th>Parameter #1</th><th>Parameter #2</th><th>Parameter #3</th><th>Parameter #4</th><th>Parameter #5</th><th>Parameter #6</th><th>Parameter #7</th><th>Parameter #8</th><th>Parameter #9</th><th>Parameter #10</th><th>Parameter #11</th></tr><tr class="param stripe"><td>Miss</td><td>Manya</td><td>Krish</td><td>India</td><td>February</td><td>1997</td><td>27</td><td>2147483647</td><td>qaautomationtest113@gmail.com</td><td>Automation@123</td><td>Automation@123</td></tr><tr><th colspan="11">Exception</th></tr><tr><td colspan="11"><div class="stacktrace">org.openqa.selenium.ElementClickInterceptedException: Element &lt;img class=&quot;d-inline-block datepicker&quot; src=&quot;https://spiceclub.spicejet.com/public/icon-date.png&quot;&gt; is not clickable at point (727,597) because another element &lt;div class=&quot;fade modal show&quot;&gt; obscures it
Build info: version: &apos;4.20.0&apos;, revision: &apos;866c76ca80&apos;
System info: os.name: &apos;Windows 10&apos;, os.arch: &apos;amd64&apos;, os.version: &apos;10.0&apos;, java.version: &apos;17.0.10&apos;
Driver info: org.openqa.selenium.firefox.FirefoxDriver
Command: [ad2e899b-a14d-4a7a-a923-3dcfcc1857f8, clickElement {id=5d232171-d663-40bd-9a02-ffcbc42d018e}]
Capabilities {acceptInsecureCerts: true, browserName: firefox, browserVersion: 127.0.2, moz:accessibilityChecks: false, moz:buildID: 20240624183754, moz:debuggerAddress: 127.0.0.1:26899, moz:geckodriverVersion: 0.34.0, moz:headless: false, moz:platformVersion: 10.0, moz:processID: 16280, moz:profile: C:\Users\Admin\AppData\Loca..., moz:shutdownTimeout: 60000, moz:webdriverClick: true, moz:windowless: false, pageLoadStrategy: normal, platformName: windows, proxy: Proxy(), se:cdp: ws://127.0.0.1:26899/devtoo..., se:cdpVersion: 85.0, setWindowRect: true, strictFileInteractability: false, timeouts: {implicit: 0, pageLoad: 300000, script: 30000}, unhandledPromptBehavior: dismiss and notify, userAgent: Mozilla/5.0 (Windows NT 10....}
Element: [[FirefoxDriver: firefox on windows (ad2e899b-a14d-4a7a-a923-3dcfcc1857f8)] -&gt; xpath: //img[contains(@class,&apos;datepicker&apos;)]]
Session ID: ad2e899b-a14d-4a7a-a923-3dcfcc1857f8
	at org.openqa.selenium.remote.ErrorCodec.decode(ErrorCodec.java:167)
	at org.openqa.selenium.remote.codec.w3c.W3CHttpResponseCodec.decode(W3CHttpResponseCodec.java:138)
	at org.openqa.selenium.remote.codec.w3c.W3CHttpResponseCodec.decode(W3CHttpResponseCodec.java:50)
	at org.openqa.selenium.remote.HttpCommandExecutor.execute(HttpCommandExecutor.java:190)
	at org.openqa.selenium.remote.service.DriverCommandExecutor.invokeExecute(DriverCommandExecutor.java:216)
	at org.openqa.selenium.remote.service.DriverCommandExecutor.execute(DriverCommandExecutor.java:174)
	at org.openqa.selenium.remote.RemoteWebDriver.execute(RemoteWebDriver.java:518)
	at org.openqa.selenium.remote.RemoteWebElement.execute(RemoteWebElement.java:223)
	at org.openqa.selenium.remote.RemoteWebElement.click(RemoteWebElement.java:76)
	at org.openqa.selenium.support.pagefactory.internal.LocatingElementHandler.invoke(LocatingElementHandler.java:51)
	at jdk.proxy2/jdk.proxy2.$Proxy19.click(Unknown Source)
	at pages.SignUpPage.signUp_ValidCred(SignUpPage.java:87)
	at test.SignUpTest.signUp_ValidCredential(SignUpTest.java:13)
	at java.base/java.util.ArrayList.forEach(ArrayList.java:1511)
... Removed 35 stack frames</div></td></tr></table><p class="totop"><a href="#summary">back to summary</a></p>
<h3 id="m17">test.BookingTest#bookingDetails</h3><table class="result"><tr class="param"><th>Parameter #1</th><th>Parameter #2</th><th>Parameter #3</th><th>Parameter #4</th><th>Parameter #5</th><th>Parameter #6</th><th>Parameter #7</th><th>Parameter #8</th><th>Parameter #9</th><th>Parameter #10</th><th>Parameter #11</th><th>Parameter #12</th><th>Parameter #13</th><th>Parameter #14</th><th>Parameter #15</th><th>Parameter #16</th></tr><tr class="param stripe"><td>qaautomationtest111@gmail.com</td><td>Automation@123</td><td>Bengaluru</td><td>Kolkata</td><td>25</td><td>July</td><td>2024</td><td>SG 8531</td><td>SpiceMax</td><td>Miss</td><td>Manya</td><td>Krish</td><td>9876543210</td><td>qaautomationtest111@gmail.com</td><td>India</td><td>Delhi</td></tr></table><p class="totop"><a href="#summary">back to summary</a></p>
<h3 id="m18">test.FlightSelectionTest#flightSelection_OneWayBooking</h3><table class="result"><tr class="param"><th>Parameter #1</th><th>Parameter #2</th><th>Parameter #3</th><th>Parameter #4</th><th>Parameter #5</th><th>Parameter #6</th><th>Parameter #7</th><th>Parameter #8</th><th>Parameter #9</th></tr><tr class="param stripe"><td>qaautomationtest111@gmail.com</td><td>Automation@123</td><td>Bengaluru</td><td>Kolkata</td><td>25</td><td>July</td><td>2024</td><td>SG 8531</td><td>SpiceMax</td></tr></table><p class="totop"><a href="#summary">back to summary</a></p>
<h3 id="m19">test.FlightSelectionTest#flightSelection_RoundTripBooking</h3><table class="result"><tr class="param"><th>Parameter #1</th><th>Parameter #2</th><th>Parameter #3</th><th>Parameter #4</th><th>Parameter #5</th><th>Parameter #6</th><th>Parameter #7</th><th>Parameter #8</th><th>Parameter #9</th><th>Parameter #10</th><th>Parameter #11</th><th>Parameter #12</th><th>Parameter #13</th><th>Parameter #14</th></tr><tr class="param stripe"><td>qaautomationtest111@gmail.com</td><td>Automation@123</td><td>Bengaluru</td><td>Kolkata</td><td>25</td><td>July</td><td>2024</td><td>30</td><td>July</td><td>2024</td><td>SG 8531</td><td>SpiceMax</td><td>SG 8532</td><td>SpiceFlex</td></tr></table><p class="totop"><a href="#summary">back to summary</a></p>
<h3 id="m20">test.LogInTest#login_ValidCred</h3><table class="result"><tr class="param"><th>Parameter #1</th><th>Parameter #2</th></tr><tr class="param stripe"><td>qaautomationtest111@gmail.com</td><td>Automation@123</td></tr></table><p class="totop"><a href="#summary">back to summary</a></p>
<h3 id="m21">test.SearchFlightTest#checkFlightStatus</h3><table class="result"><tr class="param"><th>Parameter #1</th><th>Parameter #2</th><th>Parameter #3</th><th>Parameter #4</th></tr><tr class="param stripe"><td>Today</td><td>Bengaluru</td><td>Kolkata</td><td>SG 8531</td></tr></table><p class="totop"><a href="#summary">back to summary</a></p>
<h3 id="m22">test.SearchFlightTest#manageBooking</h3><table class="result"><tr class="param"><th>Parameter #1</th><th>Parameter #2</th><th>Parameter #3</th></tr><tr class="param stripe"><td>2345</td><td>qaautomationtest111@gmail.com</td><td>Automation@123</td></tr></table><p class="totop"><a href="#summary">back to summary</a></p>
<h3 id="m23">test.SearchFlightTest#oneWayBooking</h3><table class="result"><tr class="param"><th>Parameter #1</th><th>Parameter #2</th><th>Parameter #3</th><th>Parameter #4</th><th>Parameter #5</th><th>Parameter #6</th><th>Parameter #7</th></tr><tr class="param stripe"><td>qaautomationtest111@gmail.com</td><td>Automation@123</td><td>Bengaluru</td><td>Kolkata</td><td>25</td><td>July</td><td>2024</td></tr></table><p class="totop"><a href="#summary">back to summary</a></p>
<h3 id="m24">test.SearchFlightTest#performWebCheckIn</h3><table class="result"><tr class="param"><th>Parameter #1</th><th>Parameter #2</th></tr><tr class="param stripe"><td>1234</td><td>qaautomationtest111@gmail.com</td></tr></table><p class="totop"><a href="#summary">back to summary</a></p>
<h3 id="m25">test.SearchFlightTest#roundTripBooking</h3><table class="result"><tr class="param"><th>Parameter #1</th><th>Parameter #2</th><th>Parameter #3</th><th>Parameter #4</th><th>Parameter #5</th><th>Parameter #6</th><th>Parameter #7</th><th>Parameter #8</th><th>Parameter #9</th><th>Parameter #10</th></tr><tr class="param stripe"><td>qaautomationtest111@gmail.com</td><td>Automation@123</td><td>Bengaluru</td><td>Kolkata</td><td>25</td><td>July</td><td>2024</td><td>30</td><td>July</td><td>2024</td></tr></table><p class="totop"><a href="#summary">back to summary</a></p>
</body>
</html>
