<?xml version="1.0" encoding="UTF-8"?>
<testng-results ignored="0" total="26" passed="19" failed="7" skipped="0">
  <reporter-output>
  </reporter-output>
  <suite started-at="2024-06-27T23:24:45 IST" name="Suite" finished-at="2024-06-27T23:42:35 IST" duration-ms="1069684">
    <groups>
    </groups>
    <test started-at="2024-06-27T23:24:45 IST" name="ChromeTest" finished-at="2024-06-27T23:33:59 IST" duration-ms="553862">
      <class name="test.LogInTest">
        <test-method is-config="true" signature="launchBrowser(java.lang.String,java.lang.String)[pri:0, instance:test.LogInTest@60db1c0e]" started-at="2024-06-27T23:26:12 IST" name="launchBrowser" finished-at="2024-06-27T23:26:23 IST" duration-ms="11004" status="PASS">
          <params>
            <param index="0">
              <value>
                <![CDATA[chrome]]>
              </value>
            </param>
            <param index="1">
              <value>
                <![CDATA[https://www.spicejet.com/]]>
              </value>
            </param>
          </params>
          <reporter-output>
          </reporter-output>
        </test-method> <!-- launchBrowser -->
        <test-method signature="login_ValidCred(java.lang.String,java.lang.String)[pri:0, instance:test.LogInTest@60db1c0e]" started-at="2024-06-27T23:26:23 IST" name="login_ValidCred" data-provider="valid_LogInDetails" finished-at="2024-06-27T23:26:40 IST" duration-ms="16613" status="PASS">
          <params>
            <param index="0">
              <value>
                <![CDATA[qaautomationtest111@gmail.com]]>
              </value>
            </param>
            <param index="1">
              <value>
                <![CDATA[Automation@123]]>
              </value>
            </param>
          </params>
          <reporter-output>
          </reporter-output>
        </test-method> <!-- login_ValidCred -->
        <test-method is-config="true" signature="closeBrowser()[pri:0, instance:test.LogInTest@60db1c0e]" started-at="2024-06-27T23:26:40 IST" name="closeBrowser" finished-at="2024-06-27T23:26:42 IST" duration-ms="1493" status="PASS">
          <reporter-output>
          </reporter-output>
        </test-method> <!-- closeBrowser -->
      </class> <!-- test.LogInTest -->
      <class name="test.AddOnsTest">
        <test-method is-config="true" signature="launchBrowser(java.lang.String,java.lang.String)[pri:0, instance:test.AddOnsTest@2438dcd]" started-at="2024-06-27T23:31:03 IST" name="launchBrowser" finished-at="2024-06-27T23:31:13 IST" duration-ms="9688" status="PASS">
          <params>
            <param index="0">
              <value>
                <![CDATA[chrome]]>
              </value>
            </param>
            <param index="1">
              <value>
                <![CDATA[https://www.spicejet.com/]]>
              </value>
            </param>
          </params>
          <reporter-output>
          </reporter-output>
        </test-method> <!-- launchBrowser -->
        <test-method signature="bookingDetails(java.lang.String,java.lang.String,java.lang.String,java.lang.String,java.lang.String,java.lang.String,java.lang.String,java.lang.String,java.lang.String,java.lang.String,java.lang.String,java.lang.String,java.lang.String,java.lang.String,java.lang.String,java.lang.String,java.lang.String,java.lang.String)[pri:1, instance:test.AddOnsTest@2438dcd]" started-at="2024-06-27T23:31:13 IST" name="bookingDetails" data-provider="addOnsDetails" finished-at="2024-06-27T23:32:38 IST" duration-ms="85101" status="FAIL">
          <params>
            <param index="0">
              <value>
                <![CDATA[qaautomationtest111@gmail.com]]>
              </value>
            </param>
            <param index="1">
              <value>
                <![CDATA[Automation@123]]>
              </value>
            </param>
            <param index="2">
              <value>
                <![CDATA[Bengaluru]]>
              </value>
            </param>
            <param index="3">
              <value>
                <![CDATA[Kolkata]]>
              </value>
            </param>
            <param index="4">
              <value>
                <![CDATA[25]]>
              </value>
            </param>
            <param index="5">
              <value>
                <![CDATA[July]]>
              </value>
            </param>
            <param index="6">
              <value>
                <![CDATA[2024]]>
              </value>
            </param>
            <param index="7">
              <value>
                <![CDATA[SG 8531]]>
              </value>
            </param>
            <param index="8">
              <value>
                <![CDATA[SpiceMax]]>
              </value>
            </param>
            <param index="9">
              <value>
                <![CDATA[Miss]]>
              </value>
            </param>
            <param index="10">
              <value>
                <![CDATA[Manya]]>
              </value>
            </param>
            <param index="11">
              <value>
                <![CDATA[Krish]]>
              </value>
            </param>
            <param index="12">
              <value>
                <![CDATA[9876543210]]>
              </value>
            </param>
            <param index="13">
              <value>
                <![CDATA[qaautomationtest111@gmail.com]]>
              </value>
            </param>
            <param index="14">
              <value>
                <![CDATA[India]]>
              </value>
            </param>
            <param index="15">
              <value>
                <![CDATA[Delhi]]>
              </value>
            </param>
            <param index="16">
              <value>
                <![CDATA[1C]]>
              </value>
            </param>
            <param index="17">
              <value>
                <![CDATA[Raseele chole]]>
              </value>
            </param>
          </params>
          <exception class="org.openqa.selenium.NoSuchElementException">
            <message>
              <![CDATA[no such element: Unable to locate element: {"method":"xpath","selector":"//div[text()='Select Meals']/parent::div"}
  (Session info: chrome=126.0.6478.126)
For documentation on this error, please visit: https://www.selenium.dev/documentation/webdriver/troubleshooting/errors#no-such-element-exception
Build info: version: '4.20.0', revision: '866c76ca80'
System info: os.name: 'Windows 10', os.arch: 'amd64', os.version: '10.0', java.version: '17.0.10'
Driver info: org.openqa.selenium.chrome.ChromeDriver
Command: [c357003978dd6412ab0049210890376d, findElement {value=//div[text()='Select Meals']/parent::div, using=xpath}]
Capabilities {acceptInsecureCerts: false, browserName: chrome, browserVersion: 126.0.6478.126, chrome: {chromedriverVersion: 126.0.6478.126 (d36ace6122e..., userDataDir: C:\Users\Admin\AppData\Loca...}, fedcm:accounts: true, goog:chromeOptions: {debuggerAddress: localhost:58297}, networkConnectionEnabled: false, pageLoadStrategy: normal, platformName: windows, proxy: Proxy(), se:cdp: ws://localhost:58297/devtoo..., se:cdpVersion: 126.0.6478.126, setWindowRect: true, strictFileInteractability: false, timeouts: {implicit: 0, pageLoad: 300000, script: 30000}, unhandledPromptBehavior: dismiss and notify, webauthn:extension:credBlob: true, webauthn:extension:largeBlob: true, webauthn:extension:minPinLength: true, webauthn:extension:prf: true, webauthn:virtualAuthenticators: true}
Session ID: c357003978dd6412ab0049210890376d]]>
            </message>
            <full-stacktrace>
              <![CDATA[org.openqa.selenium.NoSuchElementException: no such element: Unable to locate element: {"method":"xpath","selector":"//div[text()='Select Meals']/parent::div"}
  (Session info: chrome=126.0.6478.126)
For documentation on this error, please visit: https://www.selenium.dev/documentation/webdriver/troubleshooting/errors#no-such-element-exception
Build info: version: '4.20.0', revision: '866c76ca80'
System info: os.name: 'Windows 10', os.arch: 'amd64', os.version: '10.0', java.version: '17.0.10'
Driver info: org.openqa.selenium.chrome.ChromeDriver
Command: [c357003978dd6412ab0049210890376d, findElement {value=//div[text()='Select Meals']/parent::div, using=xpath}]
Capabilities {acceptInsecureCerts: false, browserName: chrome, browserVersion: 126.0.6478.126, chrome: {chromedriverVersion: 126.0.6478.126 (d36ace6122e..., userDataDir: C:\Users\Admin\AppData\Loca...}, fedcm:accounts: true, goog:chromeOptions: {debuggerAddress: localhost:58297}, networkConnectionEnabled: false, pageLoadStrategy: normal, platformName: windows, proxy: Proxy(), se:cdp: ws://localhost:58297/devtoo..., se:cdpVersion: 126.0.6478.126, setWindowRect: true, strictFileInteractability: false, timeouts: {implicit: 0, pageLoad: 300000, script: 30000}, unhandledPromptBehavior: dismiss and notify, webauthn:extension:credBlob: true, webauthn:extension:largeBlob: true, webauthn:extension:minPinLength: true, webauthn:extension:prf: true, webauthn:virtualAuthenticators: true}
Session ID: c357003978dd6412ab0049210890376d
at java.base/jdk.internal.reflect.NativeConstructorAccessorImpl.newInstance0(Native Method)
at java.base/jdk.internal.reflect.NativeConstructorAccessorImpl.newInstance(NativeConstructorAccessorImpl.java:77)
at java.base/jdk.internal.reflect.DelegatingConstructorAccessorImpl.newInstance(DelegatingConstructorAccessorImpl.java:45)
at java.base/java.lang.reflect.Constructor.newInstanceWithCaller(Constructor.java:499)
at java.base/java.lang.reflect.Constructor.newInstance(Constructor.java:480)
at org.openqa.selenium.remote.ErrorCodec.decode(ErrorCodec.java:167)
at org.openqa.selenium.remote.codec.w3c.W3CHttpResponseCodec.decode(W3CHttpResponseCodec.java:138)
at org.openqa.selenium.remote.codec.w3c.W3CHttpResponseCodec.decode(W3CHttpResponseCodec.java:50)
at org.openqa.selenium.remote.HttpCommandExecutor.execute(HttpCommandExecutor.java:190)
at org.openqa.selenium.remote.service.DriverCommandExecutor.invokeExecute(DriverCommandExecutor.java:216)
at org.openqa.selenium.remote.service.DriverCommandExecutor.execute(DriverCommandExecutor.java:174)
at org.openqa.selenium.remote.RemoteWebDriver.execute(RemoteWebDriver.java:518)
at org.openqa.selenium.remote.ElementLocation$ElementFinder$2.findElement(ElementLocation.java:165)
at org.openqa.selenium.remote.ElementLocation.findElement(ElementLocation.java:59)
at org.openqa.selenium.remote.RemoteWebDriver.findElement(RemoteWebDriver.java:355)
at org.openqa.selenium.remote.RemoteWebDriver.findElement(RemoteWebDriver.java:349)
at org.openqa.selenium.support.pagefactory.DefaultElementLocator.findElement(DefaultElementLocator.java:68)
at org.openqa.selenium.support.pagefactory.internal.LocatingElementHandler.invoke(LocatingElementHandler.java:38)
at jdk.proxy2/jdk.proxy2.$Proxy19.click(Unknown Source)
at pages.AddOnsPage.mealSelection(AddOnsPage.java:51)
at test.AddOnsTest.bookingDetails(AddOnsTest.java:27)
at java.base/jdk.internal.reflect.NativeMethodAccessorImpl.invoke0(Native Method)
at java.base/jdk.internal.reflect.NativeMethodAccessorImpl.invoke(NativeMethodAccessorImpl.java:77)
at java.base/jdk.internal.reflect.DelegatingMethodAccessorImpl.invoke(DelegatingMethodAccessorImpl.java:43)
at java.base/java.lang.reflect.Method.invoke(Method.java:568)
at org.testng.internal.invokers.MethodInvocationHelper.invokeMethod(MethodInvocationHelper.java:141)
at org.testng.internal.invokers.TestInvoker.invokeMethod(TestInvoker.java:686)
at org.testng.internal.invokers.TestInvoker.invokeTestMethod(TestInvoker.java:230)
at org.testng.internal.invokers.MethodRunner.runInSequence(MethodRunner.java:63)
at org.testng.internal.invokers.TestInvoker$MethodInvocationAgent.invoke(TestInvoker.java:992)
at org.testng.internal.invokers.TestInvoker.invokeTestMethods(TestInvoker.java:203)
at org.testng.internal.invokers.TestMethodWorker.invokeTestMethods(TestMethodWorker.java:154)
at org.testng.internal.invokers.TestMethodWorker.run(TestMethodWorker.java:134)
at java.base/java.util.ArrayList.forEach(ArrayList.java:1511)
at org.testng.TestRunner.privateRun(TestRunner.java:739)
at org.testng.TestRunner.run(TestRunner.java:614)
at org.testng.SuiteRunner.runTest(SuiteRunner.java:421)
at org.testng.SuiteRunner.runSequentially(SuiteRunner.java:413)
at org.testng.SuiteRunner.privateRun(SuiteRunner.java:373)
at org.testng.SuiteRunner.run(SuiteRunner.java:312)
at org.testng.SuiteRunnerWorker.runSuite(SuiteRunnerWorker.java:52)
at org.testng.SuiteRunnerWorker.run(SuiteRunnerWorker.java:95)
at org.testng.TestNG.runSuitesSequentially(TestNG.java:1274)
at org.testng.TestNG.runSuitesLocally(TestNG.java:1208)
at org.testng.TestNG.runSuites(TestNG.java:1112)
at org.testng.TestNG.run(TestNG.java:1079)
at org.testng.remote.AbstractRemoteTestNG.run(AbstractRemoteTestNG.java:115)
at org.testng.remote.RemoteTestNG.initAndRun(RemoteTestNG.java:293)
at org.testng.remote.RemoteTestNG.main(RemoteTestNG.java:91)
]]>
            </full-stacktrace>
          </exception> <!-- org.openqa.selenium.NoSuchElementException -->
          <reporter-output>
          </reporter-output>
        </test-method> <!-- bookingDetails -->
        <test-method is-config="true" signature="closeBrowser()[pri:0, instance:test.AddOnsTest@2438dcd]" started-at="2024-06-27T23:32:38 IST" name="closeBrowser" finished-at="2024-06-27T23:32:39 IST" duration-ms="888" status="PASS">
          <reporter-output>
          </reporter-output>
        </test-method> <!-- closeBrowser -->
      </class> <!-- test.AddOnsTest -->
      <class name="test.FlightSelectionTest">
        <test-method is-config="true" signature="launchBrowser(java.lang.String,java.lang.String)[pri:0, instance:test.FlightSelectionTest@769a1df5]" started-at="2024-06-27T23:28:01 IST" name="launchBrowser" finished-at="2024-06-27T23:28:13 IST" duration-ms="11444" status="PASS">
          <params>
            <param index="0">
              <value>
                <![CDATA[chrome]]>
              </value>
            </param>
            <param index="1">
              <value>
                <![CDATA[https://www.spicejet.com/]]>
              </value>
            </param>
          </params>
          <reporter-output>
          </reporter-output>
        </test-method> <!-- launchBrowser -->
        <test-method signature="flightSelection_OneWayBooking(java.lang.String,java.lang.String,java.lang.String,java.lang.String,java.lang.String,java.lang.String,java.lang.String,java.lang.String,java.lang.String)[pri:1, instance:test.FlightSelectionTest@769a1df5]" started-at="2024-06-27T23:28:13 IST" name="flightSelection_OneWayBooking" data-provider="selectDepartureFlight" finished-at="2024-06-27T23:28:53 IST" duration-ms="39965" status="PASS">
          <params>
            <param index="0">
              <value>
                <![CDATA[qaautomationtest111@gmail.com]]>
              </value>
            </param>
            <param index="1">
              <value>
                <![CDATA[Automation@123]]>
              </value>
            </param>
            <param index="2">
              <value>
                <![CDATA[Bengaluru]]>
              </value>
            </param>
            <param index="3">
              <value>
                <![CDATA[Kolkata]]>
              </value>
            </param>
            <param index="4">
              <value>
                <![CDATA[25]]>
              </value>
            </param>
            <param index="5">
              <value>
                <![CDATA[July]]>
              </value>
            </param>
            <param index="6">
              <value>
                <![CDATA[2024]]>
              </value>
            </param>
            <param index="7">
              <value>
                <![CDATA[SG 8531]]>
              </value>
            </param>
            <param index="8">
              <value>
                <![CDATA[SpiceMax]]>
              </value>
            </param>
          </params>
          <reporter-output>
          </reporter-output>
        </test-method> <!-- flightSelection_OneWayBooking -->
        <test-method is-config="true" signature="closeBrowser()[pri:0, instance:test.FlightSelectionTest@769a1df5]" started-at="2024-06-27T23:28:53 IST" name="closeBrowser" finished-at="2024-06-27T23:28:53 IST" duration-ms="892" status="PASS">
          <reporter-output>
          </reporter-output>
        </test-method> <!-- closeBrowser -->
        <test-method is-config="true" signature="launchBrowser(java.lang.String,java.lang.String)[pri:0, instance:test.FlightSelectionTest@769a1df5]" started-at="2024-06-27T23:28:54 IST" name="launchBrowser" finished-at="2024-06-27T23:29:04 IST" duration-ms="10305" status="PASS">
          <params>
            <param index="0">
              <value>
                <![CDATA[chrome]]>
              </value>
            </param>
            <param index="1">
              <value>
                <![CDATA[https://www.spicejet.com/]]>
              </value>
            </param>
          </params>
          <reporter-output>
          </reporter-output>
        </test-method> <!-- launchBrowser -->
        <test-method signature="flightSelection_RoundTripBooking(java.lang.String,java.lang.String,java.lang.String,java.lang.String,java.lang.String,java.lang.String,java.lang.String,java.lang.String,java.lang.String,java.lang.String,java.lang.String,java.lang.String,java.lang.String,java.lang.String)[pri:2, instance:test.FlightSelectionTest@769a1df5]" started-at="2024-06-27T23:29:04 IST" name="flightSelection_RoundTripBooking" data-provider="selectReturnFlight" finished-at="2024-06-27T23:29:56 IST" duration-ms="51818" status="PASS">
          <params>
            <param index="0">
              <value>
                <![CDATA[qaautomationtest111@gmail.com]]>
              </value>
            </param>
            <param index="1">
              <value>
                <![CDATA[Automation@123]]>
              </value>
            </param>
            <param index="2">
              <value>
                <![CDATA[Bengaluru]]>
              </value>
            </param>
            <param index="3">
              <value>
                <![CDATA[Kolkata]]>
              </value>
            </param>
            <param index="4">
              <value>
                <![CDATA[25]]>
              </value>
            </param>
            <param index="5">
              <value>
                <![CDATA[July]]>
              </value>
            </param>
            <param index="6">
              <value>
                <![CDATA[2024]]>
              </value>
            </param>
            <param index="7">
              <value>
                <![CDATA[30]]>
              </value>
            </param>
            <param index="8">
              <value>
                <![CDATA[July]]>
              </value>
            </param>
            <param index="9">
              <value>
                <![CDATA[2024]]>
              </value>
            </param>
            <param index="10">
              <value>
                <![CDATA[SG 8531]]>
              </value>
            </param>
            <param index="11">
              <value>
                <![CDATA[SpiceMax]]>
              </value>
            </param>
            <param index="12">
              <value>
                <![CDATA[SG 8532]]>
              </value>
            </param>
            <param index="13">
              <value>
                <![CDATA[SpiceFlex]]>
              </value>
            </param>
          </params>
          <reporter-output>
          </reporter-output>
        </test-method> <!-- flightSelection_RoundTripBooking -->
        <test-method is-config="true" signature="closeBrowser()[pri:0, instance:test.FlightSelectionTest@769a1df5]" started-at="2024-06-27T23:29:56 IST" name="closeBrowser" finished-at="2024-06-27T23:29:57 IST" duration-ms="968" status="PASS">
          <reporter-output>
          </reporter-output>
        </test-method> <!-- closeBrowser -->
      </class> <!-- test.FlightSelectionTest -->
      <class name="test.SignUpTest">
        <test-method is-config="true" signature="launchBrowser(java.lang.String,java.lang.String)[pri:0, instance:test.SignUpTest@37313c65]" started-at="2024-06-27T23:24:47 IST" name="launchBrowser" finished-at="2024-06-27T23:25:01 IST" duration-ms="13992" status="PASS">
          <params>
            <param index="0">
              <value>
                <![CDATA[chrome]]>
              </value>
            </param>
            <param index="1">
              <value>
                <![CDATA[https://www.spicejet.com/]]>
              </value>
            </param>
          </params>
          <reporter-output>
          </reporter-output>
        </test-method> <!-- launchBrowser -->
        <test-method signature="signUp_ValidCredential(java.lang.String,java.lang.String,java.lang.String,java.lang.String,java.lang.String,java.lang.String,java.lang.String,java.lang.String,java.lang.String,java.lang.String,java.lang.String)[pri:1, instance:test.SignUpTest@37313c65]" started-at="2024-06-27T23:25:01 IST" name="signUp_ValidCredential" data-provider="valid_SignUpDetails" finished-at="2024-06-27T23:25:33 IST" duration-ms="31612" status="PASS">
          <params>
            <param index="0">
              <value>
                <![CDATA[Miss]]>
              </value>
            </param>
            <param index="1">
              <value>
                <![CDATA[Manya]]>
              </value>
            </param>
            <param index="2">
              <value>
                <![CDATA[Krish]]>
              </value>
            </param>
            <param index="3">
              <value>
                <![CDATA[India]]>
              </value>
            </param>
            <param index="4">
              <value>
                <![CDATA[February]]>
              </value>
            </param>
            <param index="5">
              <value>
                <![CDATA[1997]]>
              </value>
            </param>
            <param index="6">
              <value>
                <![CDATA[27]]>
              </value>
            </param>
            <param index="7">
              <value>
                <![CDATA[2147483647]]>
              </value>
            </param>
            <param index="8">
              <value>
                <![CDATA[qaautomationtest113@gmail.com]]>
              </value>
            </param>
            <param index="9">
              <value>
                <![CDATA[Automation@123]]>
              </value>
            </param>
            <param index="10">
              <value>
                <![CDATA[Automation@123]]>
              </value>
            </param>
          </params>
          <reporter-output>
          </reporter-output>
        </test-method> <!-- signUp_ValidCredential -->
        <test-method is-config="true" signature="closeBrowser()[pri:0, instance:test.SignUpTest@37313c65]" started-at="2024-06-27T23:25:33 IST" name="closeBrowser" finished-at="2024-06-27T23:25:34 IST" duration-ms="1363" status="PASS">
          <reporter-output>
          </reporter-output>
        </test-method> <!-- closeBrowser -->
        <test-method is-config="true" signature="launchBrowser(java.lang.String,java.lang.String)[pri:0, instance:test.SignUpTest@37313c65]" started-at="2024-06-27T23:25:35 IST" name="launchBrowser" finished-at="2024-06-27T23:25:45 IST" duration-ms="10805" status="PASS">
          <params>
            <param index="0">
              <value>
                <![CDATA[chrome]]>
              </value>
            </param>
            <param index="1">
              <value>
                <![CDATA[https://www.spicejet.com/]]>
              </value>
            </param>
          </params>
          <reporter-output>
          </reporter-output>
        </test-method> <!-- launchBrowser -->
        <test-method signature="signUp_InValidCredential(java.lang.String,java.lang.String,java.lang.String,java.lang.String,java.lang.String,java.lang.String,java.lang.String,java.lang.String,java.lang.String,java.lang.String,java.lang.String)[pri:2, instance:test.SignUpTest@37313c65]" started-at="2024-06-27T23:25:45 IST" name="signUp_InValidCredential" data-provider="invalid_SignUpDetails" finished-at="2024-06-27T23:26:11 IST" duration-ms="26001" status="PASS">
          <params>
            <param index="0">
              <value>
                <![CDATA[Miss]]>
              </value>
            </param>
            <param index="1">
              <value>
                <![CDATA[Manasi]]>
              </value>
            </param>
            <param index="2">
              <value>
                <![CDATA[Ken]]>
              </value>
            </param>
            <param index="3">
              <value>
                <![CDATA[India]]>
              </value>
            </param>
            <param index="4">
              <value>
                <![CDATA[January]]>
              </value>
            </param>
            <param index="5">
              <value>
                <![CDATA[1996]]>
              </value>
            </param>
            <param index="6">
              <value>
                <![CDATA[28]]>
              </value>
            </param>
            <param index="7">
              <value>
                <![CDATA[]]>
              </value>
            </param>
            <param index="8">
              <value>
                <![CDATA[]]>
              </value>
            </param>
            <param index="9">
              <value>
                <![CDATA[]]>
              </value>
            </param>
            <param index="10">
              <value>
                <![CDATA[]]>
              </value>
            </param>
          </params>
          <reporter-output>
          </reporter-output>
        </test-method> <!-- signUp_InValidCredential -->
        <test-method is-config="true" signature="closeBrowser()[pri:0, instance:test.SignUpTest@37313c65]" started-at="2024-06-27T23:26:11 IST" name="closeBrowser" finished-at="2024-06-27T23:26:12 IST" duration-ms="888" status="PASS">
          <reporter-output>
          </reporter-output>
        </test-method> <!-- closeBrowser -->
      </class> <!-- test.SignUpTest -->
      <class name="test.SearchFlightTest">
        <test-method is-config="true" signature="launchBrowser(java.lang.String,java.lang.String)[pri:0, instance:test.SearchFlightTest@3e78b6a5]" started-at="2024-06-27T23:26:42 IST" name="launchBrowser" finished-at="2024-06-27T23:26:53 IST" duration-ms="11180" status="PASS">
          <params>
            <param index="0">
              <value>
                <![CDATA[chrome]]>
              </value>
            </param>
            <param index="1">
              <value>
                <![CDATA[https://www.spicejet.com/]]>
              </value>
            </param>
          </params>
          <reporter-output>
          </reporter-output>
        </test-method> <!-- launchBrowser -->
        <test-method signature="oneWayBooking(java.lang.String,java.lang.String,java.lang.String,java.lang.String,java.lang.String,java.lang.String,java.lang.String)[pri:1, instance:test.SearchFlightTest@3e78b6a5]" started-at="2024-06-27T23:26:53 IST" name="oneWayBooking" data-provider="oneWayDetails" finished-at="2024-06-27T23:26:57 IST" duration-ms="3925" status="PASS">
          <params>
            <param index="0">
              <value>
                <![CDATA[qaautomationtest111@gmail.com]]>
              </value>
            </param>
            <param index="1">
              <value>
                <![CDATA[Automation@123]]>
              </value>
            </param>
            <param index="2">
              <value>
                <![CDATA[Bengaluru]]>
              </value>
            </param>
            <param index="3">
              <value>
                <![CDATA[Kolkata]]>
              </value>
            </param>
            <param index="4">
              <value>
                <![CDATA[25]]>
              </value>
            </param>
            <param index="5">
              <value>
                <![CDATA[July]]>
              </value>
            </param>
            <param index="6">
              <value>
                <![CDATA[2024]]>
              </value>
            </param>
          </params>
          <reporter-output>
          </reporter-output>
        </test-method> <!-- oneWayBooking -->
        <test-method is-config="true" signature="closeBrowser()[pri:0, instance:test.SearchFlightTest@3e78b6a5]" started-at="2024-06-27T23:26:57 IST" name="closeBrowser" finished-at="2024-06-27T23:26:58 IST" duration-ms="781" status="PASS">
          <reporter-output>
          </reporter-output>
        </test-method> <!-- closeBrowser -->
        <test-method is-config="true" signature="launchBrowser(java.lang.String,java.lang.String)[pri:0, instance:test.SearchFlightTest@3e78b6a5]" started-at="2024-06-27T23:26:58 IST" name="launchBrowser" finished-at="2024-06-27T23:27:09 IST" duration-ms="10454" status="PASS">
          <params>
            <param index="0">
              <value>
                <![CDATA[chrome]]>
              </value>
            </param>
            <param index="1">
              <value>
                <![CDATA[https://www.spicejet.com/]]>
              </value>
            </param>
          </params>
          <reporter-output>
          </reporter-output>
        </test-method> <!-- launchBrowser -->
        <test-method signature="roundTripBooking(java.lang.String,java.lang.String,java.lang.String,java.lang.String,java.lang.String,java.lang.String,java.lang.String,java.lang.String,java.lang.String,java.lang.String)[pri:2, instance:test.SearchFlightTest@3e78b6a5]" started-at="2024-06-27T23:27:09 IST" name="roundTripBooking" data-provider="roundTripDetails" finished-at="2024-06-27T23:27:16 IST" duration-ms="7506" status="PASS">
          <params>
            <param index="0">
              <value>
                <![CDATA[qaautomationtest111@gmail.com]]>
              </value>
            </param>
            <param index="1">
              <value>
                <![CDATA[Automation@123]]>
              </value>
            </param>
            <param index="2">
              <value>
                <![CDATA[Bengaluru]]>
              </value>
            </param>
            <param index="3">
              <value>
                <![CDATA[Kolkata]]>
              </value>
            </param>
            <param index="4">
              <value>
                <![CDATA[25]]>
              </value>
            </param>
            <param index="5">
              <value>
                <![CDATA[July]]>
              </value>
            </param>
            <param index="6">
              <value>
                <![CDATA[2024]]>
              </value>
            </param>
            <param index="7">
              <value>
                <![CDATA[30]]>
              </value>
            </param>
            <param index="8">
              <value>
                <![CDATA[July]]>
              </value>
            </param>
            <param index="9">
              <value>
                <![CDATA[2024]]>
              </value>
            </param>
          </params>
          <reporter-output>
          </reporter-output>
        </test-method> <!-- roundTripBooking -->
        <test-method is-config="true" signature="closeBrowser()[pri:0, instance:test.SearchFlightTest@3e78b6a5]" started-at="2024-06-27T23:27:16 IST" name="closeBrowser" finished-at="2024-06-27T23:27:17 IST" duration-ms="679" status="PASS">
          <reporter-output>
          </reporter-output>
        </test-method> <!-- closeBrowser -->
        <test-method is-config="true" signature="launchBrowser(java.lang.String,java.lang.String)[pri:0, instance:test.SearchFlightTest@3e78b6a5]" started-at="2024-06-27T23:27:17 IST" name="launchBrowser" finished-at="2024-06-27T23:27:29 IST" duration-ms="11537" status="PASS">
          <params>
            <param index="0">
              <value>
                <![CDATA[chrome]]>
              </value>
            </param>
            <param index="1">
              <value>
                <![CDATA[https://www.spicejet.com/]]>
              </value>
            </param>
          </params>
          <reporter-output>
          </reporter-output>
        </test-method> <!-- launchBrowser -->
        <test-method signature="performWebCheckIn(java.lang.String,java.lang.String)[pri:3, instance:test.SearchFlightTest@3e78b6a5]" started-at="2024-06-27T23:27:29 IST" name="performWebCheckIn" data-provider="checkInDetails" finished-at="2024-06-27T23:27:30 IST" duration-ms="1463" status="PASS">
          <params>
            <param index="0">
              <value>
                <![CDATA[1234]]>
              </value>
            </param>
            <param index="1">
              <value>
                <![CDATA[qaautomationtest111@gmail.com]]>
              </value>
            </param>
          </params>
          <reporter-output>
          </reporter-output>
        </test-method> <!-- performWebCheckIn -->
        <test-method is-config="true" signature="closeBrowser()[pri:0, instance:test.SearchFlightTest@3e78b6a5]" started-at="2024-06-27T23:27:30 IST" name="closeBrowser" finished-at="2024-06-27T23:27:31 IST" duration-ms="789" status="PASS">
          <reporter-output>
          </reporter-output>
        </test-method> <!-- closeBrowser -->
        <test-method is-config="true" signature="launchBrowser(java.lang.String,java.lang.String)[pri:0, instance:test.SearchFlightTest@3e78b6a5]" started-at="2024-06-27T23:27:31 IST" name="launchBrowser" finished-at="2024-06-27T23:27:42 IST" duration-ms="10753" status="PASS">
          <params>
            <param index="0">
              <value>
                <![CDATA[chrome]]>
              </value>
            </param>
            <param index="1">
              <value>
                <![CDATA[https://www.spicejet.com/]]>
              </value>
            </param>
          </params>
          <reporter-output>
          </reporter-output>
        </test-method> <!-- launchBrowser -->
        <test-method signature="checkFlightStatus(java.lang.String,java.lang.String,java.lang.String,java.lang.String)[pri:4, instance:test.SearchFlightTest@3e78b6a5]" started-at="2024-06-27T23:27:42 IST" name="checkFlightStatus" data-provider="flightStatusDetails" finished-at="2024-06-27T23:27:45 IST" duration-ms="3121" status="PASS">
          <params>
            <param index="0">
              <value>
                <![CDATA[Today]]>
              </value>
            </param>
            <param index="1">
              <value>
                <![CDATA[Bengaluru]]>
              </value>
            </param>
            <param index="2">
              <value>
                <![CDATA[Kolkata]]>
              </value>
            </param>
            <param index="3">
              <value>
                <![CDATA[SG 8531]]>
              </value>
            </param>
          </params>
          <reporter-output>
          </reporter-output>
        </test-method> <!-- checkFlightStatus -->
        <test-method is-config="true" signature="closeBrowser()[pri:0, instance:test.SearchFlightTest@3e78b6a5]" started-at="2024-06-27T23:27:45 IST" name="closeBrowser" finished-at="2024-06-27T23:27:46 IST" duration-ms="792" status="PASS">
          <reporter-output>
          </reporter-output>
        </test-method> <!-- closeBrowser -->
        <test-method is-config="true" signature="launchBrowser(java.lang.String,java.lang.String)[pri:0, instance:test.SearchFlightTest@3e78b6a5]" started-at="2024-06-27T23:27:46 IST" name="launchBrowser" finished-at="2024-06-27T23:27:56 IST" duration-ms="10290" status="PASS">
          <params>
            <param index="0">
              <value>
                <![CDATA[chrome]]>
              </value>
            </param>
            <param index="1">
              <value>
                <![CDATA[https://www.spicejet.com/]]>
              </value>
            </param>
          </params>
          <reporter-output>
          </reporter-output>
        </test-method> <!-- launchBrowser -->
        <test-method signature="manageBooking(java.lang.String,java.lang.String,java.lang.String)[pri:5, instance:test.SearchFlightTest@3e78b6a5]" started-at="2024-06-27T23:27:56 IST" name="manageBooking" data-provider="manageBookingDetails" finished-at="2024-06-27T23:28:00 IST" duration-ms="3929" status="FAIL">
          <params>
            <param index="0">
              <value>
                <![CDATA[2345]]>
              </value>
            </param>
            <param index="1">
              <value>
                <![CDATA[qaautomationtest111@gmail.com]]>
              </value>
            </param>
            <param index="2">
              <value>
                <![CDATA[Automation@123]]>
              </value>
            </param>
          </params>
          <exception class="org.openqa.selenium.ElementClickInterceptedException">
            <message>
              <![CDATA[element click intercepted: Element <circle cx="9" cy="9" r="8" fill="#FFF" fill-rule="evenodd" stroke="#DDDDDD" stroke-width="2"></circle> is not clickable at point (1266, 266). Other element would receive the click: <div class="css-1dbjc4n r-1d09ksm r-18u37iz">...</div>
  (Session info: chrome=126.0.6478.126)
Build info: version: '4.20.0', revision: '866c76ca80'
System info: os.name: 'Windows 10', os.arch: 'amd64', os.version: '10.0', java.version: '17.0.10'
Driver info: org.openqa.selenium.chrome.ChromeDriver
Command: [dc99658bfaba04a0ecb15e23d07620f8, clickElement {id=f.4CE837F12022406F0F417220DE7F64A8.d.D9C29FCC737175C48772B2F7AE60D4D9.e.3090}]
Capabilities {acceptInsecureCerts: false, browserName: chrome, browserVersion: 126.0.6478.126, chrome: {chromedriverVersion: 126.0.6478.126 (d36ace6122e..., userDataDir: C:\Users\Admin\AppData\Loca...}, fedcm:accounts: true, goog:chromeOptions: {debuggerAddress: localhost:57870}, networkConnectionEnabled: false, pageLoadStrategy: normal, platformName: windows, proxy: Proxy(), se:cdp: ws://localhost:57870/devtoo..., se:cdpVersion: 126.0.6478.126, setWindowRect: true, strictFileInteractability: false, timeouts: {implicit: 0, pageLoad: 300000, script: 30000}, unhandledPromptBehavior: dismiss and notify, webauthn:extension:credBlob: true, webauthn:extension:largeBlob: true, webauthn:extension:minPinLength: true, webauthn:extension:prf: true, webauthn:virtualAuthenticators: true}
Element: [[ChromeDriver: chrome on windows (dc99658bfaba04a0ecb15e23d07620f8)] -> xpath: //div[text()='Email']/parent::div/preceding-sibling::div//*[local-name()='svg']/*[local-name()='circle']]
Session ID: dc99658bfaba04a0ecb15e23d07620f8]]>
            </message>
            <full-stacktrace>
              <![CDATA[org.openqa.selenium.ElementClickInterceptedException: element click intercepted: Element <circle cx="9" cy="9" r="8" fill="#FFF" fill-rule="evenodd" stroke="#DDDDDD" stroke-width="2"></circle> is not clickable at point (1266, 266). Other element would receive the click: <div class="css-1dbjc4n r-1d09ksm r-18u37iz">...</div>
  (Session info: chrome=126.0.6478.126)
Build info: version: '4.20.0', revision: '866c76ca80'
System info: os.name: 'Windows 10', os.arch: 'amd64', os.version: '10.0', java.version: '17.0.10'
Driver info: org.openqa.selenium.chrome.ChromeDriver
Command: [dc99658bfaba04a0ecb15e23d07620f8, clickElement {id=f.4CE837F12022406F0F417220DE7F64A8.d.D9C29FCC737175C48772B2F7AE60D4D9.e.3090}]
Capabilities {acceptInsecureCerts: false, browserName: chrome, browserVersion: 126.0.6478.126, chrome: {chromedriverVersion: 126.0.6478.126 (d36ace6122e..., userDataDir: C:\Users\Admin\AppData\Loca...}, fedcm:accounts: true, goog:chromeOptions: {debuggerAddress: localhost:57870}, networkConnectionEnabled: false, pageLoadStrategy: normal, platformName: windows, proxy: Proxy(), se:cdp: ws://localhost:57870/devtoo..., se:cdpVersion: 126.0.6478.126, setWindowRect: true, strictFileInteractability: false, timeouts: {implicit: 0, pageLoad: 300000, script: 30000}, unhandledPromptBehavior: dismiss and notify, webauthn:extension:credBlob: true, webauthn:extension:largeBlob: true, webauthn:extension:minPinLength: true, webauthn:extension:prf: true, webauthn:virtualAuthenticators: true}
Element: [[ChromeDriver: chrome on windows (dc99658bfaba04a0ecb15e23d07620f8)] -> xpath: //div[text()='Email']/parent::div/preceding-sibling::div//*[local-name()='svg']/*[local-name()='circle']]
Session ID: dc99658bfaba04a0ecb15e23d07620f8
at java.base/jdk.internal.reflect.NativeConstructorAccessorImpl.newInstance0(Native Method)
at java.base/jdk.internal.reflect.NativeConstructorAccessorImpl.newInstance(NativeConstructorAccessorImpl.java:77)
at java.base/jdk.internal.reflect.DelegatingConstructorAccessorImpl.newInstance(DelegatingConstructorAccessorImpl.java:45)
at java.base/java.lang.reflect.Constructor.newInstanceWithCaller(Constructor.java:499)
at java.base/java.lang.reflect.Constructor.newInstance(Constructor.java:480)
at org.openqa.selenium.remote.ErrorCodec.decode(ErrorCodec.java:167)
at org.openqa.selenium.remote.codec.w3c.W3CHttpResponseCodec.decode(W3CHttpResponseCodec.java:138)
at org.openqa.selenium.remote.codec.w3c.W3CHttpResponseCodec.decode(W3CHttpResponseCodec.java:50)
at org.openqa.selenium.remote.HttpCommandExecutor.execute(HttpCommandExecutor.java:190)
at org.openqa.selenium.remote.service.DriverCommandExecutor.invokeExecute(DriverCommandExecutor.java:216)
at org.openqa.selenium.remote.service.DriverCommandExecutor.execute(DriverCommandExecutor.java:174)
at org.openqa.selenium.remote.RemoteWebDriver.execute(RemoteWebDriver.java:518)
at org.openqa.selenium.remote.RemoteWebElement.execute(RemoteWebElement.java:223)
at org.openqa.selenium.remote.RemoteWebElement.click(RemoteWebElement.java:76)
at jdk.internal.reflect.GeneratedMethodAccessor1.invoke(Unknown Source)
at java.base/jdk.internal.reflect.DelegatingMethodAccessorImpl.invoke(DelegatingMethodAccessorImpl.java:43)
at java.base/java.lang.reflect.Method.invoke(Method.java:568)
at org.openqa.selenium.support.pagefactory.internal.LocatingElementHandler.invoke(LocatingElementHandler.java:51)
at jdk.proxy2/jdk.proxy2.$Proxy19.click(Unknown Source)
at pages.LogInPage.logInUser(LogInPage.java:40)
at pages.SearchFlightPage.view_or_manageBooking(SearchFlightPage.java:147)
at test.SearchFlightTest.manageBooking(SearchFlightTest.java:48)
at java.base/jdk.internal.reflect.NativeMethodAccessorImpl.invoke0(Native Method)
at java.base/jdk.internal.reflect.NativeMethodAccessorImpl.invoke(NativeMethodAccessorImpl.java:77)
at java.base/jdk.internal.reflect.DelegatingMethodAccessorImpl.invoke(DelegatingMethodAccessorImpl.java:43)
at java.base/java.lang.reflect.Method.invoke(Method.java:568)
at org.testng.internal.invokers.MethodInvocationHelper.invokeMethod(MethodInvocationHelper.java:141)
at org.testng.internal.invokers.TestInvoker.invokeMethod(TestInvoker.java:686)
at org.testng.internal.invokers.TestInvoker.invokeTestMethod(TestInvoker.java:230)
at org.testng.internal.invokers.MethodRunner.runInSequence(MethodRunner.java:63)
at org.testng.internal.invokers.TestInvoker$MethodInvocationAgent.invoke(TestInvoker.java:992)
at org.testng.internal.invokers.TestInvoker.invokeTestMethods(TestInvoker.java:203)
at org.testng.internal.invokers.TestMethodWorker.invokeTestMethods(TestMethodWorker.java:154)
at org.testng.internal.invokers.TestMethodWorker.run(TestMethodWorker.java:134)
at java.base/java.util.ArrayList.forEach(ArrayList.java:1511)
at org.testng.TestRunner.privateRun(TestRunner.java:739)
at org.testng.TestRunner.run(TestRunner.java:614)
at org.testng.SuiteRunner.runTest(SuiteRunner.java:421)
at org.testng.SuiteRunner.runSequentially(SuiteRunner.java:413)
at org.testng.SuiteRunner.privateRun(SuiteRunner.java:373)
at org.testng.SuiteRunner.run(SuiteRunner.java:312)
at org.testng.SuiteRunnerWorker.runSuite(SuiteRunnerWorker.java:52)
at org.testng.SuiteRunnerWorker.run(SuiteRunnerWorker.java:95)
at org.testng.TestNG.runSuitesSequentially(TestNG.java:1274)
at org.testng.TestNG.runSuitesLocally(TestNG.java:1208)
at org.testng.TestNG.runSuites(TestNG.java:1112)
at org.testng.TestNG.run(TestNG.java:1079)
at org.testng.remote.AbstractRemoteTestNG.run(AbstractRemoteTestNG.java:115)
at org.testng.remote.RemoteTestNG.initAndRun(RemoteTestNG.java:293)
at org.testng.remote.RemoteTestNG.main(RemoteTestNG.java:91)
]]>
            </full-stacktrace>
          </exception> <!-- org.openqa.selenium.ElementClickInterceptedException -->
          <reporter-output>
          </reporter-output>
        </test-method> <!-- manageBooking -->
        <test-method is-config="true" signature="closeBrowser()[pri:0, instance:test.SearchFlightTest@3e78b6a5]" started-at="2024-06-27T23:28:00 IST" name="closeBrowser" finished-at="2024-06-27T23:28:01 IST" duration-ms="678" status="PASS">
          <reporter-output>
          </reporter-output>
        </test-method> <!-- closeBrowser -->
      </class> <!-- test.SearchFlightTest -->
      <class name="test.BookingTest">
        <test-method is-config="true" signature="launchBrowser(java.lang.String,java.lang.String)[pri:0, instance:test.BookingTest@7975d1d8]" started-at="2024-06-27T23:29:57 IST" name="launchBrowser" finished-at="2024-06-27T23:30:07 IST" duration-ms="10715" status="PASS">
          <params>
            <param index="0">
              <value>
                <![CDATA[chrome]]>
              </value>
            </param>
            <param index="1">
              <value>
                <![CDATA[https://www.spicejet.com/]]>
              </value>
            </param>
          </params>
          <reporter-output>
          </reporter-output>
        </test-method> <!-- launchBrowser -->
        <test-method signature="bookingDetails(java.lang.String,java.lang.String,java.lang.String,java.lang.String,java.lang.String,java.lang.String,java.lang.String,java.lang.String,java.lang.String,java.lang.String,java.lang.String,java.lang.String,java.lang.String,java.lang.String,java.lang.String,java.lang.String)[pri:1, instance:test.BookingTest@7975d1d8]" started-at="2024-06-27T23:30:07 IST" name="bookingDetails" data-provider="bookingDetails" finished-at="2024-06-27T23:31:02 IST" duration-ms="54631" status="PASS">
          <params>
            <param index="0">
              <value>
                <![CDATA[qaautomationtest111@gmail.com]]>
              </value>
            </param>
            <param index="1">
              <value>
                <![CDATA[Automation@123]]>
              </value>
            </param>
            <param index="2">
              <value>
                <![CDATA[Bengaluru]]>
              </value>
            </param>
            <param index="3">
              <value>
                <![CDATA[Kolkata]]>
              </value>
            </param>
            <param index="4">
              <value>
                <![CDATA[25]]>
              </value>
            </param>
            <param index="5">
              <value>
                <![CDATA[July]]>
              </value>
            </param>
            <param index="6">
              <value>
                <![CDATA[2024]]>
              </value>
            </param>
            <param index="7">
              <value>
                <![CDATA[SG 8531]]>
              </value>
            </param>
            <param index="8">
              <value>
                <![CDATA[SpiceMax]]>
              </value>
            </param>
            <param index="9">
              <value>
                <![CDATA[Miss]]>
              </value>
            </param>
            <param index="10">
              <value>
                <![CDATA[Manya]]>
              </value>
            </param>
            <param index="11">
              <value>
                <![CDATA[Krish]]>
              </value>
            </param>
            <param index="12">
              <value>
                <![CDATA[9876543210]]>
              </value>
            </param>
            <param index="13">
              <value>
                <![CDATA[qaautomationtest111@gmail.com]]>
              </value>
            </param>
            <param index="14">
              <value>
                <![CDATA[India]]>
              </value>
            </param>
            <param index="15">
              <value>
                <![CDATA[Delhi]]>
              </value>
            </param>
          </params>
          <reporter-output>
          </reporter-output>
        </test-method> <!-- bookingDetails -->
        <test-method is-config="true" signature="closeBrowser()[pri:0, instance:test.BookingTest@7975d1d8]" started-at="2024-06-27T23:31:02 IST" name="closeBrowser" finished-at="2024-06-27T23:31:03 IST" duration-ms="936" status="PASS">
          <reporter-output>
          </reporter-output>
        </test-method> <!-- closeBrowser -->
      </class> <!-- test.BookingTest -->
      <class name="test.PrePaymentTest">
        <test-method is-config="true" signature="launchBrowser(java.lang.String,java.lang.String)[pri:0, instance:test.PrePaymentTest@24105dc5]" started-at="2024-06-27T23:32:39 IST" name="launchBrowser" finished-at="2024-06-27T23:32:52 IST" duration-ms="13252" status="PASS">
          <params>
            <param index="0">
              <value>
                <![CDATA[chrome]]>
              </value>
            </param>
            <param index="1">
              <value>
                <![CDATA[https://www.spicejet.com/]]>
              </value>
            </param>
          </params>
          <reporter-output>
          </reporter-output>
        </test-method> <!-- launchBrowser -->
        <test-method signature="selectPaymentMethods(java.lang.String,java.lang.String,java.lang.String,java.lang.String,java.lang.String,java.lang.String,java.lang.String,java.lang.String,java.lang.String,java.lang.String,java.lang.String,java.lang.String,java.lang.String,java.lang.String,java.lang.String,java.lang.String,java.lang.String,java.lang.String,java.lang.String,java.lang.String,java.lang.String,java.lang.String,java.lang.String)[pri:1, instance:test.PrePaymentTest@24105dc5]" started-at="2024-06-27T23:32:52 IST" name="selectPaymentMethods" data-provider="paymentDetails" finished-at="2024-06-27T23:33:58 IST" duration-ms="65415" status="FAIL">
          <params>
            <param index="0">
              <value>
                <![CDATA[qaautomationtest111@gmail.com]]>
              </value>
            </param>
            <param index="1">
              <value>
                <![CDATA[Automation@123]]>
              </value>
            </param>
            <param index="2">
              <value>
                <![CDATA[Bengaluru]]>
              </value>
            </param>
            <param index="3">
              <value>
                <![CDATA[Kolkata]]>
              </value>
            </param>
            <param index="4">
              <value>
                <![CDATA[25]]>
              </value>
            </param>
            <param index="5">
              <value>
                <![CDATA[July]]>
              </value>
            </param>
            <param index="6">
              <value>
                <![CDATA[2024]]>
              </value>
            </param>
            <param index="7">
              <value>
                <![CDATA[SG 8531]]>
              </value>
            </param>
            <param index="8">
              <value>
                <![CDATA[SpiceMax]]>
              </value>
            </param>
            <param index="9">
              <value>
                <![CDATA[Miss]]>
              </value>
            </param>
            <param index="10">
              <value>
                <![CDATA[Manya]]>
              </value>
            </param>
            <param index="11">
              <value>
                <![CDATA[Krish]]>
              </value>
            </param>
            <param index="12">
              <value>
                <![CDATA[9876543210]]>
              </value>
            </param>
            <param index="13">
              <value>
                <![CDATA[qaautomationtest111@gmail.com]]>
              </value>
            </param>
            <param index="14">
              <value>
                <![CDATA[India]]>
              </value>
            </param>
            <param index="15">
              <value>
                <![CDATA[Delhi]]>
              </value>
            </param>
            <param index="16">
              <value>
                <![CDATA[3B]]>
              </value>
            </param>
            <param index="17">
              <value>
                <![CDATA[Raseele chole]]>
              </value>
            </param>
            <param index="18">
              <value>
                <![CDATA[12345]]>
              </value>
            </param>
            <param index="19">
              <value>
                <![CDATA[Manya]]>
              </value>
            </param>
            <param index="20">
              <value>
                <![CDATA[12]]>
              </value>
            </param>
            <param index="21">
              <value>
                <![CDATA[28]]>
              </value>
            </param>
            <param index="22">
              <value>
                <![CDATA[321]]>
              </value>
            </param>
          </params>
          <exception class="org.openqa.selenium.NoSuchElementException">
            <message>
              <![CDATA[no such element: Unable to locate element: {"method":"xpath","selector":"//div[text()='Contact Details']"}
  (Session info: chrome=126.0.6478.126)
For documentation on this error, please visit: https://www.selenium.dev/documentation/webdriver/troubleshooting/errors#no-such-element-exception
Build info: version: '4.20.0', revision: '866c76ca80'
System info: os.name: 'Windows 10', os.arch: 'amd64', os.version: '10.0', java.version: '17.0.10'
Driver info: org.openqa.selenium.chrome.ChromeDriver
Command: [583b3c73cce29a563327fb5cd7a027f0, findElement {value=//div[text()='Contact Details'], using=xpath}]
Capabilities {acceptInsecureCerts: false, browserName: chrome, browserVersion: 126.0.6478.126, chrome: {chromedriverVersion: 126.0.6478.126 (d36ace6122e..., userDataDir: C:\Users\Admin\AppData\Loca...}, fedcm:accounts: true, goog:chromeOptions: {debuggerAddress: localhost:58431}, networkConnectionEnabled: false, pageLoadStrategy: normal, platformName: windows, proxy: Proxy(), se:cdp: ws://localhost:58431/devtoo..., se:cdpVersion: 126.0.6478.126, setWindowRect: true, strictFileInteractability: false, timeouts: {implicit: 0, pageLoad: 300000, script: 30000}, unhandledPromptBehavior: dismiss and notify, webauthn:extension:credBlob: true, webauthn:extension:largeBlob: true, webauthn:extension:minPinLength: true, webauthn:extension:prf: true, webauthn:virtualAuthenticators: true}
Session ID: 583b3c73cce29a563327fb5cd7a027f0]]>
            </message>
            <full-stacktrace>
              <![CDATA[org.openqa.selenium.NoSuchElementException: no such element: Unable to locate element: {"method":"xpath","selector":"//div[text()='Contact Details']"}
  (Session info: chrome=126.0.6478.126)
For documentation on this error, please visit: https://www.selenium.dev/documentation/webdriver/troubleshooting/errors#no-such-element-exception
Build info: version: '4.20.0', revision: '866c76ca80'
System info: os.name: 'Windows 10', os.arch: 'amd64', os.version: '10.0', java.version: '17.0.10'
Driver info: org.openqa.selenium.chrome.ChromeDriver
Command: [583b3c73cce29a563327fb5cd7a027f0, findElement {value=//div[text()='Contact Details'], using=xpath}]
Capabilities {acceptInsecureCerts: false, browserName: chrome, browserVersion: 126.0.6478.126, chrome: {chromedriverVersion: 126.0.6478.126 (d36ace6122e..., userDataDir: C:\Users\Admin\AppData\Loca...}, fedcm:accounts: true, goog:chromeOptions: {debuggerAddress: localhost:58431}, networkConnectionEnabled: false, pageLoadStrategy: normal, platformName: windows, proxy: Proxy(), se:cdp: ws://localhost:58431/devtoo..., se:cdpVersion: 126.0.6478.126, setWindowRect: true, strictFileInteractability: false, timeouts: {implicit: 0, pageLoad: 300000, script: 30000}, unhandledPromptBehavior: dismiss and notify, webauthn:extension:credBlob: true, webauthn:extension:largeBlob: true, webauthn:extension:minPinLength: true, webauthn:extension:prf: true, webauthn:virtualAuthenticators: true}
Session ID: 583b3c73cce29a563327fb5cd7a027f0
at java.base/jdk.internal.reflect.NativeConstructorAccessorImpl.newInstance0(Native Method)
at java.base/jdk.internal.reflect.NativeConstructorAccessorImpl.newInstance(NativeConstructorAccessorImpl.java:77)
at java.base/jdk.internal.reflect.DelegatingConstructorAccessorImpl.newInstance(DelegatingConstructorAccessorImpl.java:45)
at java.base/java.lang.reflect.Constructor.newInstanceWithCaller(Constructor.java:499)
at java.base/java.lang.reflect.Constructor.newInstance(Constructor.java:480)
at org.openqa.selenium.remote.ErrorCodec.decode(ErrorCodec.java:167)
at org.openqa.selenium.remote.codec.w3c.W3CHttpResponseCodec.decode(W3CHttpResponseCodec.java:138)
at org.openqa.selenium.remote.codec.w3c.W3CHttpResponseCodec.decode(W3CHttpResponseCodec.java:50)
at org.openqa.selenium.remote.HttpCommandExecutor.execute(HttpCommandExecutor.java:190)
at org.openqa.selenium.remote.service.DriverCommandExecutor.invokeExecute(DriverCommandExecutor.java:216)
at org.openqa.selenium.remote.service.DriverCommandExecutor.execute(DriverCommandExecutor.java:174)
at org.openqa.selenium.remote.RemoteWebDriver.execute(RemoteWebDriver.java:518)
at org.openqa.selenium.remote.ElementLocation$ElementFinder$2.findElement(ElementLocation.java:165)
at org.openqa.selenium.remote.ElementLocation.findElement(ElementLocation.java:59)
at org.openqa.selenium.remote.RemoteWebDriver.findElement(RemoteWebDriver.java:355)
at org.openqa.selenium.remote.RemoteWebDriver.findElement(RemoteWebDriver.java:349)
at pages.SelectFlightPage.selectDepartureFlight(SelectFlightPage.java:37)
at test.PrePaymentTest.selectPaymentMethods(PrePaymentTest.java:30)
at java.base/jdk.internal.reflect.NativeMethodAccessorImpl.invoke0(Native Method)
at java.base/jdk.internal.reflect.NativeMethodAccessorImpl.invoke(NativeMethodAccessorImpl.java:77)
at java.base/jdk.internal.reflect.DelegatingMethodAccessorImpl.invoke(DelegatingMethodAccessorImpl.java:43)
at java.base/java.lang.reflect.Method.invoke(Method.java:568)
at org.testng.internal.invokers.MethodInvocationHelper.invokeMethod(MethodInvocationHelper.java:141)
at org.testng.internal.invokers.TestInvoker.invokeMethod(TestInvoker.java:686)
at org.testng.internal.invokers.TestInvoker.invokeTestMethod(TestInvoker.java:230)
at org.testng.internal.invokers.MethodRunner.runInSequence(MethodRunner.java:63)
at org.testng.internal.invokers.TestInvoker$MethodInvocationAgent.invoke(TestInvoker.java:992)
at org.testng.internal.invokers.TestInvoker.invokeTestMethods(TestInvoker.java:203)
at org.testng.internal.invokers.TestMethodWorker.invokeTestMethods(TestMethodWorker.java:154)
at org.testng.internal.invokers.TestMethodWorker.run(TestMethodWorker.java:134)
at java.base/java.util.ArrayList.forEach(ArrayList.java:1511)
at org.testng.TestRunner.privateRun(TestRunner.java:739)
at org.testng.TestRunner.run(TestRunner.java:614)
at org.testng.SuiteRunner.runTest(SuiteRunner.java:421)
at org.testng.SuiteRunner.runSequentially(SuiteRunner.java:413)
at org.testng.SuiteRunner.privateRun(SuiteRunner.java:373)
at org.testng.SuiteRunner.run(SuiteRunner.java:312)
at org.testng.SuiteRunnerWorker.runSuite(SuiteRunnerWorker.java:52)
at org.testng.SuiteRunnerWorker.run(SuiteRunnerWorker.java:95)
at org.testng.TestNG.runSuitesSequentially(TestNG.java:1274)
at org.testng.TestNG.runSuitesLocally(TestNG.java:1208)
at org.testng.TestNG.runSuites(TestNG.java:1112)
at org.testng.TestNG.run(TestNG.java:1079)
at org.testng.remote.AbstractRemoteTestNG.run(AbstractRemoteTestNG.java:115)
at org.testng.remote.RemoteTestNG.initAndRun(RemoteTestNG.java:293)
at org.testng.remote.RemoteTestNG.main(RemoteTestNG.java:91)
]]>
            </full-stacktrace>
          </exception> <!-- org.openqa.selenium.NoSuchElementException -->
          <reporter-output>
          </reporter-output>
        </test-method> <!-- selectPaymentMethods -->
        <test-method is-config="true" signature="closeBrowser()[pri:0, instance:test.PrePaymentTest@24105dc5]" started-at="2024-06-27T23:33:58 IST" name="closeBrowser" finished-at="2024-06-27T23:33:59 IST" duration-ms="1282" status="PASS">
          <reporter-output>
          </reporter-output>
        </test-method> <!-- closeBrowser -->
      </class> <!-- test.PrePaymentTest -->
    </test> <!-- ChromeTest -->
    <test started-at="2024-06-27T23:34:00 IST" name="FirefoxTest" finished-at="2024-06-27T23:42:35 IST" duration-ms="515031">
      <class name="test.LogInTest">
        <test-method is-config="true" signature="launchBrowser(java.lang.String,java.lang.String)[pri:0, instance:test.LogInTest@72d6b3ba]" started-at="2024-06-27T23:34:47 IST" name="launchBrowser" finished-at="2024-06-27T23:35:00 IST" duration-ms="12421" status="PASS">
          <params>
            <param index="0">
              <value>
                <![CDATA[firefox]]>
              </value>
            </param>
            <param index="1">
              <value>
                <![CDATA[https://www.spicejet.com/]]>
              </value>
            </param>
          </params>
          <reporter-output>
          </reporter-output>
        </test-method> <!-- launchBrowser -->
        <test-method signature="login_ValidCred(java.lang.String,java.lang.String)[pri:0, instance:test.LogInTest@72d6b3ba]" started-at="2024-06-27T23:35:00 IST" name="login_ValidCred" data-provider="valid_LogInDetails" finished-at="2024-06-27T23:35:06 IST" duration-ms="6648" status="PASS">
          <params>
            <param index="0">
              <value>
                <![CDATA[qaautomationtest111@gmail.com]]>
              </value>
            </param>
            <param index="1">
              <value>
                <![CDATA[Automation@123]]>
              </value>
            </param>
          </params>
          <reporter-output>
          </reporter-output>
        </test-method> <!-- login_ValidCred -->
        <test-method is-config="true" signature="closeBrowser()[pri:0, instance:test.LogInTest@72d6b3ba]" started-at="2024-06-27T23:35:06 IST" name="closeBrowser" finished-at="2024-06-27T23:35:08 IST" duration-ms="1904" status="PASS">
          <reporter-output>
          </reporter-output>
        </test-method> <!-- closeBrowser -->
      </class> <!-- test.LogInTest -->
      <class name="test.AddOnsTest">
        <test-method is-config="true" signature="launchBrowser(java.lang.String,java.lang.String)[pri:0, instance:test.AddOnsTest@51bf5add]" started-at="2024-06-27T23:40:23 IST" name="launchBrowser" finished-at="2024-06-27T23:40:49 IST" duration-ms="26503" status="PASS">
          <params>
            <param index="0">
              <value>
                <![CDATA[firefox]]>
              </value>
            </param>
            <param index="1">
              <value>
                <![CDATA[https://www.spicejet.com/]]>
              </value>
            </param>
          </params>
          <reporter-output>
          </reporter-output>
        </test-method> <!-- launchBrowser -->
        <test-method signature="bookingDetails(java.lang.String,java.lang.String,java.lang.String,java.lang.String,java.lang.String,java.lang.String,java.lang.String,java.lang.String,java.lang.String,java.lang.String,java.lang.String,java.lang.String,java.lang.String,java.lang.String,java.lang.String,java.lang.String,java.lang.String,java.lang.String)[pri:1, instance:test.AddOnsTest@51bf5add]" started-at="2024-06-27T23:40:49 IST" name="bookingDetails" data-provider="addOnsDetails" finished-at="2024-06-27T23:41:24 IST" duration-ms="35016" status="FAIL">
          <params>
            <param index="0">
              <value>
                <![CDATA[qaautomationtest111@gmail.com]]>
              </value>
            </param>
            <param index="1">
              <value>
                <![CDATA[Automation@123]]>
              </value>
            </param>
            <param index="2">
              <value>
                <![CDATA[Bengaluru]]>
              </value>
            </param>
            <param index="3">
              <value>
                <![CDATA[Kolkata]]>
              </value>
            </param>
            <param index="4">
              <value>
                <![CDATA[25]]>
              </value>
            </param>
            <param index="5">
              <value>
                <![CDATA[July]]>
              </value>
            </param>
            <param index="6">
              <value>
                <![CDATA[2024]]>
              </value>
            </param>
            <param index="7">
              <value>
                <![CDATA[SG 8531]]>
              </value>
            </param>
            <param index="8">
              <value>
                <![CDATA[SpiceMax]]>
              </value>
            </param>
            <param index="9">
              <value>
                <![CDATA[Miss]]>
              </value>
            </param>
            <param index="10">
              <value>
                <![CDATA[Manya]]>
              </value>
            </param>
            <param index="11">
              <value>
                <![CDATA[Krish]]>
              </value>
            </param>
            <param index="12">
              <value>
                <![CDATA[9876543210]]>
              </value>
            </param>
            <param index="13">
              <value>
                <![CDATA[qaautomationtest111@gmail.com]]>
              </value>
            </param>
            <param index="14">
              <value>
                <![CDATA[India]]>
              </value>
            </param>
            <param index="15">
              <value>
                <![CDATA[Delhi]]>
              </value>
            </param>
            <param index="16">
              <value>
                <![CDATA[1C]]>
              </value>
            </param>
            <param index="17">
              <value>
                <![CDATA[Raseele chole]]>
              </value>
            </param>
          </params>
          <exception class="org.openqa.selenium.NoSuchElementException">
            <message>
              <![CDATA[Unable to locate element: //div[text()='SG 8531']
For documentation on this error, please visit: https://www.selenium.dev/documentation/webdriver/troubleshooting/errors#no-such-element-exception
Build info: version: '4.20.0', revision: '866c76ca80'
System info: os.name: 'Windows 10', os.arch: 'amd64', os.version: '10.0', java.version: '17.0.10'
Driver info: org.openqa.selenium.firefox.FirefoxDriver
Command: [b159db86-20f1-4a9e-ad73-e0beb711c94b, findElement {value=//div[text()='SG 8531'], using=xpath}]
Capabilities {acceptInsecureCerts: true, browserName: firefox, browserVersion: 127.0.2, moz:accessibilityChecks: false, moz:buildID: 20240624183754, moz:debuggerAddress: 127.0.0.1:39622, moz:geckodriverVersion: 0.34.0, moz:headless: false, moz:platformVersion: 10.0, moz:processID: 18572, moz:profile: C:\Users\Admin\AppData\Loca..., moz:shutdownTimeout: 60000, moz:webdriverClick: true, moz:windowless: false, pageLoadStrategy: normal, platformName: windows, proxy: Proxy(), se:cdp: ws://127.0.0.1:39622/devtoo..., se:cdpVersion: 85.0, setWindowRect: true, strictFileInteractability: false, timeouts: {implicit: 0, pageLoad: 300000, script: 30000}, unhandledPromptBehavior: dismiss and notify, userAgent: Mozilla/5.0 (Windows NT 10....}
Session ID: b159db86-20f1-4a9e-ad73-e0beb711c94b]]>
            </message>
            <full-stacktrace>
              <![CDATA[org.openqa.selenium.NoSuchElementException: Unable to locate element: //div[text()='SG 8531']
For documentation on this error, please visit: https://www.selenium.dev/documentation/webdriver/troubleshooting/errors#no-such-element-exception
Build info: version: '4.20.0', revision: '866c76ca80'
System info: os.name: 'Windows 10', os.arch: 'amd64', os.version: '10.0', java.version: '17.0.10'
Driver info: org.openqa.selenium.firefox.FirefoxDriver
Command: [b159db86-20f1-4a9e-ad73-e0beb711c94b, findElement {value=//div[text()='SG 8531'], using=xpath}]
Capabilities {acceptInsecureCerts: true, browserName: firefox, browserVersion: 127.0.2, moz:accessibilityChecks: false, moz:buildID: 20240624183754, moz:debuggerAddress: 127.0.0.1:39622, moz:geckodriverVersion: 0.34.0, moz:headless: false, moz:platformVersion: 10.0, moz:processID: 18572, moz:profile: C:\Users\Admin\AppData\Loca..., moz:shutdownTimeout: 60000, moz:webdriverClick: true, moz:windowless: false, pageLoadStrategy: normal, platformName: windows, proxy: Proxy(), se:cdp: ws://127.0.0.1:39622/devtoo..., se:cdpVersion: 85.0, setWindowRect: true, strictFileInteractability: false, timeouts: {implicit: 0, pageLoad: 300000, script: 30000}, unhandledPromptBehavior: dismiss and notify, userAgent: Mozilla/5.0 (Windows NT 10....}
Session ID: b159db86-20f1-4a9e-ad73-e0beb711c94b
at java.base/jdk.internal.reflect.NativeConstructorAccessorImpl.newInstance0(Native Method)
at java.base/jdk.internal.reflect.NativeConstructorAccessorImpl.newInstance(NativeConstructorAccessorImpl.java:77)
at java.base/jdk.internal.reflect.DelegatingConstructorAccessorImpl.newInstance(DelegatingConstructorAccessorImpl.java:45)
at java.base/java.lang.reflect.Constructor.newInstanceWithCaller(Constructor.java:499)
at java.base/java.lang.reflect.Constructor.newInstance(Constructor.java:480)
at org.openqa.selenium.remote.ErrorCodec.decode(ErrorCodec.java:167)
at org.openqa.selenium.remote.codec.w3c.W3CHttpResponseCodec.decode(W3CHttpResponseCodec.java:138)
at org.openqa.selenium.remote.codec.w3c.W3CHttpResponseCodec.decode(W3CHttpResponseCodec.java:50)
at org.openqa.selenium.remote.HttpCommandExecutor.execute(HttpCommandExecutor.java:190)
at org.openqa.selenium.remote.service.DriverCommandExecutor.invokeExecute(DriverCommandExecutor.java:216)
at org.openqa.selenium.remote.service.DriverCommandExecutor.execute(DriverCommandExecutor.java:174)
at org.openqa.selenium.remote.RemoteWebDriver.execute(RemoteWebDriver.java:518)
at org.openqa.selenium.remote.ElementLocation$ElementFinder$2.findElement(ElementLocation.java:165)
at org.openqa.selenium.remote.ElementLocation.findElement(ElementLocation.java:59)
at org.openqa.selenium.remote.RemoteWebDriver.findElement(RemoteWebDriver.java:355)
at org.openqa.selenium.remote.RemoteWebDriver.findElement(RemoteWebDriver.java:349)
at pages.SelectFlightPage.selectDepartureFlight(SelectFlightPage.java:32)
at test.AddOnsTest.bookingDetails(AddOnsTest.java:23)
at java.base/jdk.internal.reflect.NativeMethodAccessorImpl.invoke0(Native Method)
at java.base/jdk.internal.reflect.NativeMethodAccessorImpl.invoke(NativeMethodAccessorImpl.java:77)
at java.base/jdk.internal.reflect.DelegatingMethodAccessorImpl.invoke(DelegatingMethodAccessorImpl.java:43)
at java.base/java.lang.reflect.Method.invoke(Method.java:568)
at org.testng.internal.invokers.MethodInvocationHelper.invokeMethod(MethodInvocationHelper.java:141)
at org.testng.internal.invokers.TestInvoker.invokeMethod(TestInvoker.java:686)
at org.testng.internal.invokers.TestInvoker.invokeTestMethod(TestInvoker.java:230)
at org.testng.internal.invokers.MethodRunner.runInSequence(MethodRunner.java:63)
at org.testng.internal.invokers.TestInvoker$MethodInvocationAgent.invoke(TestInvoker.java:992)
at org.testng.internal.invokers.TestInvoker.invokeTestMethods(TestInvoker.java:203)
at org.testng.internal.invokers.TestMethodWorker.invokeTestMethods(TestMethodWorker.java:154)
at org.testng.internal.invokers.TestMethodWorker.run(TestMethodWorker.java:134)
at java.base/java.util.ArrayList.forEach(ArrayList.java:1511)
at org.testng.TestRunner.privateRun(TestRunner.java:739)
at org.testng.TestRunner.run(TestRunner.java:614)
at org.testng.SuiteRunner.runTest(SuiteRunner.java:421)
at org.testng.SuiteRunner.runSequentially(SuiteRunner.java:413)
at org.testng.SuiteRunner.privateRun(SuiteRunner.java:373)
at org.testng.SuiteRunner.run(SuiteRunner.java:312)
at org.testng.SuiteRunnerWorker.runSuite(SuiteRunnerWorker.java:52)
at org.testng.SuiteRunnerWorker.run(SuiteRunnerWorker.java:95)
at org.testng.TestNG.runSuitesSequentially(TestNG.java:1274)
at org.testng.TestNG.runSuitesLocally(TestNG.java:1208)
at org.testng.TestNG.runSuites(TestNG.java:1112)
at org.testng.TestNG.run(TestNG.java:1079)
at org.testng.remote.AbstractRemoteTestNG.run(AbstractRemoteTestNG.java:115)
at org.testng.remote.RemoteTestNG.initAndRun(RemoteTestNG.java:293)
at org.testng.remote.RemoteTestNG.main(RemoteTestNG.java:91)
]]>
            </full-stacktrace>
          </exception> <!-- org.openqa.selenium.NoSuchElementException -->
          <reporter-output>
          </reporter-output>
        </test-method> <!-- bookingDetails -->
        <test-method is-config="true" signature="closeBrowser()[pri:0, instance:test.AddOnsTest@51bf5add]" started-at="2024-06-27T23:41:25 IST" name="closeBrowser" finished-at="2024-06-27T23:41:27 IST" duration-ms="2072" status="PASS">
          <reporter-output>
          </reporter-output>
        </test-method> <!-- closeBrowser -->
      </class> <!-- test.AddOnsTest -->
      <class name="test.SignUpTest">
        <test-method is-config="true" signature="launchBrowser(java.lang.String,java.lang.String)[pri:0, instance:test.SignUpTest@1ebea008]" started-at="2024-06-27T23:34:00 IST" name="launchBrowser" finished-at="2024-06-27T23:34:16 IST" duration-ms="15539" status="PASS">
          <params>
            <param index="0">
              <value>
                <![CDATA[firefox]]>
              </value>
            </param>
            <param index="1">
              <value>
                <![CDATA[https://www.spicejet.com/]]>
              </value>
            </param>
          </params>
          <reporter-output>
          </reporter-output>
        </test-method> <!-- launchBrowser -->
        <test-method signature="signUp_ValidCredential(java.lang.String,java.lang.String,java.lang.String,java.lang.String,java.lang.String,java.lang.String,java.lang.String,java.lang.String,java.lang.String,java.lang.String,java.lang.String)[pri:1, instance:test.SignUpTest@1ebea008]" started-at="2024-06-27T23:34:16 IST" name="signUp_ValidCredential" data-provider="valid_SignUpDetails" finished-at="2024-06-27T23:34:22 IST" duration-ms="6790" status="FAIL">
          <params>
            <param index="0">
              <value>
                <![CDATA[Miss]]>
              </value>
            </param>
            <param index="1">
              <value>
                <![CDATA[Manya]]>
              </value>
            </param>
            <param index="2">
              <value>
                <![CDATA[Krish]]>
              </value>
            </param>
            <param index="3">
              <value>
                <![CDATA[India]]>
              </value>
            </param>
            <param index="4">
              <value>
                <![CDATA[February]]>
              </value>
            </param>
            <param index="5">
              <value>
                <![CDATA[1997]]>
              </value>
            </param>
            <param index="6">
              <value>
                <![CDATA[27]]>
              </value>
            </param>
            <param index="7">
              <value>
                <![CDATA[2147483647]]>
              </value>
            </param>
            <param index="8">
              <value>
                <![CDATA[qaautomationtest113@gmail.com]]>
              </value>
            </param>
            <param index="9">
              <value>
                <![CDATA[Automation@123]]>
              </value>
            </param>
            <param index="10">
              <value>
                <![CDATA[Automation@123]]>
              </value>
            </param>
          </params>
          <exception class="org.openqa.selenium.ElementClickInterceptedException">
            <message>
              <![CDATA[Element <img class="d-inline-block datepicker" src="https://spiceclub.spicejet.com/public/icon-date.png"> is not clickable at point (727,597) because another element <div class="fade modal show"> obscures it
Build info: version: '4.20.0', revision: '866c76ca80'
System info: os.name: 'Windows 10', os.arch: 'amd64', os.version: '10.0', java.version: '17.0.10'
Driver info: org.openqa.selenium.firefox.FirefoxDriver
Command: [ad2e899b-a14d-4a7a-a923-3dcfcc1857f8, clickElement {id=5d232171-d663-40bd-9a02-ffcbc42d018e}]
Capabilities {acceptInsecureCerts: true, browserName: firefox, browserVersion: 127.0.2, moz:accessibilityChecks: false, moz:buildID: 20240624183754, moz:debuggerAddress: 127.0.0.1:26899, moz:geckodriverVersion: 0.34.0, moz:headless: false, moz:platformVersion: 10.0, moz:processID: 16280, moz:profile: C:\Users\Admin\AppData\Loca..., moz:shutdownTimeout: 60000, moz:webdriverClick: true, moz:windowless: false, pageLoadStrategy: normal, platformName: windows, proxy: Proxy(), se:cdp: ws://127.0.0.1:26899/devtoo..., se:cdpVersion: 85.0, setWindowRect: true, strictFileInteractability: false, timeouts: {implicit: 0, pageLoad: 300000, script: 30000}, unhandledPromptBehavior: dismiss and notify, userAgent: Mozilla/5.0 (Windows NT 10....}
Element: [[FirefoxDriver: firefox on windows (ad2e899b-a14d-4a7a-a923-3dcfcc1857f8)] -> xpath: //img[contains(@class,'datepicker')]]
Session ID: ad2e899b-a14d-4a7a-a923-3dcfcc1857f8]]>
            </message>
            <full-stacktrace>
              <![CDATA[org.openqa.selenium.ElementClickInterceptedException: Element <img class="d-inline-block datepicker" src="https://spiceclub.spicejet.com/public/icon-date.png"> is not clickable at point (727,597) because another element <div class="fade modal show"> obscures it
Build info: version: '4.20.0', revision: '866c76ca80'
System info: os.name: 'Windows 10', os.arch: 'amd64', os.version: '10.0', java.version: '17.0.10'
Driver info: org.openqa.selenium.firefox.FirefoxDriver
Command: [ad2e899b-a14d-4a7a-a923-3dcfcc1857f8, clickElement {id=5d232171-d663-40bd-9a02-ffcbc42d018e}]
Capabilities {acceptInsecureCerts: true, browserName: firefox, browserVersion: 127.0.2, moz:accessibilityChecks: false, moz:buildID: 20240624183754, moz:debuggerAddress: 127.0.0.1:26899, moz:geckodriverVersion: 0.34.0, moz:headless: false, moz:platformVersion: 10.0, moz:processID: 16280, moz:profile: C:\Users\Admin\AppData\Loca..., moz:shutdownTimeout: 60000, moz:webdriverClick: true, moz:windowless: false, pageLoadStrategy: normal, platformName: windows, proxy: Proxy(), se:cdp: ws://127.0.0.1:26899/devtoo..., se:cdpVersion: 85.0, setWindowRect: true, strictFileInteractability: false, timeouts: {implicit: 0, pageLoad: 300000, script: 30000}, unhandledPromptBehavior: dismiss and notify, userAgent: Mozilla/5.0 (Windows NT 10....}
Element: [[FirefoxDriver: firefox on windows (ad2e899b-a14d-4a7a-a923-3dcfcc1857f8)] -> xpath: //img[contains(@class,'datepicker')]]
Session ID: ad2e899b-a14d-4a7a-a923-3dcfcc1857f8
at java.base/jdk.internal.reflect.NativeConstructorAccessorImpl.newInstance0(Native Method)
at java.base/jdk.internal.reflect.NativeConstructorAccessorImpl.newInstance(NativeConstructorAccessorImpl.java:77)
at java.base/jdk.internal.reflect.DelegatingConstructorAccessorImpl.newInstance(DelegatingConstructorAccessorImpl.java:45)
at java.base/java.lang.reflect.Constructor.newInstanceWithCaller(Constructor.java:499)
at java.base/java.lang.reflect.Constructor.newInstance(Constructor.java:480)
at org.openqa.selenium.remote.ErrorCodec.decode(ErrorCodec.java:167)
at org.openqa.selenium.remote.codec.w3c.W3CHttpResponseCodec.decode(W3CHttpResponseCodec.java:138)
at org.openqa.selenium.remote.codec.w3c.W3CHttpResponseCodec.decode(W3CHttpResponseCodec.java:50)
at org.openqa.selenium.remote.HttpCommandExecutor.execute(HttpCommandExecutor.java:190)
at org.openqa.selenium.remote.service.DriverCommandExecutor.invokeExecute(DriverCommandExecutor.java:216)
at org.openqa.selenium.remote.service.DriverCommandExecutor.execute(DriverCommandExecutor.java:174)
at org.openqa.selenium.remote.RemoteWebDriver.execute(RemoteWebDriver.java:518)
at org.openqa.selenium.remote.RemoteWebElement.execute(RemoteWebElement.java:223)
at org.openqa.selenium.remote.RemoteWebElement.click(RemoteWebElement.java:76)
at jdk.internal.reflect.GeneratedMethodAccessor1.invoke(Unknown Source)
at java.base/jdk.internal.reflect.DelegatingMethodAccessorImpl.invoke(DelegatingMethodAccessorImpl.java:43)
at java.base/java.lang.reflect.Method.invoke(Method.java:568)
at org.openqa.selenium.support.pagefactory.internal.LocatingElementHandler.invoke(LocatingElementHandler.java:51)
at jdk.proxy2/jdk.proxy2.$Proxy19.click(Unknown Source)
at pages.SignUpPage.signUp_ValidCred(SignUpPage.java:87)
at test.SignUpTest.signUp_ValidCredential(SignUpTest.java:13)
at java.base/jdk.internal.reflect.NativeMethodAccessorImpl.invoke0(Native Method)
at java.base/jdk.internal.reflect.NativeMethodAccessorImpl.invoke(NativeMethodAccessorImpl.java:77)
at java.base/jdk.internal.reflect.DelegatingMethodAccessorImpl.invoke(DelegatingMethodAccessorImpl.java:43)
at java.base/java.lang.reflect.Method.invoke(Method.java:568)
at org.testng.internal.invokers.MethodInvocationHelper.invokeMethod(MethodInvocationHelper.java:141)
at org.testng.internal.invokers.TestInvoker.invokeMethod(TestInvoker.java:686)
at org.testng.internal.invokers.TestInvoker.invokeTestMethod(TestInvoker.java:230)
at org.testng.internal.invokers.MethodRunner.runInSequence(MethodRunner.java:63)
at org.testng.internal.invokers.TestInvoker$MethodInvocationAgent.invoke(TestInvoker.java:992)
at org.testng.internal.invokers.TestInvoker.invokeTestMethods(TestInvoker.java:203)
at org.testng.internal.invokers.TestMethodWorker.invokeTestMethods(TestMethodWorker.java:154)
at org.testng.internal.invokers.TestMethodWorker.run(TestMethodWorker.java:134)
at java.base/java.util.ArrayList.forEach(ArrayList.java:1511)
at org.testng.TestRunner.privateRun(TestRunner.java:739)
at org.testng.TestRunner.run(TestRunner.java:614)
at org.testng.SuiteRunner.runTest(SuiteRunner.java:421)
at org.testng.SuiteRunner.runSequentially(SuiteRunner.java:413)
at org.testng.SuiteRunner.privateRun(SuiteRunner.java:373)
at org.testng.SuiteRunner.run(SuiteRunner.java:312)
at org.testng.SuiteRunnerWorker.runSuite(SuiteRunnerWorker.java:52)
at org.testng.SuiteRunnerWorker.run(SuiteRunnerWorker.java:95)
at org.testng.TestNG.runSuitesSequentially(TestNG.java:1274)
at org.testng.TestNG.runSuitesLocally(TestNG.java:1208)
at org.testng.TestNG.runSuites(TestNG.java:1112)
at org.testng.TestNG.run(TestNG.java:1079)
at org.testng.remote.AbstractRemoteTestNG.run(AbstractRemoteTestNG.java:115)
at org.testng.remote.RemoteTestNG.initAndRun(RemoteTestNG.java:293)
at org.testng.remote.RemoteTestNG.main(RemoteTestNG.java:91)
]]>
            </full-stacktrace>
          </exception> <!-- org.openqa.selenium.ElementClickInterceptedException -->
          <reporter-output>
          </reporter-output>
        </test-method> <!-- signUp_ValidCredential -->
        <test-method is-config="true" signature="closeBrowser()[pri:0, instance:test.SignUpTest@1ebea008]" started-at="2024-06-27T23:34:23 IST" name="closeBrowser" finished-at="2024-06-27T23:34:26 IST" duration-ms="3175" status="PASS">
          <reporter-output>
          </reporter-output>
        </test-method> <!-- closeBrowser -->
        <test-method is-config="true" signature="launchBrowser(java.lang.String,java.lang.String)[pri:0, instance:test.SignUpTest@1ebea008]" started-at="2024-06-27T23:34:26 IST" name="launchBrowser" finished-at="2024-06-27T23:34:38 IST" duration-ms="12282" status="PASS">
          <params>
            <param index="0">
              <value>
                <![CDATA[firefox]]>
              </value>
            </param>
            <param index="1">
              <value>
                <![CDATA[https://www.spicejet.com/]]>
              </value>
            </param>
          </params>
          <reporter-output>
          </reporter-output>
        </test-method> <!-- launchBrowser -->
        <test-method signature="signUp_InValidCredential(java.lang.String,java.lang.String,java.lang.String,java.lang.String,java.lang.String,java.lang.String,java.lang.String,java.lang.String,java.lang.String,java.lang.String,java.lang.String)[pri:2, instance:test.SignUpTest@1ebea008]" started-at="2024-06-27T23:34:38 IST" name="signUp_InValidCredential" data-provider="invalid_SignUpDetails" finished-at="2024-06-27T23:34:45 IST" duration-ms="6546" status="FAIL">
          <params>
            <param index="0">
              <value>
                <![CDATA[Miss]]>
              </value>
            </param>
            <param index="1">
              <value>
                <![CDATA[Manasi]]>
              </value>
            </param>
            <param index="2">
              <value>
                <![CDATA[Ken]]>
              </value>
            </param>
            <param index="3">
              <value>
                <![CDATA[India]]>
              </value>
            </param>
            <param index="4">
              <value>
                <![CDATA[January]]>
              </value>
            </param>
            <param index="5">
              <value>
                <![CDATA[1996]]>
              </value>
            </param>
            <param index="6">
              <value>
                <![CDATA[28]]>
              </value>
            </param>
            <param index="7">
              <value>
                <![CDATA[]]>
              </value>
            </param>
            <param index="8">
              <value>
                <![CDATA[]]>
              </value>
            </param>
            <param index="9">
              <value>
                <![CDATA[]]>
              </value>
            </param>
            <param index="10">
              <value>
                <![CDATA[]]>
              </value>
            </param>
          </params>
          <exception class="org.openqa.selenium.ElementClickInterceptedException">
            <message>
              <![CDATA[Element <select class="react-datepicker__month-select"> is not clickable at point (527,337) because another element <div class="modal-body"> obscures it
Build info: version: '4.20.0', revision: '866c76ca80'
System info: os.name: 'Windows 10', os.arch: 'amd64', os.version: '10.0', java.version: '17.0.10'
Driver info: org.openqa.selenium.firefox.FirefoxDriver
Command: [6d02e223-a4a9-4207-8462-8e1751f18988, clickElement {id=2e1c66c9-8d90-4c90-9117-456297ba6101}]
Capabilities {acceptInsecureCerts: true, browserName: firefox, browserVersion: 127.0.2, moz:accessibilityChecks: false, moz:buildID: 20240624183754, moz:debuggerAddress: 127.0.0.1:11859, moz:geckodriverVersion: 0.34.0, moz:headless: false, moz:platformVersion: 10.0, moz:processID: 10132, moz:profile: C:\Users\Admin\AppData\Loca..., moz:shutdownTimeout: 60000, moz:webdriverClick: true, moz:windowless: false, pageLoadStrategy: normal, platformName: windows, proxy: Proxy(), se:cdp: ws://127.0.0.1:11859/devtoo..., se:cdpVersion: 85.0, setWindowRect: true, strictFileInteractability: false, timeouts: {implicit: 0, pageLoad: 300000, script: 30000}, unhandledPromptBehavior: dismiss and notify, userAgent: Mozilla/5.0 (Windows NT 10....}
Element: [[[[FirefoxDriver: firefox on windows (6d02e223-a4a9-4207-8462-8e1751f18988)] -> css selector: .react-datepicker__month-select]] -> xpath: .//option[normalize-space(.) = "January"]]
Session ID: 6d02e223-a4a9-4207-8462-8e1751f18988]]>
            </message>
            <full-stacktrace>
              <![CDATA[org.openqa.selenium.ElementClickInterceptedException: Element <select class="react-datepicker__month-select"> is not clickable at point (527,337) because another element <div class="modal-body"> obscures it
Build info: version: '4.20.0', revision: '866c76ca80'
System info: os.name: 'Windows 10', os.arch: 'amd64', os.version: '10.0', java.version: '17.0.10'
Driver info: org.openqa.selenium.firefox.FirefoxDriver
Command: [6d02e223-a4a9-4207-8462-8e1751f18988, clickElement {id=2e1c66c9-8d90-4c90-9117-456297ba6101}]
Capabilities {acceptInsecureCerts: true, browserName: firefox, browserVersion: 127.0.2, moz:accessibilityChecks: false, moz:buildID: 20240624183754, moz:debuggerAddress: 127.0.0.1:11859, moz:geckodriverVersion: 0.34.0, moz:headless: false, moz:platformVersion: 10.0, moz:processID: 10132, moz:profile: C:\Users\Admin\AppData\Loca..., moz:shutdownTimeout: 60000, moz:webdriverClick: true, moz:windowless: false, pageLoadStrategy: normal, platformName: windows, proxy: Proxy(), se:cdp: ws://127.0.0.1:11859/devtoo..., se:cdpVersion: 85.0, setWindowRect: true, strictFileInteractability: false, timeouts: {implicit: 0, pageLoad: 300000, script: 30000}, unhandledPromptBehavior: dismiss and notify, userAgent: Mozilla/5.0 (Windows NT 10....}
Element: [[[[FirefoxDriver: firefox on windows (6d02e223-a4a9-4207-8462-8e1751f18988)] -> css selector: .react-datepicker__month-select]] -> xpath: .//option[normalize-space(.) = "January"]]
Session ID: 6d02e223-a4a9-4207-8462-8e1751f18988
at java.base/jdk.internal.reflect.NativeConstructorAccessorImpl.newInstance0(Native Method)
at java.base/jdk.internal.reflect.NativeConstructorAccessorImpl.newInstance(NativeConstructorAccessorImpl.java:77)
at java.base/jdk.internal.reflect.DelegatingConstructorAccessorImpl.newInstance(DelegatingConstructorAccessorImpl.java:45)
at java.base/java.lang.reflect.Constructor.newInstanceWithCaller(Constructor.java:499)
at java.base/java.lang.reflect.Constructor.newInstance(Constructor.java:480)
at org.openqa.selenium.remote.ErrorCodec.decode(ErrorCodec.java:167)
at org.openqa.selenium.remote.codec.w3c.W3CHttpResponseCodec.decode(W3CHttpResponseCodec.java:138)
at org.openqa.selenium.remote.codec.w3c.W3CHttpResponseCodec.decode(W3CHttpResponseCodec.java:50)
at org.openqa.selenium.remote.HttpCommandExecutor.execute(HttpCommandExecutor.java:190)
at org.openqa.selenium.remote.service.DriverCommandExecutor.invokeExecute(DriverCommandExecutor.java:216)
at org.openqa.selenium.remote.service.DriverCommandExecutor.execute(DriverCommandExecutor.java:174)
at org.openqa.selenium.remote.RemoteWebDriver.execute(RemoteWebDriver.java:518)
at org.openqa.selenium.remote.RemoteWebElement.execute(RemoteWebElement.java:223)
at org.openqa.selenium.remote.RemoteWebElement.click(RemoteWebElement.java:76)
at org.openqa.selenium.support.ui.Select.setSelected(Select.java:315)
at org.openqa.selenium.support.ui.Select.selectByVisibleText(Select.java:119)
at pages.SignUpPage.signUp_InValidCred(SignUpPage.java:148)
at test.SignUpTest.signUp_InValidCredential(SignUpTest.java:19)
at java.base/jdk.internal.reflect.NativeMethodAccessorImpl.invoke0(Native Method)
at java.base/jdk.internal.reflect.NativeMethodAccessorImpl.invoke(NativeMethodAccessorImpl.java:77)
at java.base/jdk.internal.reflect.DelegatingMethodAccessorImpl.invoke(DelegatingMethodAccessorImpl.java:43)
at java.base/java.lang.reflect.Method.invoke(Method.java:568)
at org.testng.internal.invokers.MethodInvocationHelper.invokeMethod(MethodInvocationHelper.java:141)
at org.testng.internal.invokers.TestInvoker.invokeMethod(TestInvoker.java:686)
at org.testng.internal.invokers.TestInvoker.invokeTestMethod(TestInvoker.java:230)
at org.testng.internal.invokers.MethodRunner.runInSequence(MethodRunner.java:63)
at org.testng.internal.invokers.TestInvoker$MethodInvocationAgent.invoke(TestInvoker.java:992)
at org.testng.internal.invokers.TestInvoker.invokeTestMethods(TestInvoker.java:203)
at org.testng.internal.invokers.TestMethodWorker.invokeTestMethods(TestMethodWorker.java:154)
at org.testng.internal.invokers.TestMethodWorker.run(TestMethodWorker.java:134)
at java.base/java.util.ArrayList.forEach(ArrayList.java:1511)
at org.testng.TestRunner.privateRun(TestRunner.java:739)
at org.testng.TestRunner.run(TestRunner.java:614)
at org.testng.SuiteRunner.runTest(SuiteRunner.java:421)
at org.testng.SuiteRunner.runSequentially(SuiteRunner.java:413)
at org.testng.SuiteRunner.privateRun(SuiteRunner.java:373)
at org.testng.SuiteRunner.run(SuiteRunner.java:312)
at org.testng.SuiteRunnerWorker.runSuite(SuiteRunnerWorker.java:52)
at org.testng.SuiteRunnerWorker.run(SuiteRunnerWorker.java:95)
at org.testng.TestNG.runSuitesSequentially(TestNG.java:1274)
at org.testng.TestNG.runSuitesLocally(TestNG.java:1208)
at org.testng.TestNG.runSuites(TestNG.java:1112)
at org.testng.TestNG.run(TestNG.java:1079)
at org.testng.remote.AbstractRemoteTestNG.run(AbstractRemoteTestNG.java:115)
at org.testng.remote.RemoteTestNG.initAndRun(RemoteTestNG.java:293)
at org.testng.remote.RemoteTestNG.main(RemoteTestNG.java:91)
]]>
            </full-stacktrace>
          </exception> <!-- org.openqa.selenium.ElementClickInterceptedException -->
          <reporter-output>
          </reporter-output>
        </test-method> <!-- signUp_InValidCredential -->
        <test-method is-config="true" signature="closeBrowser()[pri:0, instance:test.SignUpTest@1ebea008]" started-at="2024-06-27T23:34:45 IST" name="closeBrowser" finished-at="2024-06-27T23:34:47 IST" duration-ms="1856" status="PASS">
          <reporter-output>
          </reporter-output>
        </test-method> <!-- closeBrowser -->
      </class> <!-- test.SignUpTest -->
      <class name="test.FlightSelectionTest">
        <test-method is-config="true" signature="launchBrowser(java.lang.String,java.lang.String)[pri:0, instance:test.FlightSelectionTest@7de62196]" started-at="2024-06-27T23:37:16 IST" name="launchBrowser" finished-at="2024-06-27T23:37:29 IST" duration-ms="13166" status="PASS">
          <params>
            <param index="0">
              <value>
                <![CDATA[firefox]]>
              </value>
            </param>
            <param index="1">
              <value>
                <![CDATA[https://www.spicejet.com/]]>
              </value>
            </param>
          </params>
          <reporter-output>
          </reporter-output>
        </test-method> <!-- launchBrowser -->
        <test-method signature="flightSelection_OneWayBooking(java.lang.String,java.lang.String,java.lang.String,java.lang.String,java.lang.String,java.lang.String,java.lang.String,java.lang.String,java.lang.String)[pri:1, instance:test.FlightSelectionTest@7de62196]" started-at="2024-06-27T23:37:29 IST" name="flightSelection_OneWayBooking" data-provider="selectDepartureFlight" finished-at="2024-06-27T23:38:10 IST" duration-ms="40801" status="PASS">
          <params>
            <param index="0">
              <value>
                <![CDATA[qaautomationtest111@gmail.com]]>
              </value>
            </param>
            <param index="1">
              <value>
                <![CDATA[Automation@123]]>
              </value>
            </param>
            <param index="2">
              <value>
                <![CDATA[Bengaluru]]>
              </value>
            </param>
            <param index="3">
              <value>
                <![CDATA[Kolkata]]>
              </value>
            </param>
            <param index="4">
              <value>
                <![CDATA[25]]>
              </value>
            </param>
            <param index="5">
              <value>
                <![CDATA[July]]>
              </value>
            </param>
            <param index="6">
              <value>
                <![CDATA[2024]]>
              </value>
            </param>
            <param index="7">
              <value>
                <![CDATA[SG 8531]]>
              </value>
            </param>
            <param index="8">
              <value>
                <![CDATA[SpiceMax]]>
              </value>
            </param>
          </params>
          <reporter-output>
          </reporter-output>
        </test-method> <!-- flightSelection_OneWayBooking -->
        <test-method is-config="true" signature="closeBrowser()[pri:0, instance:test.FlightSelectionTest@7de62196]" started-at="2024-06-27T23:38:10 IST" name="closeBrowser" finished-at="2024-06-27T23:38:12 IST" duration-ms="1722" status="PASS">
          <reporter-output>
          </reporter-output>
        </test-method> <!-- closeBrowser -->
        <test-method is-config="true" signature="launchBrowser(java.lang.String,java.lang.String)[pri:0, instance:test.FlightSelectionTest@7de62196]" started-at="2024-06-27T23:38:12 IST" name="launchBrowser" finished-at="2024-06-27T23:38:23 IST" duration-ms="11053" status="PASS">
          <params>
            <param index="0">
              <value>
                <![CDATA[firefox]]>
              </value>
            </param>
            <param index="1">
              <value>
                <![CDATA[https://www.spicejet.com/]]>
              </value>
            </param>
          </params>
          <reporter-output>
          </reporter-output>
        </test-method> <!-- launchBrowser -->
        <test-method signature="flightSelection_RoundTripBooking(java.lang.String,java.lang.String,java.lang.String,java.lang.String,java.lang.String,java.lang.String,java.lang.String,java.lang.String,java.lang.String,java.lang.String,java.lang.String,java.lang.String,java.lang.String,java.lang.String)[pri:2, instance:test.FlightSelectionTest@7de62196]" started-at="2024-06-27T23:38:23 IST" name="flightSelection_RoundTripBooking" data-provider="selectReturnFlight" finished-at="2024-06-27T23:39:12 IST" duration-ms="49489" status="PASS">
          <params>
            <param index="0">
              <value>
                <![CDATA[qaautomationtest111@gmail.com]]>
              </value>
            </param>
            <param index="1">
              <value>
                <![CDATA[Automation@123]]>
              </value>
            </param>
            <param index="2">
              <value>
                <![CDATA[Bengaluru]]>
              </value>
            </param>
            <param index="3">
              <value>
                <![CDATA[Kolkata]]>
              </value>
            </param>
            <param index="4">
              <value>
                <![CDATA[25]]>
              </value>
            </param>
            <param index="5">
              <value>
                <![CDATA[July]]>
              </value>
            </param>
            <param index="6">
              <value>
                <![CDATA[2024]]>
              </value>
            </param>
            <param index="7">
              <value>
                <![CDATA[30]]>
              </value>
            </param>
            <param index="8">
              <value>
                <![CDATA[July]]>
              </value>
            </param>
            <param index="9">
              <value>
                <![CDATA[2024]]>
              </value>
            </param>
            <param index="10">
              <value>
                <![CDATA[SG 8531]]>
              </value>
            </param>
            <param index="11">
              <value>
                <![CDATA[SpiceMax]]>
              </value>
            </param>
            <param index="12">
              <value>
                <![CDATA[SG 8532]]>
              </value>
            </param>
            <param index="13">
              <value>
                <![CDATA[SpiceFlex]]>
              </value>
            </param>
          </params>
          <reporter-output>
          </reporter-output>
        </test-method> <!-- flightSelection_RoundTripBooking -->
        <test-method is-config="true" signature="closeBrowser()[pri:0, instance:test.FlightSelectionTest@7de62196]" started-at="2024-06-27T23:39:12 IST" name="closeBrowser" finished-at="2024-06-27T23:39:14 IST" duration-ms="1700" status="PASS">
          <reporter-output>
          </reporter-output>
        </test-method> <!-- closeBrowser -->
      </class> <!-- test.FlightSelectionTest -->
      <class name="test.SearchFlightTest">
        <test-method is-config="true" signature="launchBrowser(java.lang.String,java.lang.String)[pri:0, instance:test.SearchFlightTest@1787f2a0]" started-at="2024-06-27T23:35:08 IST" name="launchBrowser" finished-at="2024-06-27T23:35:19 IST" duration-ms="10724" status="PASS">
          <params>
            <param index="0">
              <value>
                <![CDATA[firefox]]>
              </value>
            </param>
            <param index="1">
              <value>
                <![CDATA[https://www.spicejet.com/]]>
              </value>
            </param>
          </params>
          <reporter-output>
          </reporter-output>
        </test-method> <!-- launchBrowser -->
        <test-method signature="oneWayBooking(java.lang.String,java.lang.String,java.lang.String,java.lang.String,java.lang.String,java.lang.String,java.lang.String)[pri:1, instance:test.SearchFlightTest@1787f2a0]" started-at="2024-06-27T23:35:19 IST" name="oneWayBooking" data-provider="oneWayDetails" finished-at="2024-06-27T23:35:24 IST" duration-ms="4640" status="PASS">
          <params>
            <param index="0">
              <value>
                <![CDATA[qaautomationtest111@gmail.com]]>
              </value>
            </param>
            <param index="1">
              <value>
                <![CDATA[Automation@123]]>
              </value>
            </param>
            <param index="2">
              <value>
                <![CDATA[Bengaluru]]>
              </value>
            </param>
            <param index="3">
              <value>
                <![CDATA[Kolkata]]>
              </value>
            </param>
            <param index="4">
              <value>
                <![CDATA[25]]>
              </value>
            </param>
            <param index="5">
              <value>
                <![CDATA[July]]>
              </value>
            </param>
            <param index="6">
              <value>
                <![CDATA[2024]]>
              </value>
            </param>
          </params>
          <reporter-output>
          </reporter-output>
        </test-method> <!-- oneWayBooking -->
        <test-method is-config="true" signature="closeBrowser()[pri:0, instance:test.SearchFlightTest@1787f2a0]" started-at="2024-06-27T23:35:24 IST" name="closeBrowser" finished-at="2024-06-27T23:35:26 IST" duration-ms="2215" status="PASS">
          <reporter-output>
          </reporter-output>
        </test-method> <!-- closeBrowser -->
        <test-method is-config="true" signature="launchBrowser(java.lang.String,java.lang.String)[pri:0, instance:test.SearchFlightTest@1787f2a0]" started-at="2024-06-27T23:35:26 IST" name="launchBrowser" finished-at="2024-06-27T23:35:39 IST" duration-ms="13149" status="PASS">
          <params>
            <param index="0">
              <value>
                <![CDATA[firefox]]>
              </value>
            </param>
            <param index="1">
              <value>
                <![CDATA[https://www.spicejet.com/]]>
              </value>
            </param>
          </params>
          <reporter-output>
          </reporter-output>
        </test-method> <!-- launchBrowser -->
        <test-method signature="roundTripBooking(java.lang.String,java.lang.String,java.lang.String,java.lang.String,java.lang.String,java.lang.String,java.lang.String,java.lang.String,java.lang.String,java.lang.String)[pri:2, instance:test.SearchFlightTest@1787f2a0]" started-at="2024-06-27T23:35:39 IST" name="roundTripBooking" data-provider="roundTripDetails" finished-at="2024-06-27T23:35:46 IST" duration-ms="7109" status="PASS">
          <params>
            <param index="0">
              <value>
                <![CDATA[qaautomationtest111@gmail.com]]>
              </value>
            </param>
            <param index="1">
              <value>
                <![CDATA[Automation@123]]>
              </value>
            </param>
            <param index="2">
              <value>
                <![CDATA[Bengaluru]]>
              </value>
            </param>
            <param index="3">
              <value>
                <![CDATA[Kolkata]]>
              </value>
            </param>
            <param index="4">
              <value>
                <![CDATA[25]]>
              </value>
            </param>
            <param index="5">
              <value>
                <![CDATA[July]]>
              </value>
            </param>
            <param index="6">
              <value>
                <![CDATA[2024]]>
              </value>
            </param>
            <param index="7">
              <value>
                <![CDATA[30]]>
              </value>
            </param>
            <param index="8">
              <value>
                <![CDATA[July]]>
              </value>
            </param>
            <param index="9">
              <value>
                <![CDATA[2024]]>
              </value>
            </param>
          </params>
          <reporter-output>
          </reporter-output>
        </test-method> <!-- roundTripBooking -->
        <test-method is-config="true" signature="closeBrowser()[pri:0, instance:test.SearchFlightTest@1787f2a0]" started-at="2024-06-27T23:35:46 IST" name="closeBrowser" finished-at="2024-06-27T23:35:48 IST" duration-ms="2251" status="PASS">
          <reporter-output>
          </reporter-output>
        </test-method> <!-- closeBrowser -->
        <test-method is-config="true" signature="launchBrowser(java.lang.String,java.lang.String)[pri:0, instance:test.SearchFlightTest@1787f2a0]" started-at="2024-06-27T23:35:48 IST" name="launchBrowser" finished-at="2024-06-27T23:36:00 IST" duration-ms="11317" status="PASS">
          <params>
            <param index="0">
              <value>
                <![CDATA[firefox]]>
              </value>
            </param>
            <param index="1">
              <value>
                <![CDATA[https://www.spicejet.com/]]>
              </value>
            </param>
          </params>
          <reporter-output>
          </reporter-output>
        </test-method> <!-- launchBrowser -->
        <test-method signature="performWebCheckIn(java.lang.String,java.lang.String)[pri:3, instance:test.SearchFlightTest@1787f2a0]" started-at="2024-06-27T23:36:00 IST" name="performWebCheckIn" data-provider="checkInDetails" finished-at="2024-06-27T23:36:02 IST" duration-ms="1887" status="PASS">
          <params>
            <param index="0">
              <value>
                <![CDATA[1234]]>
              </value>
            </param>
            <param index="1">
              <value>
                <![CDATA[qaautomationtest111@gmail.com]]>
              </value>
            </param>
          </params>
          <reporter-output>
          </reporter-output>
        </test-method> <!-- performWebCheckIn -->
        <test-method is-config="true" signature="closeBrowser()[pri:0, instance:test.SearchFlightTest@1787f2a0]" started-at="2024-06-27T23:36:02 IST" name="closeBrowser" finished-at="2024-06-27T23:36:04 IST" duration-ms="1952" status="PASS">
          <reporter-output>
          </reporter-output>
        </test-method> <!-- closeBrowser -->
        <test-method is-config="true" signature="launchBrowser(java.lang.String,java.lang.String)[pri:0, instance:test.SearchFlightTest@1787f2a0]" started-at="2024-06-27T23:36:04 IST" name="launchBrowser" finished-at="2024-06-27T23:36:15 IST" duration-ms="11181" status="PASS">
          <params>
            <param index="0">
              <value>
                <![CDATA[firefox]]>
              </value>
            </param>
            <param index="1">
              <value>
                <![CDATA[https://www.spicejet.com/]]>
              </value>
            </param>
          </params>
          <reporter-output>
          </reporter-output>
        </test-method> <!-- launchBrowser -->
        <test-method signature="checkFlightStatus(java.lang.String,java.lang.String,java.lang.String,java.lang.String)[pri:4, instance:test.SearchFlightTest@1787f2a0]" started-at="2024-06-27T23:36:15 IST" name="checkFlightStatus" data-provider="flightStatusDetails" finished-at="2024-06-27T23:36:20 IST" duration-ms="4814" status="PASS">
          <params>
            <param index="0">
              <value>
                <![CDATA[Today]]>
              </value>
            </param>
            <param index="1">
              <value>
                <![CDATA[Bengaluru]]>
              </value>
            </param>
            <param index="2">
              <value>
                <![CDATA[Kolkata]]>
              </value>
            </param>
            <param index="3">
              <value>
                <![CDATA[SG 8531]]>
              </value>
            </param>
          </params>
          <reporter-output>
          </reporter-output>
        </test-method> <!-- checkFlightStatus -->
        <test-method is-config="true" signature="closeBrowser()[pri:0, instance:test.SearchFlightTest@1787f2a0]" started-at="2024-06-27T23:36:20 IST" name="closeBrowser" finished-at="2024-06-27T23:36:22 IST" duration-ms="2058" status="PASS">
          <reporter-output>
          </reporter-output>
        </test-method> <!-- closeBrowser -->
        <test-method is-config="true" signature="launchBrowser(java.lang.String,java.lang.String)[pri:0, instance:test.SearchFlightTest@1787f2a0]" started-at="2024-06-27T23:36:22 IST" name="launchBrowser" finished-at="2024-06-27T23:36:33 IST" duration-ms="11131" status="PASS">
          <params>
            <param index="0">
              <value>
                <![CDATA[firefox]]>
              </value>
            </param>
            <param index="1">
              <value>
                <![CDATA[https://www.spicejet.com/]]>
              </value>
            </param>
          </params>
          <reporter-output>
          </reporter-output>
        </test-method> <!-- launchBrowser -->
        <test-method signature="manageBooking(java.lang.String,java.lang.String,java.lang.String)[pri:5, instance:test.SearchFlightTest@1787f2a0]" started-at="2024-06-27T23:36:33 IST" name="manageBooking" data-provider="manageBookingDetails" finished-at="2024-06-27T23:37:14 IST" duration-ms="40991" status="PASS">
          <params>
            <param index="0">
              <value>
                <![CDATA[2345]]>
              </value>
            </param>
            <param index="1">
              <value>
                <![CDATA[qaautomationtest111@gmail.com]]>
              </value>
            </param>
            <param index="2">
              <value>
                <![CDATA[Automation@123]]>
              </value>
            </param>
          </params>
          <reporter-output>
          </reporter-output>
        </test-method> <!-- manageBooking -->
        <test-method is-config="true" signature="closeBrowser()[pri:0, instance:test.SearchFlightTest@1787f2a0]" started-at="2024-06-27T23:37:14 IST" name="closeBrowser" finished-at="2024-06-27T23:37:16 IST" duration-ms="1869" status="PASS">
          <reporter-output>
          </reporter-output>
        </test-method> <!-- closeBrowser -->
      </class> <!-- test.SearchFlightTest -->
      <class name="test.BookingTest">
        <test-method is-config="true" signature="launchBrowser(java.lang.String,java.lang.String)[pri:0, instance:test.BookingTest@163370c2]" started-at="2024-06-27T23:39:14 IST" name="launchBrowser" finished-at="2024-06-27T23:39:25 IST" duration-ms="11236" status="PASS">
          <params>
            <param index="0">
              <value>
                <![CDATA[firefox]]>
              </value>
            </param>
            <param index="1">
              <value>
                <![CDATA[https://www.spicejet.com/]]>
              </value>
            </param>
          </params>
          <reporter-output>
          </reporter-output>
        </test-method> <!-- launchBrowser -->
        <test-method signature="bookingDetails(java.lang.String,java.lang.String,java.lang.String,java.lang.String,java.lang.String,java.lang.String,java.lang.String,java.lang.String,java.lang.String,java.lang.String,java.lang.String,java.lang.String,java.lang.String,java.lang.String,java.lang.String,java.lang.String)[pri:1, instance:test.BookingTest@163370c2]" started-at="2024-06-27T23:39:25 IST" name="bookingDetails" data-provider="bookingDetails" finished-at="2024-06-27T23:40:21 IST" duration-ms="55917" status="PASS">
          <params>
            <param index="0">
              <value>
                <![CDATA[qaautomationtest111@gmail.com]]>
              </value>
            </param>
            <param index="1">
              <value>
                <![CDATA[Automation@123]]>
              </value>
            </param>
            <param index="2">
              <value>
                <![CDATA[Bengaluru]]>
              </value>
            </param>
            <param index="3">
              <value>
                <![CDATA[Kolkata]]>
              </value>
            </param>
            <param index="4">
              <value>
                <![CDATA[25]]>
              </value>
            </param>
            <param index="5">
              <value>
                <![CDATA[July]]>
              </value>
            </param>
            <param index="6">
              <value>
                <![CDATA[2024]]>
              </value>
            </param>
            <param index="7">
              <value>
                <![CDATA[SG 8531]]>
              </value>
            </param>
            <param index="8">
              <value>
                <![CDATA[SpiceMax]]>
              </value>
            </param>
            <param index="9">
              <value>
                <![CDATA[Miss]]>
              </value>
            </param>
            <param index="10">
              <value>
                <![CDATA[Manya]]>
              </value>
            </param>
            <param index="11">
              <value>
                <![CDATA[Krish]]>
              </value>
            </param>
            <param index="12">
              <value>
                <![CDATA[9876543210]]>
              </value>
            </param>
            <param index="13">
              <value>
                <![CDATA[qaautomationtest111@gmail.com]]>
              </value>
            </param>
            <param index="14">
              <value>
                <![CDATA[India]]>
              </value>
            </param>
            <param index="15">
              <value>
                <![CDATA[Delhi]]>
              </value>
            </param>
          </params>
          <reporter-output>
          </reporter-output>
        </test-method> <!-- bookingDetails -->
        <test-method is-config="true" signature="closeBrowser()[pri:0, instance:test.BookingTest@163370c2]" started-at="2024-06-27T23:40:21 IST" name="closeBrowser" finished-at="2024-06-27T23:40:23 IST" duration-ms="1660" status="PASS">
          <reporter-output>
          </reporter-output>
        </test-method> <!-- closeBrowser -->
      </class> <!-- test.BookingTest -->
      <class name="test.PrePaymentTest">
        <test-method is-config="true" signature="launchBrowser(java.lang.String,java.lang.String)[pri:0, instance:test.PrePaymentTest@7905a0b8]" started-at="2024-06-27T23:41:27 IST" name="launchBrowser" finished-at="2024-06-27T23:41:43 IST" duration-ms="16377" status="PASS">
          <params>
            <param index="0">
              <value>
                <![CDATA[firefox]]>
              </value>
            </param>
            <param index="1">
              <value>
                <![CDATA[https://www.spicejet.com/]]>
              </value>
            </param>
          </params>
          <reporter-output>
          </reporter-output>
        </test-method> <!-- launchBrowser -->
        <test-method signature="selectPaymentMethods(java.lang.String,java.lang.String,java.lang.String,java.lang.String,java.lang.String,java.lang.String,java.lang.String,java.lang.String,java.lang.String,java.lang.String,java.lang.String,java.lang.String,java.lang.String,java.lang.String,java.lang.String,java.lang.String,java.lang.String,java.lang.String,java.lang.String,java.lang.String,java.lang.String,java.lang.String,java.lang.String)[pri:1, instance:test.PrePaymentTest@7905a0b8]" started-at="2024-06-27T23:41:43 IST" name="selectPaymentMethods" data-provider="paymentDetails" finished-at="2024-06-27T23:42:33 IST" duration-ms="49934" status="FAIL">
          <params>
            <param index="0">
              <value>
                <![CDATA[qaautomationtest111@gmail.com]]>
              </value>
            </param>
            <param index="1">
              <value>
                <![CDATA[Automation@123]]>
              </value>
            </param>
            <param index="2">
              <value>
                <![CDATA[Bengaluru]]>
              </value>
            </param>
            <param index="3">
              <value>
                <![CDATA[Kolkata]]>
              </value>
            </param>
            <param index="4">
              <value>
                <![CDATA[25]]>
              </value>
            </param>
            <param index="5">
              <value>
                <![CDATA[July]]>
              </value>
            </param>
            <param index="6">
              <value>
                <![CDATA[2024]]>
              </value>
            </param>
            <param index="7">
              <value>
                <![CDATA[SG 8531]]>
              </value>
            </param>
            <param index="8">
              <value>
                <![CDATA[SpiceMax]]>
              </value>
            </param>
            <param index="9">
              <value>
                <![CDATA[Miss]]>
              </value>
            </param>
            <param index="10">
              <value>
                <![CDATA[Manya]]>
              </value>
            </param>
            <param index="11">
              <value>
                <![CDATA[Krish]]>
              </value>
            </param>
            <param index="12">
              <value>
                <![CDATA[9876543210]]>
              </value>
            </param>
            <param index="13">
              <value>
                <![CDATA[qaautomationtest111@gmail.com]]>
              </value>
            </param>
            <param index="14">
              <value>
                <![CDATA[India]]>
              </value>
            </param>
            <param index="15">
              <value>
                <![CDATA[Delhi]]>
              </value>
            </param>
            <param index="16">
              <value>
                <![CDATA[3B]]>
              </value>
            </param>
            <param index="17">
              <value>
                <![CDATA[Raseele chole]]>
              </value>
            </param>
            <param index="18">
              <value>
                <![CDATA[12345]]>
              </value>
            </param>
            <param index="19">
              <value>
                <![CDATA[Manya]]>
              </value>
            </param>
            <param index="20">
              <value>
                <![CDATA[12]]>
              </value>
            </param>
            <param index="21">
              <value>
                <![CDATA[28]]>
              </value>
            </param>
            <param index="22">
              <value>
                <![CDATA[321]]>
              </value>
            </param>
          </params>
          <exception class="org.openqa.selenium.ElementClickInterceptedException">
            <message>
              <![CDATA[Element <div class="css-1dbjc4n r-1awozwy r-1xfd6ze r-1loqt21 r-18u37iz r-1777fci r-1w50u8q r-ah5dr5 r-1otgn73"> is not clickable at point (1144,592) because another element <div class="css-1dbjc4n r-1awozwy r-1fdnko3 r-13awgt0 r-1777fci"> obscures it
Build info: version: '4.20.0', revision: '866c76ca80'
System info: os.name: 'Windows 10', os.arch: 'amd64', os.version: '10.0', java.version: '17.0.10'
Driver info: org.openqa.selenium.firefox.FirefoxDriver
Command: [18658104-96bc-4de6-a9df-f67a46c244b2, clickElement {id=6b66ffe5-5ffb-4cac-9c1c-add153959256}]
Capabilities {acceptInsecureCerts: true, browserName: firefox, browserVersion: 127.0.2, moz:accessibilityChecks: false, moz:buildID: 20240624183754, moz:debuggerAddress: 127.0.0.1:31313, moz:geckodriverVersion: 0.34.0, moz:headless: false, moz:platformVersion: 10.0, moz:processID: 16464, moz:profile: C:\Users\Admin\AppData\Loca..., moz:shutdownTimeout: 60000, moz:webdriverClick: true, moz:windowless: false, pageLoadStrategy: normal, platformName: windows, proxy: Proxy(), se:cdp: ws://127.0.0.1:31313/devtoo..., se:cdpVersion: 85.0, setWindowRect: true, strictFileInteractability: false, timeouts: {implicit: 0, pageLoad: 300000, script: 30000}, unhandledPromptBehavior: dismiss and notify, userAgent: Mozilla/5.0 (Windows NT 10....}
Element: [[FirefoxDriver: firefox on windows (18658104-96bc-4de6-a9df-f67a46c244b2)] -> xpath: //div[@data-testid='continue-search-page-cta']]
Session ID: 18658104-96bc-4de6-a9df-f67a46c244b2]]>
            </message>
            <full-stacktrace>
              <![CDATA[org.openqa.selenium.ElementClickInterceptedException: Element <div class="css-1dbjc4n r-1awozwy r-1xfd6ze r-1loqt21 r-18u37iz r-1777fci r-1w50u8q r-ah5dr5 r-1otgn73"> is not clickable at point (1144,592) because another element <div class="css-1dbjc4n r-1awozwy r-1fdnko3 r-13awgt0 r-1777fci"> obscures it
Build info: version: '4.20.0', revision: '866c76ca80'
System info: os.name: 'Windows 10', os.arch: 'amd64', os.version: '10.0', java.version: '17.0.10'
Driver info: org.openqa.selenium.firefox.FirefoxDriver
Command: [18658104-96bc-4de6-a9df-f67a46c244b2, clickElement {id=6b66ffe5-5ffb-4cac-9c1c-add153959256}]
Capabilities {acceptInsecureCerts: true, browserName: firefox, browserVersion: 127.0.2, moz:accessibilityChecks: false, moz:buildID: 20240624183754, moz:debuggerAddress: 127.0.0.1:31313, moz:geckodriverVersion: 0.34.0, moz:headless: false, moz:platformVersion: 10.0, moz:processID: 16464, moz:profile: C:\Users\Admin\AppData\Loca..., moz:shutdownTimeout: 60000, moz:webdriverClick: true, moz:windowless: false, pageLoadStrategy: normal, platformName: windows, proxy: Proxy(), se:cdp: ws://127.0.0.1:31313/devtoo..., se:cdpVersion: 85.0, setWindowRect: true, strictFileInteractability: false, timeouts: {implicit: 0, pageLoad: 300000, script: 30000}, unhandledPromptBehavior: dismiss and notify, userAgent: Mozilla/5.0 (Windows NT 10....}
Element: [[FirefoxDriver: firefox on windows (18658104-96bc-4de6-a9df-f67a46c244b2)] -> xpath: //div[@data-testid='continue-search-page-cta']]
Session ID: 18658104-96bc-4de6-a9df-f67a46c244b2
at java.base/jdk.internal.reflect.NativeConstructorAccessorImpl.newInstance0(Native Method)
at java.base/jdk.internal.reflect.NativeConstructorAccessorImpl.newInstance(NativeConstructorAccessorImpl.java:77)
at java.base/jdk.internal.reflect.DelegatingConstructorAccessorImpl.newInstance(DelegatingConstructorAccessorImpl.java:45)
at java.base/java.lang.reflect.Constructor.newInstanceWithCaller(Constructor.java:499)
at java.base/java.lang.reflect.Constructor.newInstance(Constructor.java:480)
at org.openqa.selenium.remote.ErrorCodec.decode(ErrorCodec.java:167)
at org.openqa.selenium.remote.codec.w3c.W3CHttpResponseCodec.decode(W3CHttpResponseCodec.java:138)
at org.openqa.selenium.remote.codec.w3c.W3CHttpResponseCodec.decode(W3CHttpResponseCodec.java:50)
at org.openqa.selenium.remote.HttpCommandExecutor.execute(HttpCommandExecutor.java:190)
at org.openqa.selenium.remote.service.DriverCommandExecutor.invokeExecute(DriverCommandExecutor.java:216)
at org.openqa.selenium.remote.service.DriverCommandExecutor.execute(DriverCommandExecutor.java:174)
at org.openqa.selenium.remote.RemoteWebDriver.execute(RemoteWebDriver.java:518)
at org.openqa.selenium.remote.RemoteWebElement.execute(RemoteWebElement.java:223)
at org.openqa.selenium.remote.RemoteWebElement.click(RemoteWebElement.java:76)
at jdk.internal.reflect.GeneratedMethodAccessor1.invoke(Unknown Source)
at java.base/jdk.internal.reflect.DelegatingMethodAccessorImpl.invoke(DelegatingMethodAccessorImpl.java:43)
at java.base/java.lang.reflect.Method.invoke(Method.java:568)
at org.openqa.selenium.support.pagefactory.internal.LocatingElementHandler.invoke(LocatingElementHandler.java:51)
at jdk.proxy2/jdk.proxy2.$Proxy19.click(Unknown Source)
at pages.SelectFlightPage.selectDepartureFlight(SelectFlightPage.java:35)
at test.PrePaymentTest.selectPaymentMethods(PrePaymentTest.java:30)
at java.base/jdk.internal.reflect.NativeMethodAccessorImpl.invoke0(Native Method)
at java.base/jdk.internal.reflect.NativeMethodAccessorImpl.invoke(NativeMethodAccessorImpl.java:77)
at java.base/jdk.internal.reflect.DelegatingMethodAccessorImpl.invoke(DelegatingMethodAccessorImpl.java:43)
at java.base/java.lang.reflect.Method.invoke(Method.java:568)
at org.testng.internal.invokers.MethodInvocationHelper.invokeMethod(MethodInvocationHelper.java:141)
at org.testng.internal.invokers.TestInvoker.invokeMethod(TestInvoker.java:686)
at org.testng.internal.invokers.TestInvoker.invokeTestMethod(TestInvoker.java:230)
at org.testng.internal.invokers.MethodRunner.runInSequence(MethodRunner.java:63)
at org.testng.internal.invokers.TestInvoker$MethodInvocationAgent.invoke(TestInvoker.java:992)
at org.testng.internal.invokers.TestInvoker.invokeTestMethods(TestInvoker.java:203)
at org.testng.internal.invokers.TestMethodWorker.invokeTestMethods(TestMethodWorker.java:154)
at org.testng.internal.invokers.TestMethodWorker.run(TestMethodWorker.java:134)
at java.base/java.util.ArrayList.forEach(ArrayList.java:1511)
at org.testng.TestRunner.privateRun(TestRunner.java:739)
at org.testng.TestRunner.run(TestRunner.java:614)
at org.testng.SuiteRunner.runTest(SuiteRunner.java:421)
at org.testng.SuiteRunner.runSequentially(SuiteRunner.java:413)
at org.testng.SuiteRunner.privateRun(SuiteRunner.java:373)
at org.testng.SuiteRunner.run(SuiteRunner.java:312)
at org.testng.SuiteRunnerWorker.runSuite(SuiteRunnerWorker.java:52)
at org.testng.SuiteRunnerWorker.run(SuiteRunnerWorker.java:95)
at org.testng.TestNG.runSuitesSequentially(TestNG.java:1274)
at org.testng.TestNG.runSuitesLocally(TestNG.java:1208)
at org.testng.TestNG.runSuites(TestNG.java:1112)
at org.testng.TestNG.run(TestNG.java:1079)
at org.testng.remote.AbstractRemoteTestNG.run(AbstractRemoteTestNG.java:115)
at org.testng.remote.RemoteTestNG.initAndRun(RemoteTestNG.java:293)
at org.testng.remote.RemoteTestNG.main(RemoteTestNG.java:91)
]]>
            </full-stacktrace>
          </exception> <!-- org.openqa.selenium.ElementClickInterceptedException -->
          <reporter-output>
          </reporter-output>
        </test-method> <!-- selectPaymentMethods -->
        <test-method is-config="true" signature="closeBrowser()[pri:0, instance:test.PrePaymentTest@7905a0b8]" started-at="2024-06-27T23:42:33 IST" name="closeBrowser" finished-at="2024-06-27T23:42:35 IST" duration-ms="1484" status="PASS">
          <reporter-output>
          </reporter-output>
        </test-method> <!-- closeBrowser -->
      </class> <!-- test.PrePaymentTest -->
    </test> <!-- FirefoxTest -->
  </suite> <!-- Suite -->
</testng-results>
